Log file open, 10/01/22 09:59:56
LogWindows: Failed to load 'aqProf.dll' (GetLastError=126)
LogWindows: File 'aqProf.dll' does not exist
LogWindows: Failed to load 'VtuneApi.dll' (GetLastError=126)
LogWindows: File 'VtuneApi.dll' does not exist
LogWindows: Failed to load 'VtuneApi32e.dll' (GetLastError=126)
LogWindows: File 'VtuneApi32e.dll' does not exist
LogConsoleResponse: Display: Failed to find resolution value strings in scalability ini. Falling back to default.
LogConsoleResponse: Display: Failed to find resolution value strings in scalability ini. Falling back to default.
LogInit: Display: Running engine for game: LunarEscape
LogPlatformFile: Not using cached read wrapper
LogTaskGraph: Started task graph with 5 named threads and 23 total threads with 3 sets of task threads.
LogStats: Stats thread started at 0.494683
LogICUInternationalization: ICU TimeZone Detection - Raw Offset: -5:00, Platform Override: ''
LogInit: Display: Loading text-based GConfig....
LogPluginManager: Mounting plugin MeshPainting
LogPluginManager: Mounting plugin XGEController
LogPluginManager: Mounting plugin AISupport
LogPluginManager: Mounting plugin Paper2D
LogPluginManager: Mounting plugin EnvironmentQueryEditor
LogPluginManager: Mounting plugin LightPropagationVolume
LogPluginManager: Mounting plugin LiveLink
LogPluginManager: Mounting plugin CameraShakePreviewer
LogPluginManager: Mounting plugin GameplayCameras
LogPluginManager: Mounting plugin AnimationSharing
LogPluginManager: Mounting plugin CodeLiteSourceCodeAccess
LogPluginManager: Mounting plugin CLionSourceCodeAccess
LogPluginManager: Mounting plugin NullSourceCodeAccess
LogPluginManager: Mounting plugin KDevelopSourceCodeAccess
LogPluginManager: Mounting plugin PerforceSourceControl
LogPluginManager: Mounting plugin PlasticSourceControl
LogPluginManager: Mounting plugin PixWinPlugin
LogPluginManager: Mounting plugin PluginUtils
LogPluginManager: Mounting plugin PropertyAccessNode
LogPluginManager: Mounting plugin RiderSourceCodeAccess
LogPluginManager: Mounting plugin SubversionSourceControl
LogPluginManager: Mounting plugin TextureFormatOodle
LogPluginManager: Mounting plugin UObjectPlugin
LogPluginManager: Mounting plugin XCodeSourceCodeAccess
LogPluginManager: Mounting plugin VisualStudioSourceCodeAccess
LogPluginManager: Mounting plugin OodleData
LogPluginManager: Mounting plugin OodleNetwork
LogPluginManager: Mounting plugin VisualStudioCodeSourceCodeAccess
LogPluginManager: Mounting plugin DatasmithContent
LogPluginManager: Mounting plugin AlembicImporter
LogPluginManager: Mounting plugin VariantManagerContent
LogPluginManager: Mounting plugin AutomationUtils
LogPluginManager: Mounting plugin BackChannel
LogPluginManager: Mounting plugin ChaosCloth
LogPluginManager: Mounting plugin ChaosClothEditor
LogPluginManager: Mounting plugin ChaosEditor
LogPluginManager: Mounting plugin ChaosNiagara
LogPluginManager: Mounting plugin ChaosSolverPlugin
LogPluginManager: Mounting plugin CharacterAI
LogPluginManager: Mounting plugin GeometryCache
LogPluginManager: Mounting plugin AssetManagerEditor
LogPluginManager: Mounting plugin GeometryCollectionPlugin
LogPluginManager: Mounting plugin Niagara
LogPluginManager: Mounting plugin CryptoKeys
LogPluginManager: Mounting plugin CurveEditorTools
LogPluginManager: Mounting plugin DataValidation
LogPluginManager: Mounting plugin FacialAnimation
LogPluginManager: Mounting plugin GameplayTagsEditor
LogPluginManager: Mounting plugin MacGraphicsSwitching
LogPluginManager: Mounting plugin GeometryMode
LogPluginManager: Mounting plugin MaterialAnalyzer
LogPluginManager: Mounting plugin MobileLauncherProfileWizard
LogPluginManager: Mounting plugin PluginBrowser
LogPluginManager: Mounting plugin SpeedTreeImporter
LogPluginManager: Mounting plugin MotoSynth
LogPluginManager: Mounting plugin OpenImageDenoise
LogPluginManager: Mounting plugin PlanarCut
LogPluginManager: Mounting plugin PlatformCrypto
LogPluginManager: Mounting plugin ProxyLODPlugin
LogPluginManager: Mounting plugin PythonScriptPlugin
LogPluginManager: Mounting plugin SkeletalReduction
LogPluginManager: Mounting plugin LuminPlatformFeatures
LogPluginManager: Mounting plugin MagicLeap
LogPluginManager: Mounting plugin MagicLeapLightEstimation
LogPluginManager: Mounting plugin MagicLeapMedia
LogPluginManager: Mounting plugin MagicLeapPassableWorld
LogPluginManager: Mounting plugin MLSDK
LogPluginManager: Mounting plugin AndroidMedia
LogPluginManager: Mounting plugin AvfMedia
LogPluginManager: Mounting plugin ImgMedia
LogPluginManager: Mounting plugin MediaCompositing
LogPluginManager: Mounting plugin MediaPlayerEditor
LogPluginManager: Mounting plugin WebMMedia
LogPluginManager: Mounting plugin WmfMedia
LogPluginManager: Mounting plugin TcpMessaging
LogPluginManager: Mounting plugin UdpMessaging
LogPluginManager: Mounting plugin ActorSequence
LogPluginManager: Mounting plugin LevelSequenceEditor
LogPluginManager: Mounting plugin GitSourceControl
LogPluginManager: Mounting plugin MatineeToLevelSequence
LogPluginManager: Mounting plugin TemplateSequence
LogPluginManager: Mounting plugin OnlineSubsystem
LogPluginManager: Mounting plugin OnlineSubsystemNull
LogPluginManager: Mounting plugin OnlineSubsystemUtils
LogPluginManager: Mounting plugin LauncherChunkInstaller
LogPluginManager: Mounting plugin ActorLayerUtilities
LogPluginManager: Mounting plugin AndroidDeviceProfileSelector
LogPluginManager: Mounting plugin AndroidMoviePlayer
LogPluginManager: Mounting plugin AndroidPermission
LogPluginManager: Mounting plugin AppleImageUtils
LogPluginManager: Mounting plugin AppleMoviePlayer
LogPluginManager: Mounting plugin ArchVisCharacter
LogPluginManager: Mounting plugin AssetTags
LogPluginManager: Mounting plugin AudioCapture
LogPluginManager: Mounting plugin AudioSynesthesia
LogPluginManager: Mounting plugin CableComponent
LogPluginManager: Mounting plugin ChunkDownloader
LogPluginManager: Mounting plugin CustomMeshComponent
LogPluginManager: Mounting plugin EditableMesh
LogPluginManager: Mounting plugin ExampleDeviceProfileSelector
LogPluginManager: Mounting plugin GoogleCloudMessaging
LogPluginManager: Mounting plugin GooglePAD
LogPluginManager: Mounting plugin IOSDeviceProfileSelector
LogPluginManager: Mounting plugin LinuxDeviceProfileSelector
LogPluginManager: Mounting plugin LocationServicesBPLibrary
LogPluginManager: Mounting plugin MobilePatchingUtils
LogPluginManager: Mounting plugin ScreenshotTools
LogPluginManager: Mounting plugin OpenXR
LogPluginManager: Mounting plugin OpenXREyeTracker
LogPluginManager: Mounting plugin OpenXRHandTracking
LogPluginManager: Mounting plugin PhysXVehicles
LogPluginManager: Mounting plugin PostSplashScreen
LogPluginManager: Mounting plugin ProceduralMeshComponent
LogPluginManager: Mounting plugin PropertyAccessEditor
LogPluginManager: Mounting plugin RuntimePhysXCooking
LogPluginManager: Mounting plugin SignificanceManager
LogPluginManager: Mounting plugin SoundFields
LogPluginManager: Mounting plugin Synthesis
LogPluginManager: Mounting plugin WebMMoviePlayer
LogPluginManager: Mounting plugin WindowsMoviePlayer
LogPluginManager: Mounting plugin Takes
LogPluginManager: Mounting plugin GeometryProcessing
LogPluginManager: Mounting plugin ContentBrowserAssetDataSource
LogPluginManager: Mounting plugin ContentBrowserClassDataSource
LogPluginManager: Mounting plugin ContentBrowserFileDataSource
LogPluginManager: Mounting plugin OnlineSubsystemGooglePlay
LogPluginManager: Mounting plugin OnlineSubsystemIOS
LogPluginManager: Mounting plugin OculusVR
LogPluginManager: Mounting plugin SteamVR
PixWinPlugin: PIX capture plugin failed to initialize! Check that the process is launched from PIX.
LogInit: Using libcurl 7.55.1-DEV
LogInit:  - built for x86_64-pc-win32
LogInit:  - supports SSL with OpenSSL/1.1.1
LogInit:  - supports HTTP deflate (compression) using libz 1.2.8
LogInit:  - other features:
LogInit:      CURL_VERSION_SSL
LogInit:      CURL_VERSION_LIBZ
LogInit:      CURL_VERSION_IPV6
LogInit:      CURL_VERSION_ASYNCHDNS
LogInit:      CURL_VERSION_LARGEFILE
LogInit:      CURL_VERSION_IDN
LogInit:  CurlRequestOptions (configurable via config and command line):
LogInit:  - bVerifyPeer = true  - Libcurl will verify peer certificate
LogInit:  - bUseHttpProxy = false  - Libcurl will NOT use HTTP proxy
LogInit:  - bDontReuseConnections = false  - Libcurl will reuse connections
LogInit:  - MaxHostConnections = 16  - Libcurl will limit the number of connections to a host
LogInit:  - LocalHostAddr = Default
LogInit:  - BufferSize = 65536
LogOnline: OSS: Creating online subsystem instance for: NULL
LogInit: WinSock: version 1.1 (2.2), MaxSocks=32767, MaxUdp=65467
LogOnline: OSS: TryLoadSubsystemAndSetDefault: Loaded subsystem for module [NULL]
LogOculusPluginWrapper: OculusPlugin initialized successfully
LogHMD: Failed initializing OVRPlugin 1.59.0
LogInit: Build: ++UE4+Release-4.27-CL-18319896
LogInit: Engine Version: 4.27.2-18319896+++UE4+Release-4.27
LogInit: Compatible Engine Version: 4.27.0-17155196+++UE4+Release-4.27
LogInit: Net CL: 17155196
LogInit: OS: Windows 10 (Release 2009) (), CPU: Intel(R) Core(TM) i7-6700 CPU @ 3.40GHz, GPU: NVIDIA GeForce GTX 1070
LogInit: Compiled (64-bit): Nov 30 2021 07:12:08
LogInit: Compiled with Visual C++: 19.24.28315.00
LogInit: Build Configuration: Development
LogInit: Branch Name: ++UE4+Release-4.27
LogInit: Command Line: 
LogInit: Base Directory: L:/Program Files/Epic Games/UE_4.27/Engine/Binaries/Win64/
LogInit: Allocator: TBB
LogInit: Installed Engine Build: 1
LogDevObjectVersion: Number of dev versions registered: 29
LogDevObjectVersion:   Dev-Blueprints (B0D832E4-1F89-4F0D-ACCF-7EB736FD4AA2): 10
LogDevObjectVersion:   Dev-Build (E1C64328-A22C-4D53-A36C-8E866417BD8C): 0
LogDevObjectVersion:   Dev-Core (375EC13C-06E4-48FB-B500-84F0262A717E): 4
LogDevObjectVersion:   Dev-Editor (E4B068ED-F494-42E9-A231-DA0B2E46BB41): 40
LogDevObjectVersion:   Dev-Framework (CFFC743F-43B0-4480-9391-14DF171D2073): 37
LogDevObjectVersion:   Dev-Mobile (B02B49B5-BB20-44E9-A304-32B752E40360): 3
LogDevObjectVersion:   Dev-Networking (A4E4105C-59A1-49B5-A7C5-40C4547EDFEE): 0
LogDevObjectVersion:   Dev-Online (39C831C9-5AE6-47DC-9A44-9C173E1C8E7C): 0
LogDevObjectVersion:   Dev-Physics (78F01B33-EBEA-4F98-B9B4-84EACCB95AA2): 14
LogDevObjectVersion:   Dev-Platform (6631380F-2D4D-43E0-8009-CF276956A95A): 0
LogDevObjectVersion:   Dev-Rendering (12F88B9F-8875-4AFC-A67C-D90C383ABD29): 45
LogDevObjectVersion:   Dev-Sequencer (7B5AE74C-D270-4C10-A958-57980B212A5A): 13
LogDevObjectVersion:   Dev-VR (D7296918-1DD6-4BDD-9DE2-64A83CC13884): 3
LogDevObjectVersion:   Dev-LoadTimes (C2A15278-BFE7-4AFE-6C17-90FF531DF755): 1
LogDevObjectVersion:   Private-Geometry (6EACA3D4-40EC-4CC1-B786-8BED09428FC5): 3
LogDevObjectVersion:   Dev-AnimPhys (29E575DD-E0A3-4627-9D10-D276232CDCEA): 17
LogDevObjectVersion:   Dev-Anim (AF43A65D-7FD3-4947-9873-3E8ED9C1BB05): 15
LogDevObjectVersion:   Dev-ReflectionCapture (6B266CEC-1EC7-4B8F-A30B-E4D90942FC07): 1
LogDevObjectVersion:   Dev-Automation (0DF73D61-A23F-47EA-B727-89E90C41499A): 1
LogDevObjectVersion:   FortniteMain (601D1886-AC64-4F84-AA16-D3DE0DEAC7D6): 47
LogDevObjectVersion:   FortniteRelease (E7086368-6B23-4C58-8439-1B7016265E91): 1
LogDevObjectVersion:   Dev-Enterprise (9DFFBCD6-494F-0158-E221-12823C92A888): 10
LogDevObjectVersion:   Dev-Niagara (F2AED0AC-9AFE-416F-8664-AA7FFA26D6FC): 1
LogDevObjectVersion:   Dev-Destruction (174F1F0B-B4C6-45A5-B13F-2EE8D0FB917D): 10
LogDevObjectVersion:   Dev-Physics-Ext (35F94A83-E258-406C-A318-09F59610247C): 41
LogDevObjectVersion:   Dev-PhysicsMaterial-Chaos (B68FC16E-8B1B-42E2-B453-215C058844FE): 1
LogDevObjectVersion:   Dev-CineCamera (B2E18506-4273-CFC2-A54E-F4BB758BBA07): 1
LogDevObjectVersion:   Dev-VirtualProduction (64F58936-FD1B-42BA-BA96-7289D5D0FA4E): 1
LogDevObjectVersion:   Dev-MediaFramework (6F0ED827-A609-4895-9C91-998D90180EA4): 2
LogInit: Presizing for max 25165824 objects, including 0 objects not considered by GC, pre-allocating 0 bytes for permanent pool.
LogConfig: Applying CVar settings from Section [/Script/Engine.StreamingSettings] File [L:/CPS353-01-Moon-Game/LunarEscape/Saved/Config/Windows/Engine.ini]
LogConfig: Setting CVar [[s.MinBulkDataSizeForAsyncLoading:131072]]
LogConfig: Setting CVar [[s.AsyncLoadingThreadEnabled:0]]
LogConfig: Setting CVar [[s.EventDrivenLoaderEnabled:1]]
LogConfig: Setting CVar [[s.WarnIfTimeLimitExceeded:0]]
LogConfig: Setting CVar [[s.TimeLimitExceededMultiplier:1.5]]
LogConfig: Setting CVar [[s.TimeLimitExceededMinTime:0.005]]
LogConfig: Setting CVar [[s.UseBackgroundLevelStreaming:1]]
LogConfig: Setting CVar [[s.PriorityAsyncLoadingExtraTime:15.0]]
LogConfig: Setting CVar [[s.LevelStreamingActorsUpdateTimeLimit:5.0]]
LogConfig: Setting CVar [[s.PriorityLevelStreamingActorsUpdateExtraTime:5.0]]
LogConfig: Setting CVar [[s.LevelStreamingComponentsRegistrationGranularity:10]]
LogConfig: Setting CVar [[s.UnregisterComponentsTimeLimit:1.0]]
LogConfig: Setting CVar [[s.LevelStreamingComponentsUnregistrationGranularity:5]]
LogConfig: Setting CVar [[s.FlushStreamingOnExit:1]]
LogInit: Object subsystem initialized
LogConfig: Setting CVar [[con.DebugEarlyDefault:1]]
LogConfig: Setting CVar [[r.setres:1280x720]]
[2022.10.01-13.59.57:665][  0]LogConfig: Setting CVar [[r.VSync:0]]
[2022.10.01-13.59.57:665][  0]LogConfig: Setting CVar [[r.RHICmdBypass:0]]
[2022.10.01-13.59.57:665][  0]LogConfig: Applying CVar settings from Section [/Script/Engine.RendererSettings] File [L:/CPS353-01-Moon-Game/LunarEscape/Saved/Config/Windows/Engine.ini]
[2022.10.01-13.59.57:665][  0]LogConfig: Setting CVar [[r.GPUCrashDebugging:0]]
[2022.10.01-13.59.57:665][  0]LogConfig: Applying CVar settings from Section [/Script/Engine.RendererOverrideSettings] File [L:/CPS353-01-Moon-Game/LunarEscape/Saved/Config/Windows/Engine.ini]
[2022.10.01-13.59.57:665][  0]LogConfig: Applying CVar settings from Section [/Script/Engine.StreamingSettings] File [L:/CPS353-01-Moon-Game/LunarEscape/Saved/Config/Windows/Engine.ini]
[2022.10.01-13.59.57:665][  0]LogConfig: Setting CVar [[s.MinBulkDataSizeForAsyncLoading:131072]]
[2022.10.01-13.59.57:665][  0]LogConfig: Setting CVar [[s.AsyncLoadingThreadEnabled:0]]
[2022.10.01-13.59.57:665][  0]LogConfig: Setting CVar [[s.EventDrivenLoaderEnabled:1]]
[2022.10.01-13.59.57:665][  0]LogConfig: Setting CVar [[s.WarnIfTimeLimitExceeded:0]]
[2022.10.01-13.59.57:665][  0]LogConfig: Setting CVar [[s.TimeLimitExceededMultiplier:1.5]]
[2022.10.01-13.59.57:665][  0]LogConfig: Setting CVar [[s.TimeLimitExceededMinTime:0.005]]
[2022.10.01-13.59.57:665][  0]LogConfig: Setting CVar [[s.UseBackgroundLevelStreaming:1]]
[2022.10.01-13.59.57:665][  0]LogConfig: Setting CVar [[s.PriorityAsyncLoadingExtraTime:15.0]]
[2022.10.01-13.59.57:665][  0]LogConfig: Setting CVar [[s.LevelStreamingActorsUpdateTimeLimit:5.0]]
[2022.10.01-13.59.57:665][  0]LogConfig: Setting CVar [[s.PriorityLevelStreamingActorsUpdateExtraTime:5.0]]
[2022.10.01-13.59.57:665][  0]LogConfig: Setting CVar [[s.LevelStreamingComponentsRegistrationGranularity:10]]
[2022.10.01-13.59.57:665][  0]LogConfig: Setting CVar [[s.UnregisterComponentsTimeLimit:1.0]]
[2022.10.01-13.59.57:665][  0]LogConfig: Setting CVar [[s.LevelStreamingComponentsUnregistrationGranularity:5]]
[2022.10.01-13.59.57:665][  0]LogConfig: Setting CVar [[s.FlushStreamingOnExit:1]]
[2022.10.01-13.59.57:665][  0]LogConfig: Applying CVar settings from Section [/Script/Engine.GarbageCollectionSettings] File [L:/CPS353-01-Moon-Game/LunarEscape/Saved/Config/Windows/Engine.ini]
[2022.10.01-13.59.57:665][  0]LogConfig: Setting CVar [[gc.MaxObjectsNotConsideredByGC:1]]
[2022.10.01-13.59.57:665][  0]LogConfig: Setting CVar [[gc.SizeOfPermanentObjectPool:0]]
[2022.10.01-13.59.57:665][  0]LogConfig: Setting CVar [[gc.FlushStreamingOnGC:0]]
[2022.10.01-13.59.57:665][  0]LogConfig: Setting CVar [[gc.NumRetriesBeforeForcingGC:10]]
[2022.10.01-13.59.57:665][  0]LogConfig: Setting CVar [[gc.AllowParallelGC:1]]
[2022.10.01-13.59.57:665][  0]LogConfig: Setting CVar [[gc.TimeBetweenPurgingPendingKillObjects:61.1]]
[2022.10.01-13.59.57:665][  0]LogConfig: Setting CVar [[gc.MaxObjectsInEditor:25165824]]
[2022.10.01-13.59.57:665][  0]LogConfig: Setting CVar [[gc.IncrementalBeginDestroyEnabled:1]]
[2022.10.01-13.59.57:665][  0]LogConfig: Setting CVar [[gc.CreateGCClusters:1]]
[2022.10.01-13.59.57:665][  0]LogConfig: Setting CVar [[gc.MinGCClusterSize:5]]
[2022.10.01-13.59.57:665][  0]LogConfig: Setting CVar [[gc.ActorClusteringEnabled:0]]
[2022.10.01-13.59.57:665][  0]LogConfig: Setting CVar [[gc.BlueprintClusteringEnabled:0]]
[2022.10.01-13.59.57:665][  0]LogConfig: Setting CVar [[gc.UseDisregardForGCOnDedicatedServers:0]]
[2022.10.01-13.59.57:665][  0]LogConfig: Setting CVar [[gc.MultithreadedDestructionEnabled:1]]
[2022.10.01-13.59.57:665][  0]LogConfig: Applying CVar settings from Section [/Script/Engine.NetworkSettings] File [L:/CPS353-01-Moon-Game/LunarEscape/Saved/Config/Windows/Engine.ini]
[2022.10.01-13.59.57:665][  0]LogConfig: Applying CVar settings from Section [/Script/UnrealEd.CookerSettings] File [L:/CPS353-01-Moon-Game/LunarEscape/Saved/Config/Windows/Engine.ini]
[2022.10.01-13.59.57:695][  0]LogConfig: Applying CVar settings from Section [ViewDistanceQuality@3] File [L:/CPS353-01-Moon-Game/LunarEscape/Saved/Config/Windows/Scalability.ini]
[2022.10.01-13.59.57:695][  0]LogConfig: Setting CVar [[r.SkeletalMeshLODBias:0]]
[2022.10.01-13.59.57:695][  0]LogConfig: Setting CVar [[r.ViewDistanceScale:1.0]]
[2022.10.01-13.59.57:695][  0]LogConfig: Applying CVar settings from Section [AntiAliasingQuality@3] File [L:/CPS353-01-Moon-Game/LunarEscape/Saved/Config/Windows/Scalability.ini]
[2022.10.01-13.59.57:695][  0]LogConfig: Setting CVar [[r.PostProcessAAQuality:4]]
[2022.10.01-13.59.57:695][  0]LogConfig: Applying CVar settings from Section [ShadowQuality@3] File [L:/CPS353-01-Moon-Game/LunarEscape/Saved/Config/Windows/Scalability.ini]
[2022.10.01-13.59.57:695][  0]LogConfig: Setting CVar [[r.LightFunctionQuality:1]]
[2022.10.01-13.59.57:695][  0]LogConfig: Setting CVar [[r.ShadowQuality:5]]
[2022.10.01-13.59.57:695][  0]LogConfig: Setting CVar [[r.Shadow.CSM.MaxCascades:10]]
[2022.10.01-13.59.57:695][  0]LogConfig: Setting CVar [[r.Shadow.MaxResolution:2048]]
[2022.10.01-13.59.57:695][  0]LogConfig: Setting CVar [[r.Shadow.MaxCSMResolution:2048]]
[2022.10.01-13.59.57:695][  0]LogConfig: Setting CVar [[r.Shadow.RadiusThreshold:0.01]]
[2022.10.01-13.59.57:695][  0]LogConfig: Setting CVar [[r.Shadow.DistanceScale:1.0]]
[2022.10.01-13.59.57:695][  0]LogConfig: Setting CVar [[r.Shadow.CSM.TransitionScale:1.0]]
[2022.10.01-13.59.57:695][  0]LogConfig: Setting CVar [[r.Shadow.PreShadowResolutionFactor:1.0]]
[2022.10.01-13.59.57:695][  0]LogConfig: Setting CVar [[r.DistanceFieldShadowing:1]]
[2022.10.01-13.59.57:695][  0]LogConfig: Setting CVar [[r.DistanceFieldAO:1]]
[2022.10.01-13.59.57:695][  0]LogConfig: Setting CVar [[r.AOQuality:2]]
[2022.10.01-13.59.57:695][  0]LogConfig: Setting CVar [[r.VolumetricFog:1]]
[2022.10.01-13.59.57:695][  0]LogConfig: Setting CVar [[r.VolumetricFog.GridPixelSize:8]]
[2022.10.01-13.59.57:695][  0]LogConfig: Setting CVar [[r.VolumetricFog.GridSizeZ:128]]
[2022.10.01-13.59.57:695][  0]LogConfig: Setting CVar [[r.VolumetricFog.HistoryMissSupersampleCount:4]]
[2022.10.01-13.59.57:695][  0]LogConfig: Setting CVar [[r.LightMaxDrawDistanceScale:1]]
[2022.10.01-13.59.57:695][  0]LogConfig: Setting CVar [[r.CapsuleShadows:1]]
[2022.10.01-13.59.57:696][  0]LogConfig: Applying CVar settings from Section [PostProcessQuality@3] File [L:/CPS353-01-Moon-Game/LunarEscape/Saved/Config/Windows/Scalability.ini]
[2022.10.01-13.59.57:696][  0]LogConfig: Setting CVar [[r.MotionBlurQuality:4]]
[2022.10.01-13.59.57:696][  0]LogConfig: Setting CVar [[r.AmbientOcclusionMipLevelFactor:0.4]]
[2022.10.01-13.59.57:696][  0]LogConfig: Setting CVar [[r.AmbientOcclusionMaxQuality:100]]
[2022.10.01-13.59.57:696][  0]LogConfig: Setting CVar [[r.AmbientOcclusionLevels:-1]]
[2022.10.01-13.59.57:696][  0]LogConfig: Setting CVar [[r.AmbientOcclusionRadiusScale:1.0]]
[2022.10.01-13.59.57:696][  0]LogConfig: Setting CVar [[r.DepthOfFieldQuality:2]]
[2022.10.01-13.59.57:696][  0]LogConfig: Setting CVar [[r.RenderTargetPoolMin:400]]
[2022.10.01-13.59.57:696][  0]LogConfig: Setting CVar [[r.LensFlareQuality:2]]
[2022.10.01-13.59.57:696][  0]LogConfig: Setting CVar [[r.SceneColorFringeQuality:1]]
[2022.10.01-13.59.57:696][  0]LogConfig: Setting CVar [[r.EyeAdaptationQuality:2]]
[2022.10.01-13.59.57:696][  0]LogConfig: Setting CVar [[r.BloomQuality:5]]
[2022.10.01-13.59.57:696][  0]LogConfig: Setting CVar [[r.FastBlurThreshold:100]]
[2022.10.01-13.59.57:696][  0]LogConfig: Setting CVar [[r.Upscale.Quality:3]]
[2022.10.01-13.59.57:696][  0]LogConfig: Setting CVar [[r.Tonemapper.GrainQuantization:1]]
[2022.10.01-13.59.57:696][  0]LogConfig: Setting CVar [[r.LightShaftQuality:1]]
[2022.10.01-13.59.57:696][  0]LogConfig: Setting CVar [[r.Filter.SizeScale:1]]
[2022.10.01-13.59.57:696][  0]LogConfig: Setting CVar [[r.Tonemapper.Quality:5]]
[2022.10.01-13.59.57:696][  0]LogConfig: Setting CVar [[r.DOF.Gather.AccumulatorQuality:1        ; higher gathering accumulator quality]]
[2022.10.01-13.59.57:696][  0]LogConfig: Setting CVar [[r.DOF.Gather.PostfilterMethod:1          ; Median3x3 postfilering method]]
[2022.10.01-13.59.57:696][  0]LogConfig: Setting CVar [[r.DOF.Gather.EnableBokehSettings:0       ; no bokeh simulation when gathering]]
[2022.10.01-13.59.57:696][  0]LogConfig: Setting CVar [[r.DOF.Gather.RingCount:4                 ; medium number of samples when gathering]]
[2022.10.01-13.59.57:696][  0]LogConfig: Setting CVar [[r.DOF.Scatter.ForegroundCompositing:1    ; additive foreground scattering]]
[2022.10.01-13.59.57:696][  0]LogConfig: Setting CVar [[r.DOF.Scatter.BackgroundCompositing:2    ; additive background scattering]]
[2022.10.01-13.59.57:696][  0]LogConfig: Setting CVar [[r.DOF.Scatter.EnableBokehSettings:1      ; bokeh simulation when scattering]]
[2022.10.01-13.59.57:696][  0]LogConfig: Setting CVar [[r.DOF.Scatter.MaxSpriteRatio:0.1         ; only a maximum of 10% of scattered bokeh]]
[2022.10.01-13.59.57:696][  0]LogConfig: Setting CVar [[r.DOF.Recombine.Quality:1                ; cheap slight out of focus]]
[2022.10.01-13.59.57:696][  0]LogConfig: Setting CVar [[r.DOF.Recombine.EnableBokehSettings:0    ; no bokeh simulation on slight out of focus]]
[2022.10.01-13.59.57:696][  0]LogConfig: Setting CVar [[r.DOF.TemporalAAQuality:1                ; more stable temporal accumulation]]
[2022.10.01-13.59.57:696][  0]LogConfig: Setting CVar [[r.DOF.Kernel.MaxForegroundRadius:0.025]]
[2022.10.01-13.59.57:696][  0]LogConfig: Setting CVar [[r.DOF.Kernel.MaxBackgroundRadius:0.025]]
[2022.10.01-13.59.57:696][  0]LogConfig: Applying CVar settings from Section [TextureQuality@3] File [L:/CPS353-01-Moon-Game/LunarEscape/Saved/Config/Windows/Scalability.ini]
[2022.10.01-13.59.57:696][  0]LogConfig: Setting CVar [[r.Streaming.MipBias:0]]
[2022.10.01-13.59.57:696][  0]LogConfig: Setting CVar [[r.Streaming.AmortizeCPUToGPUCopy:0]]
[2022.10.01-13.59.57:696][  0]LogConfig: Setting CVar [[r.Streaming.MaxNumTexturesToStreamPerFrame:0]]
[2022.10.01-13.59.57:696][  0]LogConfig: Setting CVar [[r.Streaming.Boost:1]]
[2022.10.01-13.59.57:696][  0]LogConfig: Setting CVar [[r.MaxAnisotropy:8]]
[2022.10.01-13.59.57:696][  0]LogConfig: Setting CVar [[r.VT.MaxAnisotropy:8]]
[2022.10.01-13.59.57:696][  0]LogConfig: Setting CVar [[r.Streaming.LimitPoolSizeToVRAM:0]]
[2022.10.01-13.59.57:696][  0]LogConfig: Setting CVar [[r.Streaming.PoolSize:1000]]
[2022.10.01-13.59.57:696][  0]LogConfig: Setting CVar [[r.Streaming.MaxEffectiveScreenSize:0]]
[2022.10.01-13.59.57:696][  0]LogConfig: Applying CVar settings from Section [EffectsQuality@3] File [L:/CPS353-01-Moon-Game/LunarEscape/Saved/Config/Windows/Scalability.ini]
[2022.10.01-13.59.57:696][  0]LogConfig: Setting CVar [[r.TranslucencyLightingVolumeDim:64]]
[2022.10.01-13.59.57:696][  0]LogConfig: Setting CVar [[r.RefractionQuality:2]]
[2022.10.01-13.59.57:696][  0]LogConfig: Setting CVar [[r.SSR.Quality:3]]
[2022.10.01-13.59.57:696][  0]LogConfig: Setting CVar [[r.SSR.HalfResSceneColor:0]]
[2022.10.01-13.59.57:696][  0]LogConfig: Setting CVar [[r.SceneColorFormat:4]]
[2022.10.01-13.59.57:696][  0]LogConfig: Setting CVar [[r.DetailMode:2]]
[2022.10.01-13.59.57:696][  0]LogConfig: Setting CVar [[r.TranslucencyVolumeBlur:1]]
[2022.10.01-13.59.57:696][  0]LogConfig: Setting CVar [[r.MaterialQualityLevel:1 ; High quality]]
[2022.10.01-13.59.57:696][  0]LogConfig: Setting CVar [[r.AnisotropicMaterials:1]]
[2022.10.01-13.59.57:696][  0]LogConfig: Setting CVar [[r.SSS.Scale:1]]
[2022.10.01-13.59.57:696][  0]LogConfig: Setting CVar [[r.SSS.SampleSet:2]]
[2022.10.01-13.59.57:696][  0]LogConfig: Setting CVar [[r.SSS.Quality:1]]
[2022.10.01-13.59.57:696][  0]LogConfig: Setting CVar [[r.SSS.HalfRes:0]]
[2022.10.01-13.59.57:696][  0]LogConfig: Setting CVar [[r.SSGI.Quality:3]]
[2022.10.01-13.59.57:696][  0]LogConfig: Setting CVar [[r.EmitterSpawnRateScale:1.0]]
[2022.10.01-13.59.57:696][  0]LogConfig: Setting CVar [[r.ParticleLightQuality:2]]
[2022.10.01-13.59.57:696][  0]LogConfig: Setting CVar [[r.SkyAtmosphere.AerialPerspectiveLUT.FastApplyOnOpaque:1 ; Always have FastSkyLUT 1 in this case to avoid wrong sky]]
[2022.10.01-13.59.57:696][  0]LogConfig: Setting CVar [[r.SkyAtmosphere.AerialPerspectiveLUT.SampleCountMaxPerSlice:4]]
[2022.10.01-13.59.57:696][  0]LogConfig: Setting CVar [[r.SkyAtmosphere.AerialPerspectiveLUT.DepthResolution:16.0]]
[2022.10.01-13.59.57:696][  0]LogConfig: Setting CVar [[r.SkyAtmosphere.FastSkyLUT:1]]
[2022.10.01-13.59.57:696][  0]LogConfig: Setting CVar [[r.SkyAtmosphere.FastSkyLUT.SampleCountMin:4.0]]
[2022.10.01-13.59.57:696][  0]LogConfig: Setting CVar [[r.SkyAtmosphere.FastSkyLUT.SampleCountMax:128.0]]
[2022.10.01-13.59.57:696][  0]LogConfig: Setting CVar [[r.SkyAtmosphere.SampleCountMin:4.0]]
[2022.10.01-13.59.57:696][  0]LogConfig: Setting CVar [[r.SkyAtmosphere.SampleCountMax:128.0]]
[2022.10.01-13.59.57:696][  0]LogConfig: Setting CVar [[r.SkyAtmosphere.TransmittanceLUT.UseSmallFormat:0]]
[2022.10.01-13.59.57:696][  0]LogConfig: Setting CVar [[r.SkyAtmosphere.TransmittanceLUT.SampleCount:10.0]]
[2022.10.01-13.59.57:696][  0]LogConfig: Setting CVar [[r.SkyAtmosphere.MultiScatteringLUT.SampleCount:15.0]]
[2022.10.01-13.59.57:697][  0]LogConfig: Setting CVar [[r.SkyLight.RealTimeReflectionCapture:1]]
[2022.10.01-13.59.57:697][  0]LogConfig: Applying CVar settings from Section [FoliageQuality@3] File [L:/CPS353-01-Moon-Game/LunarEscape/Saved/Config/Windows/Scalability.ini]
[2022.10.01-13.59.57:697][  0]LogConfig: Setting CVar [[foliage.DensityScale:1.0]]
[2022.10.01-13.59.57:697][  0]LogConfig: Setting CVar [[grass.DensityScale:1.0]]
[2022.10.01-13.59.57:697][  0]LogConfig: Applying CVar settings from Section [ShadingQuality@3] File [L:/CPS353-01-Moon-Game/LunarEscape/Saved/Config/Windows/Scalability.ini]
[2022.10.01-13.59.57:697][  0]LogConfig: Setting CVar [[r.HairStrands.SkyLighting.IntegrationType:2]]
[2022.10.01-13.59.57:697][  0]LogConfig: Setting CVar [[r.HairStrands.SkyAO.SampleCount:4]]
[2022.10.01-13.59.57:697][  0]LogConfig: Setting CVar [[r.HairStrands.Visibility.MSAA.SamplePerPixel:4]]
[2022.10.01-13.59.57:697][  0]LogInit: Selected Device Profile: [Windows]
[2022.10.01-13.59.57:697][  0]LogInit: Applying CVar settings loaded from the selected device profile: [Windows]
[2022.10.01-13.59.57:697][  0]LogHAL: Display: Platform has ~ 16 GB [17077833728 / 17179869184 / 16], which maps to Larger [LargestMinGB=32, LargerMinGB=12, DefaultMinGB=8, SmallerMinGB=6, SmallestMinGB=0)
[2022.10.01-13.59.57:697][  0]LogInit: Going up to parent DeviceProfile []
[2022.10.01-13.59.57:697][  0]LogConfig: Applying CVar settings from Section [ViewDistanceQuality@3] File [L:/CPS353-01-Moon-Game/LunarEscape/Saved/Config/Windows/Scalability.ini]
[2022.10.01-13.59.57:697][  0]LogConfig: Setting CVar [[r.SkeletalMeshLODBias:0]]
[2022.10.01-13.59.57:697][  0]LogConfig: Setting CVar [[r.ViewDistanceScale:1.0]]
[2022.10.01-13.59.57:697][  0]LogConfig: Applying CVar settings from Section [AntiAliasingQuality@3] File [L:/CPS353-01-Moon-Game/LunarEscape/Saved/Config/Windows/Scalability.ini]
[2022.10.01-13.59.57:697][  0]LogConfig: Setting CVar [[r.PostProcessAAQuality:4]]
[2022.10.01-13.59.57:697][  0]LogConfig: Applying CVar settings from Section [ShadowQuality@3] File [L:/CPS353-01-Moon-Game/LunarEscape/Saved/Config/Windows/Scalability.ini]
[2022.10.01-13.59.57:697][  0]LogConfig: Setting CVar [[r.LightFunctionQuality:1]]
[2022.10.01-13.59.57:697][  0]LogConfig: Setting CVar [[r.ShadowQuality:5]]
[2022.10.01-13.59.57:697][  0]LogConfig: Setting CVar [[r.Shadow.CSM.MaxCascades:10]]
[2022.10.01-13.59.57:697][  0]LogConfig: Setting CVar [[r.Shadow.MaxResolution:2048]]
[2022.10.01-13.59.57:697][  0]LogConfig: Setting CVar [[r.Shadow.MaxCSMResolution:2048]]
[2022.10.01-13.59.57:697][  0]LogConfig: Setting CVar [[r.Shadow.RadiusThreshold:0.01]]
[2022.10.01-13.59.57:697][  0]LogConfig: Setting CVar [[r.Shadow.DistanceScale:1.0]]
[2022.10.01-13.59.57:697][  0]LogConfig: Setting CVar [[r.Shadow.CSM.TransitionScale:1.0]]
[2022.10.01-13.59.57:697][  0]LogConfig: Setting CVar [[r.Shadow.PreShadowResolutionFactor:1.0]]
[2022.10.01-13.59.57:697][  0]LogConfig: Setting CVar [[r.DistanceFieldShadowing:1]]
[2022.10.01-13.59.57:697][  0]LogConfig: Setting CVar [[r.DistanceFieldAO:1]]
[2022.10.01-13.59.57:697][  0]LogConfig: Setting CVar [[r.AOQuality:2]]
[2022.10.01-13.59.57:697][  0]LogConfig: Setting CVar [[r.VolumetricFog:1]]
[2022.10.01-13.59.57:697][  0]LogConfig: Setting CVar [[r.VolumetricFog.GridPixelSize:8]]
[2022.10.01-13.59.57:697][  0]LogConfig: Setting CVar [[r.VolumetricFog.GridSizeZ:128]]
[2022.10.01-13.59.57:697][  0]LogConfig: Setting CVar [[r.VolumetricFog.HistoryMissSupersampleCount:4]]
[2022.10.01-13.59.57:697][  0]LogConfig: Setting CVar [[r.LightMaxDrawDistanceScale:1]]
[2022.10.01-13.59.57:697][  0]LogConfig: Setting CVar [[r.CapsuleShadows:1]]
[2022.10.01-13.59.57:697][  0]LogConfig: Applying CVar settings from Section [PostProcessQuality@3] File [L:/CPS353-01-Moon-Game/LunarEscape/Saved/Config/Windows/Scalability.ini]
[2022.10.01-13.59.57:697][  0]LogConfig: Setting CVar [[r.MotionBlurQuality:4]]
[2022.10.01-13.59.57:697][  0]LogConfig: Setting CVar [[r.AmbientOcclusionMipLevelFactor:0.4]]
[2022.10.01-13.59.57:697][  0]LogConfig: Setting CVar [[r.AmbientOcclusionMaxQuality:100]]
[2022.10.01-13.59.57:697][  0]LogConfig: Setting CVar [[r.AmbientOcclusionLevels:-1]]
[2022.10.01-13.59.57:697][  0]LogConfig: Setting CVar [[r.AmbientOcclusionRadiusScale:1.0]]
[2022.10.01-13.59.57:697][  0]LogConfig: Setting CVar [[r.DepthOfFieldQuality:2]]
[2022.10.01-13.59.57:697][  0]LogConfig: Setting CVar [[r.RenderTargetPoolMin:400]]
[2022.10.01-13.59.57:697][  0]LogConfig: Setting CVar [[r.LensFlareQuality:2]]
[2022.10.01-13.59.57:697][  0]LogConfig: Setting CVar [[r.SceneColorFringeQuality:1]]
[2022.10.01-13.59.57:697][  0]LogConfig: Setting CVar [[r.EyeAdaptationQuality:2]]
[2022.10.01-13.59.57:697][  0]LogConfig: Setting CVar [[r.BloomQuality:5]]
[2022.10.01-13.59.57:697][  0]LogConfig: Setting CVar [[r.FastBlurThreshold:100]]
[2022.10.01-13.59.57:697][  0]LogConfig: Setting CVar [[r.Upscale.Quality:3]]
[2022.10.01-13.59.57:697][  0]LogConfig: Setting CVar [[r.Tonemapper.GrainQuantization:1]]
[2022.10.01-13.59.57:697][  0]LogConfig: Setting CVar [[r.LightShaftQuality:1]]
[2022.10.01-13.59.57:697][  0]LogConfig: Setting CVar [[r.Filter.SizeScale:1]]
[2022.10.01-13.59.57:697][  0]LogConfig: Setting CVar [[r.Tonemapper.Quality:5]]
[2022.10.01-13.59.57:697][  0]LogConfig: Setting CVar [[r.DOF.Gather.AccumulatorQuality:1        ; higher gathering accumulator quality]]
[2022.10.01-13.59.57:697][  0]LogConfig: Setting CVar [[r.DOF.Gather.PostfilterMethod:1          ; Median3x3 postfilering method]]
[2022.10.01-13.59.57:697][  0]LogConfig: Setting CVar [[r.DOF.Gather.EnableBokehSettings:0       ; no bokeh simulation when gathering]]
[2022.10.01-13.59.57:697][  0]LogConfig: Setting CVar [[r.DOF.Gather.RingCount:4                 ; medium number of samples when gathering]]
[2022.10.01-13.59.57:698][  0]LogConfig: Setting CVar [[r.DOF.Scatter.ForegroundCompositing:1    ; additive foreground scattering]]
[2022.10.01-13.59.57:698][  0]LogConfig: Setting CVar [[r.DOF.Scatter.BackgroundCompositing:2    ; additive background scattering]]
[2022.10.01-13.59.57:698][  0]LogConfig: Setting CVar [[r.DOF.Scatter.EnableBokehSettings:1      ; bokeh simulation when scattering]]
[2022.10.01-13.59.57:698][  0]LogConfig: Setting CVar [[r.DOF.Scatter.MaxSpriteRatio:0.1         ; only a maximum of 10% of scattered bokeh]]
[2022.10.01-13.59.57:698][  0]LogConfig: Setting CVar [[r.DOF.Recombine.Quality:1                ; cheap slight out of focus]]
[2022.10.01-13.59.57:698][  0]LogConfig: Setting CVar [[r.DOF.Recombine.EnableBokehSettings:0    ; no bokeh simulation on slight out of focus]]
[2022.10.01-13.59.57:698][  0]LogConfig: Setting CVar [[r.DOF.TemporalAAQuality:1                ; more stable temporal accumulation]]
[2022.10.01-13.59.57:698][  0]LogConfig: Setting CVar [[r.DOF.Kernel.MaxForegroundRadius:0.025]]
[2022.10.01-13.59.57:698][  0]LogConfig: Setting CVar [[r.DOF.Kernel.MaxBackgroundRadius:0.025]]
[2022.10.01-13.59.57:698][  0]LogConfig: Applying CVar settings from Section [TextureQuality@3] File [L:/CPS353-01-Moon-Game/LunarEscape/Saved/Config/Windows/Scalability.ini]
[2022.10.01-13.59.57:698][  0]LogConfig: Setting CVar [[r.Streaming.MipBias:0]]
[2022.10.01-13.59.57:698][  0]LogConfig: Setting CVar [[r.Streaming.AmortizeCPUToGPUCopy:0]]
[2022.10.01-13.59.57:698][  0]LogConfig: Setting CVar [[r.Streaming.MaxNumTexturesToStreamPerFrame:0]]
[2022.10.01-13.59.57:698][  0]LogConfig: Setting CVar [[r.Streaming.Boost:1]]
[2022.10.01-13.59.57:698][  0]LogConfig: Setting CVar [[r.MaxAnisotropy:8]]
[2022.10.01-13.59.57:698][  0]LogConfig: Setting CVar [[r.VT.MaxAnisotropy:8]]
[2022.10.01-13.59.57:698][  0]LogConfig: Setting CVar [[r.Streaming.LimitPoolSizeToVRAM:0]]
[2022.10.01-13.59.57:698][  0]LogConfig: Setting CVar [[r.Streaming.PoolSize:1000]]
[2022.10.01-13.59.57:698][  0]LogConfig: Setting CVar [[r.Streaming.MaxEffectiveScreenSize:0]]
[2022.10.01-13.59.57:698][  0]LogConfig: Applying CVar settings from Section [EffectsQuality@3] File [L:/CPS353-01-Moon-Game/LunarEscape/Saved/Config/Windows/Scalability.ini]
[2022.10.01-13.59.57:698][  0]LogConfig: Setting CVar [[r.TranslucencyLightingVolumeDim:64]]
[2022.10.01-13.59.57:698][  0]LogConfig: Setting CVar [[r.RefractionQuality:2]]
[2022.10.01-13.59.57:698][  0]LogConfig: Setting CVar [[r.SSR.Quality:3]]
[2022.10.01-13.59.57:698][  0]LogConfig: Setting CVar [[r.SSR.HalfResSceneColor:0]]
[2022.10.01-13.59.57:698][  0]LogConfig: Setting CVar [[r.SceneColorFormat:4]]
[2022.10.01-13.59.57:698][  0]LogConfig: Setting CVar [[r.DetailMode:2]]
[2022.10.01-13.59.57:698][  0]LogConfig: Setting CVar [[r.TranslucencyVolumeBlur:1]]
[2022.10.01-13.59.57:698][  0]LogConfig: Setting CVar [[r.MaterialQualityLevel:1 ; High quality]]
[2022.10.01-13.59.57:698][  0]LogConfig: Setting CVar [[r.AnisotropicMaterials:1]]
[2022.10.01-13.59.57:698][  0]LogConfig: Setting CVar [[r.SSS.Scale:1]]
[2022.10.01-13.59.57:698][  0]LogConfig: Setting CVar [[r.SSS.SampleSet:2]]
[2022.10.01-13.59.57:698][  0]LogConfig: Setting CVar [[r.SSS.Quality:1]]
[2022.10.01-13.59.57:698][  0]LogConfig: Setting CVar [[r.SSS.HalfRes:0]]
[2022.10.01-13.59.57:698][  0]LogConfig: Setting CVar [[r.SSGI.Quality:3]]
[2022.10.01-13.59.57:698][  0]LogConfig: Setting CVar [[r.EmitterSpawnRateScale:1.0]]
[2022.10.01-13.59.57:698][  0]LogConfig: Setting CVar [[r.ParticleLightQuality:2]]
[2022.10.01-13.59.57:698][  0]LogConfig: Setting CVar [[r.SkyAtmosphere.AerialPerspectiveLUT.FastApplyOnOpaque:1 ; Always have FastSkyLUT 1 in this case to avoid wrong sky]]
[2022.10.01-13.59.57:698][  0]LogConfig: Setting CVar [[r.SkyAtmosphere.AerialPerspectiveLUT.SampleCountMaxPerSlice:4]]
[2022.10.01-13.59.57:698][  0]LogConfig: Setting CVar [[r.SkyAtmosphere.AerialPerspectiveLUT.DepthResolution:16.0]]
[2022.10.01-13.59.57:698][  0]LogConfig: Setting CVar [[r.SkyAtmosphere.FastSkyLUT:1]]
[2022.10.01-13.59.57:698][  0]LogConfig: Setting CVar [[r.SkyAtmosphere.FastSkyLUT.SampleCountMin:4.0]]
[2022.10.01-13.59.57:698][  0]LogConfig: Setting CVar [[r.SkyAtmosphere.FastSkyLUT.SampleCountMax:128.0]]
[2022.10.01-13.59.57:698][  0]LogConfig: Setting CVar [[r.SkyAtmosphere.SampleCountMin:4.0]]
[2022.10.01-13.59.57:698][  0]LogConfig: Setting CVar [[r.SkyAtmosphere.SampleCountMax:128.0]]
[2022.10.01-13.59.57:698][  0]LogConfig: Setting CVar [[r.SkyAtmosphere.TransmittanceLUT.UseSmallFormat:0]]
[2022.10.01-13.59.57:698][  0]LogConfig: Setting CVar [[r.SkyAtmosphere.TransmittanceLUT.SampleCount:10.0]]
[2022.10.01-13.59.57:698][  0]LogConfig: Setting CVar [[r.SkyAtmosphere.MultiScatteringLUT.SampleCount:15.0]]
[2022.10.01-13.59.57:698][  0]LogConfig: Setting CVar [[r.SkyLight.RealTimeReflectionCapture:1]]
[2022.10.01-13.59.57:698][  0]LogConfig: Applying CVar settings from Section [FoliageQuality@3] File [L:/CPS353-01-Moon-Game/LunarEscape/Saved/Config/Windows/Scalability.ini]
[2022.10.01-13.59.57:698][  0]LogConfig: Setting CVar [[foliage.DensityScale:1.0]]
[2022.10.01-13.59.57:698][  0]LogConfig: Setting CVar [[grass.DensityScale:1.0]]
[2022.10.01-13.59.57:698][  0]LogConfig: Applying CVar settings from Section [ShadingQuality@3] File [L:/CPS353-01-Moon-Game/LunarEscape/Saved/Config/Windows/Scalability.ini]
[2022.10.01-13.59.57:698][  0]LogConfig: Setting CVar [[r.HairStrands.SkyLighting.IntegrationType:2]]
[2022.10.01-13.59.57:699][  0]LogConfig: Setting CVar [[r.HairStrands.SkyAO.SampleCount:4]]
[2022.10.01-13.59.57:699][  0]LogConfig: Setting CVar [[r.HairStrands.Visibility.MSAA.SamplePerPixel:4]]
[2022.10.01-13.59.57:699][  0]LogConfig: Applying CVar settings from Section [Startup] File [../../../Engine/Config/ConsoleVariables.ini]
[2022.10.01-13.59.57:699][  0]LogConfig: Setting CVar [[net.UseAdaptiveNetUpdateFrequency:0]]
[2022.10.01-13.59.57:699][  0]LogConfig: Setting CVar [[p.chaos.AllowCreatePhysxBodies:1]]
[2022.10.01-13.59.57:699][  0]LogConfig: Setting CVar [[fx.SkipVectorVMBackendOptimizations:1]]
[2022.10.01-13.59.57:699][  0]LogConfig: Applying CVar settings from Section [ConsoleVariables] File [L:/CPS353-01-Moon-Game/LunarEscape/Saved/Config/Windows/Engine.ini]
[2022.10.01-13.59.57:699][  0]LogConfig: Applying CVar settings from Section [ConsoleVariables] File [L:/CPS353-01-Moon-Game/LunarEscape/Saved/Config/Windows/Editor.ini]
[2022.10.01-13.59.57:699][  0]LogInit: Computer: SESSIOMS-PC
[2022.10.01-13.59.57:699][  0]LogInit: User: joshc
[2022.10.01-13.59.57:699][  0]LogInit: CPU Page size=4096, Cores=4
[2022.10.01-13.59.57:699][  0]LogInit: High frequency timer resolution =10.000000 MHz
[2022.10.01-13.59.57:700][  0]LogMemory: Memory total: Physical=15.9GB (16GB approx)
[2022.10.01-13.59.57:700][  0]LogMemory: Platform Memory Stats for Windows
[2022.10.01-13.59.57:700][  0]LogMemory: Process Physical Memory: 143.86 MB used, 143.86 MB peak
[2022.10.01-13.59.57:700][  0]LogMemory: Process Virtual Memory: 126.50 MB used, 126.50 MB peak
[2022.10.01-13.59.57:700][  0]LogMemory: Physical Memory: 7585.22 MB used,  8701.47 MB free, 16286.69 MB total
[2022.10.01-13.59.57:700][  0]LogMemory: Virtual Memory: 134207128.00 MB used,  10603.82 MB free, 134217728.00 MB total
[2022.10.01-13.59.57:709][  0]LogWindows: WindowsPlatformFeatures enabled
[2022.10.01-13.59.57:785][  0]LogInit: Physics initialised using underlying interface: PhysX
[2022.10.01-13.59.57:786][  0]LogInit: Using OS detected language (en-US).
[2022.10.01-13.59.57:787][  0]LogInit: Using OS detected locale (en-US).
[2022.10.01-13.59.57:789][  0]LogTextLocalizationManager: No specific localization for 'en-US' exists, so the 'en' localization will be used.
[2022.10.01-13.59.58:140][  0]LogInit: Setting process to per monitor DPI aware
[2022.10.01-13.59.58:155][  0]LogWindowsTextInputMethodSystem: Display: IME system deactivated.
[2022.10.01-13.59.58:170][  0]LogSlate: New Slate User Created.  User Index 0, Is Virtual User: 0
[2022.10.01-13.59.58:170][  0]LogSlate: Slate User Registered.  User Index 0, Is Virtual User: 0
[2022.10.01-13.59.58:407][  0]LogD3D11RHI: Loaded GFSDK_Aftermath_Lib.x64.dll
[2022.10.01-13.59.58:413][  0]LogHMD: Failed to initialize OpenVR with code 110
[2022.10.01-13.59.58:413][  0]LogD3D11RHI: D3D11 min allowed feature level: 11_0
[2022.10.01-13.59.58:413][  0]LogD3D11RHI: D3D11 max allowed feature level: 11_0
[2022.10.01-13.59.58:413][  0]LogD3D11RHI: D3D11 adapters:
[2022.10.01-13.59.58:579][  0]LogD3D11RHI:    0. 'NVIDIA GeForce GTX 1070' (Feature Level 11_0)
[2022.10.01-13.59.58:579][  0]LogD3D11RHI:       8088/0/8143 MB DedicatedVideo/DedicatedSystem/SharedSystem, Outputs:1, VendorId:0x10de
[2022.10.01-13.59.58:622][  0]LogD3D11RHI:    1. 'Intel(R) HD Graphics 530' (Feature Level 11_0)
[2022.10.01-13.59.58:622][  0]LogD3D11RHI:       128/0/8143 MB DedicatedVideo/DedicatedSystem/SharedSystem, Outputs:0, VendorId:0x8086
[2022.10.01-13.59.58:624][  0]LogD3D11RHI:    2. 'Microsoft Basic Render Driver' (Feature Level 11_0)
[2022.10.01-13.59.58:624][  0]LogD3D11RHI:       0/0/8143 MB DedicatedVideo/DedicatedSystem/SharedSystem, Outputs:0, VendorId:0x1414
[2022.10.01-13.59.58:624][  0]LogD3D11RHI: Chosen D3D11 Adapter:
[2022.10.01-13.59.58:624][  0]LogD3D11RHI:     Description : NVIDIA GeForce GTX 1070
[2022.10.01-13.59.58:624][  0]LogD3D11RHI:     VendorId    : 10de
[2022.10.01-13.59.58:624][  0]LogD3D11RHI:     DeviceId    : 1b81
[2022.10.01-13.59.58:624][  0]LogD3D11RHI:     SubSysId    : 33011028
[2022.10.01-13.59.58:624][  0]LogD3D11RHI:     Revision    : 00a1
[2022.10.01-13.59.58:624][  0]LogD3D11RHI:     DedicatedVideoMemory : 8480882688 bytes
[2022.10.01-13.59.58:624][  0]LogD3D11RHI:     DedicatedSystemMemory : 0 bytes
[2022.10.01-13.59.58:624][  0]LogD3D11RHI:     SharedSystemMemory : 8538916864 bytes
[2022.10.01-13.59.58:624][  0]LogD3D11RHI:     AdapterLuid : 0 71877
[2022.10.01-13.59.58:632][  0]LogD3D11RHI: Creating new Direct3DDevice
[2022.10.01-13.59.58:632][  0]LogD3D11RHI:     GPU DeviceId: 0x1b81 (for the marketing name, search the web for "GPU Device Id")
[2022.10.01-13.59.58:632][  0]LogWindows: EnumDisplayDevices:
[2022.10.01-13.59.58:632][  0]LogWindows:    0. 'NVIDIA GeForce GTX 1070' (P:1 D:1)
[2022.10.01-13.59.58:633][  0]LogWindows:    1. 'NVIDIA GeForce GTX 1070' (P:0 D:0)
[2022.10.01-13.59.58:633][  0]LogWindows:    2. 'NVIDIA GeForce GTX 1070' (P:0 D:0)
[2022.10.01-13.59.58:634][  0]LogWindows:    3. 'NVIDIA GeForce GTX 1070' (P:0 D:0)
[2022.10.01-13.59.58:634][  0]LogWindows:    4. 'Intel(R) HD Graphics 530' (P:0 D:0)
[2022.10.01-13.59.58:634][  0]LogWindows:    5. 'Intel(R) HD Graphics 530' (P:0 D:0)
[2022.10.01-13.59.58:635][  0]LogWindows:    6. 'Intel(R) HD Graphics 530' (P:0 D:0)
[2022.10.01-13.59.58:635][  0]LogWindows: DebugString: PrimaryIsNotTheChoosenAdapter PrimaryIsNotTheChoosenAdapter PrimaryIsNotTheChoosenAdapter FoundDriverCount:4 
[2022.10.01-13.59.58:635][  0]LogD3D11RHI:     Adapter Name: NVIDIA GeForce GTX 1070
[2022.10.01-13.59.58:635][  0]LogD3D11RHI:   Driver Version: 511.79 (internal:30.0.15.1179, unified:511.79)
[2022.10.01-13.59.58:635][  0]LogD3D11RHI:      Driver Date: 2-10-2022
[2022.10.01-13.59.58:635][  0]LogRHI: Texture pool is 5661 MB (70% of 8088 MB)
[2022.10.01-13.59.58:635][  0]LogD3D11RHI: Creating D3DDevice using adapter:
[2022.10.01-13.59.58:635][  0]LogD3D11RHI:     Description : NVIDIA GeForce GTX 1070
[2022.10.01-13.59.58:636][  0]LogD3D11RHI:     VendorId    : 10de
[2022.10.01-13.59.58:636][  0]LogD3D11RHI:     DeviceId    : 1b81
[2022.10.01-13.59.58:636][  0]LogD3D11RHI:     SubSysId    : 33011028
[2022.10.01-13.59.58:636][  0]LogD3D11RHI:     Revision    : 00a1
[2022.10.01-13.59.58:636][  0]LogD3D11RHI:     DedicatedVideoMemory : 8480882688 bytes
[2022.10.01-13.59.58:636][  0]LogD3D11RHI:     DedicatedSystemMemory : 0 bytes
[2022.10.01-13.59.58:636][  0]LogD3D11RHI:     SharedSystemMemory : 8538916864 bytes
[2022.10.01-13.59.58:636][  0]LogD3D11RHI:     AdapterLuid : 0 71877
[2022.10.01-13.59.58:748][  0]LogD3D11RHI: RHI has support for 64 bit atomics
[2022.10.01-13.59.58:748][  0]LogD3D11RHI: Async texture creation enabled
[2022.10.01-13.59.58:748][  0]LogD3D11RHI: Array index from any shader is supported
[2022.10.01-13.59.58:798][  0]LogD3D11RHI: GPU Timing Frequency: 1000.000000 (Debug: 2 1)
[2022.10.01-13.59.58:870][  0]LogRHI: GeForceNow SDK initialized: 1
[2022.10.01-13.59.59:379][  0]LogTargetPlatformManager: Display: Loaded TargetPlatform 'AllDesktop'
[2022.10.01-13.59.59:410][  0]LogTargetPlatformManager: Display: Loaded TargetPlatform 'Android'
[2022.10.01-13.59.59:410][  0]LogTargetPlatformManager: Display: Loaded TargetPlatform 'Android_ASTC'
[2022.10.01-13.59.59:410][  0]LogTargetPlatformManager: Display: Loaded TargetPlatform 'Android_DXT'
[2022.10.01-13.59.59:410][  0]LogTargetPlatformManager: Display: Loaded TargetPlatform 'Android_ETC2'
[2022.10.01-13.59.59:410][  0]LogTargetPlatformManager: Display: Loaded TargetPlatform 'AndroidClient'
[2022.10.01-13.59.59:410][  0]LogTargetPlatformManager: Display: Loaded TargetPlatform 'Android_ASTCClient'
[2022.10.01-13.59.59:410][  0]LogTargetPlatformManager: Display: Loaded TargetPlatform 'Android_DXTClient'
[2022.10.01-13.59.59:410][  0]LogTargetPlatformManager: Display: Loaded TargetPlatform 'Android_ETC2Client'
[2022.10.01-13.59.59:410][  0]LogTargetPlatformManager: Display: Loaded TargetPlatform 'Android_Multi'
[2022.10.01-13.59.59:410][  0]LogTargetPlatformManager: Display: Loaded TargetPlatform 'Android_MultiClient'
[2022.10.01-13.59.59:432][  0]LogTargetPlatformManager: Display: Loaded TargetPlatform 'IOSClient'
[2022.10.01-13.59.59:432][  0]LogTargetPlatformManager: Display: Loaded TargetPlatform 'IOS'
[2022.10.01-13.59.59:445][  0]LogTargetPlatformManager: Display: Loaded TargetPlatform 'Linux'
[2022.10.01-13.59.59:450][  0]LogTargetPlatformManager: Display: Loaded TargetPlatform 'LinuxNoEditor'
[2022.10.01-13.59.59:455][  0]LogTargetPlatformManager: Display: Loaded TargetPlatform 'LinuxClient'
[2022.10.01-13.59.59:460][  0]LogTargetPlatformManager: Display: Loaded TargetPlatform 'LinuxServer'
[2022.10.01-13.59.59:471][  0]LogTargetPlatformManager: Display: Loaded TargetPlatform 'LinuxAArch64NoEditor'
[2022.10.01-13.59.59:475][  0]LogTargetPlatformManager: Display: Loaded TargetPlatform 'LinuxAArch64Client'
[2022.10.01-13.59.59:481][  0]LogTargetPlatformManager: Display: Loaded TargetPlatform 'LinuxAArch64Server'
[2022.10.01-13.59.59:513][  0]LogTargetPlatformManager: Display: Loaded TargetPlatform 'Lumin'
[2022.10.01-13.59.59:513][  0]LogTargetPlatformManager: Display: Loaded TargetPlatform 'LuminClient'
[2022.10.01-13.59.59:524][  0]LogTargetPlatformManager: Display: Loaded TargetPlatform 'MacNoEditor'
[2022.10.01-13.59.59:530][  0]LogTargetPlatformManager: Display: Loaded TargetPlatform 'Mac'
[2022.10.01-13.59.59:536][  0]LogTargetPlatformManager: Display: Loaded TargetPlatform 'MacClient'
[2022.10.01-13.59.59:541][  0]LogTargetPlatformManager: Display: Loaded TargetPlatform 'MacServer'
[2022.10.01-13.59.59:554][  0]LogTargetPlatformManager: Display: Loaded TargetPlatform 'TVOSClient'
[2022.10.01-13.59.59:554][  0]LogTargetPlatformManager: Display: Loaded TargetPlatform 'TVOS'
[2022.10.01-13.59.59:565][  0]LogTargetPlatformManager: Display: Loaded TargetPlatform 'WindowsNoEditor'
[2022.10.01-13.59.59:570][  0]LogTargetPlatformManager: Display: Loaded TargetPlatform 'Windows'
[2022.10.01-13.59.59:579][  0]LogTargetPlatformManager: Display: Loaded TargetPlatform 'WindowsClient'
[2022.10.01-13.59.59:590][  0]LogTargetPlatformManager: Display: Loaded TargetPlatform 'WindowsServer'
[2022.10.01-13.59.59:590][  0]LogTargetPlatformManager: Display: Building Assets For Windows
[2022.10.01-13.59.59:601][  0]LogAudioDebug: Display: Lib vorbis DLL was dynamically loaded.
[2022.10.01-13.59.59:638][  0]LogTextureFormatOodle: Display: Oodle Texture 2.9.0 init RDO Off
[2022.10.01-13.59.59:684][  0]LogRendererCore: Ray tracing is disabled. Reason: r.RayTracing=0.
[2022.10.01-13.59.59:684][  0]LogShaderCompilers: Guid format shader working directory is -4 characters bigger than the processId version (../../../../../../CPS353-01-Moon-Game/LunarEscape/Intermediate/Shaders/WorkingDirectory/14188/).
[2022.10.01-13.59.59:685][  0]LogShaderCompilers: Cleaned the shader compiler working directory 'C:/Users/joshc/AppData/Local/Temp/UnrealShaderWorkingDir/CE362BB94D71A6B63796798BE6887313/'.
[2022.10.01-13.59.59:685][  0]LogXGEController: Cannot use XGE Controller as Incredibuild is not installed on this machine.
[2022.10.01-13.59.59:685][  0]LogShaderCompilers: Cannot use XGE Shader Compiler as Incredibuild is not installed on this machine.
[2022.10.01-13.59.59:685][  0]LogShaderCompilers: Display: Using Local Shader Compiler.
[2022.10.01-14.00.00:700][  0]LogDerivedDataCache: Display: Max Cache Size: 512 MB
[2022.10.01-14.00.00:789][  0]LogDerivedDataCache: Loaded boot cache 0.09s 94MB C:/Users/joshc/AppData/Local/UnrealEngine/4.27/DerivedDataCache/Boot.ddc.
[2022.10.01-14.00.00:789][  0]LogDerivedDataCache: Display: Loaded Boot cache: C:/Users/joshc/AppData/Local/UnrealEngine/4.27/DerivedDataCache/Boot.ddc
[2022.10.01-14.00.00:867][  0]LogDerivedDataCache: FDerivedDataBackendGraph:  Pak pak cache file ../../../../../../CPS353-01-Moon-Game/LunarEscape/DerivedDataCache/DDC.ddp not found, will not use a pak cache.
[2022.10.01-14.00.00:867][  0]LogDerivedDataCache: Unable to find inner node Pak for hierarchical cache Hierarchy.
[2022.10.01-14.00.00:868][  0]LogDerivedDataCache: FDerivedDataBackendGraph:  CompressedPak pak cache file ../../../../../../CPS353-01-Moon-Game/LunarEscape/DerivedDataCache/Compressed.ddp not found, will not use a pak cache.
[2022.10.01-14.00.00:868][  0]LogDerivedDataCache: Unable to find inner node CompressedPak for hierarchical cache Hierarchy.
[2022.10.01-14.00.00:888][  0]LogDerivedDataCache: Display: Pak cache opened for reading ../../../Engine/DerivedDataCache/Compressed.ddp.
[2022.10.01-14.00.00:888][  0]LogDerivedDataCache: FDerivedDataBackendGraph:  EnterprisePak pak cache file ../../../Enterprise/DerivedDataCache/Compressed.ddp not found, will not use a pak cache.
[2022.10.01-14.00.00:888][  0]LogDerivedDataCache: Unable to find inner node EnterprisePak for hierarchical cache Hierarchy.
[2022.10.01-14.00.00:901][  0]LogDerivedDataCache: Speed tests for C:/Users/joshc/AppData/Local/UnrealEngine/Common/DerivedDataCache took 0.01 seconds
[2022.10.01-14.00.00:901][  0]LogDerivedDataCache: Display: Performance to C:/Users/joshc/AppData/Local/UnrealEngine/Common/DerivedDataCache: Latency=0.04ms. RandomReadSpeed=174.52MBs, RandomWriteSpeed=127.83MBs. Assigned SpeedClass 'Local'
[2022.10.01-14.00.00:902][  0]LogDerivedDataCache: Using Local data cache path C:/Users/joshc/AppData/Local/UnrealEngine/Common/DerivedDataCache: Writable
[2022.10.01-14.00.00:902][  0]LogDerivedDataCache: Shared data cache path not found in *engine.ini, will not use an Shared cache.
[2022.10.01-14.00.00:902][  0]LogDerivedDataCache: Unable to find inner node Shared for hierarchical cache Hierarchy.
[2022.10.01-14.00.00:955][  0]LogSlate: Using FreeType 2.10.0
[2022.10.01-14.00.00:956][  0]LogSlate: SlateFontServices - WITH_FREETYPE: 1, WITH_HARFBUZZ: 1
[2022.10.01-14.00.00:989][  0]LogAssetRegistry: FAssetRegistry took 0.0036 seconds to start up
[2022.10.01-14.00.01:238][  0]LogInit: Selected Device Profile: [Windows]
[2022.10.01-14.00.01:238][  0]LogInit: Active device profile: [000001D7610A0D00][000001D75809BAC0 49] Windows
[2022.10.01-14.00.01:238][  0]LogInit: Profiles: [000001D7610A0D00][000001D75809BAC0 49] Windows, [000001D761066300][000001D75F1940C0 49] WindowsNoEditor, [000001D7610A1C00][000001D75F198240 49] WindowsServer, [000001D761067100][000001D75F19C3C0 49] WindowsClient, [000001D7610A2900][000001D75F1A0540 49] IOS, [000001D761065A00][000001D75F1A46C0 49] iPadAir, [000001D7610A3E00][000001D75809E800 49] iPadAir2, [000001D761015100][000001D75F1ACA40 49] IPadPro, [000001D761015200][000001D75F1A8A80 49] iPadAir3, [000001D761064C00][000001D75F1B0BC0 49] iPadAir4, [000001D761015E00][000001D75F1B8D40 49] iPadMini2, [000001D761067300][000001D75F1BCEC0 49] iPadMini3, [000001D761017900][000001D75F1C1040 49] iPadMini4, [000001D761065000][000001D75F1C51C0 49] iPadMini5, [000001D761028900][000001D75F1CD480 49] iPhone6, [000001D761028A00][000001D75F1C94C0 49] iPodTouch6, [000001D7610A2E00][000001D75F1D5780 49] iPhone7, [000001D7610A2F00][000001D75F1D17C0 49] iPodTouch7, [000001D761017E00][000001D75F1D9940 49] iPhone5S, [000001D7610A0F00][000001D75F1DDAC0 49] iPhone6Plus, [000001D761028100][000001D75F1E00C0 49] iPhone6S, [000001D761014300][000001D75F1E4240 49] iPhone6SPlus, [000001D76102A800][000001D75F1E83C0 49] iPhone7Plus, [000001D761016400][000001D75F1EC540 49] iPhoneSE, [000001D76102A600][000001D75F1F06C0 49] iPhone8, [000001D761014400][000001D75F1F4840 49] iPhone8Plus, [000001D76102B100][000001D75F1B4980 49] iPhoneX, [000001D7610A1400][000001D75F1F8AC0 49] iPhoneXS, [000001D76102AB00][000001D75F1FCC00 49] iPhoneXSMax, [000001D7610A0700][000001D7584BED40 49] iPhoneXR, [000001D761028800][000001D7584C6EC0 49] iPhone11, [000001D7610A1100][000001D7584CB040 49] iPhone11Pro, [000001D761029A00][000001D7584CF1C0 49] iPhone11ProMax, [000001D7610A3700][000001D7584D3340 49] iPhoneSE2, [000001D76102B800][000001D7584D74C0 49] iPhone12Mini, [000001D7610A2300][000001D7584DB640 49] iPhone12, [000001D76102B200][000001D7584DF7C0 49] iPhone12Pro, [000001D7610A1300][000001D7584E3940 49] iPhone12ProMax, [000001D761029500][000001D7584E7AC0 49] iPadPro105, [000001D7610A0A00][000001D7584EA0C0 49] iPadPro129, [000001D76102BD00][000001D7584EE240 49] iPadPro97, [000001D7610A2A00][000001D7584F23C0 49] iPadPro2_129, [000001D76102A900][000001D7584F6540 49] iPad5, [000001D7610A1E00][000001D7584FA6C0 49] iPad6, [000001D761029300][000001D7584FE840 49] iPad7, [000001D7610A0200][000001D7585029C0 49] iPad8, [000001D761028400][000001D758506B40 49] iPadPro11, [000001D7610A1A00][000001D7584C2C80 49] iPadPro2_11, [000001D761029600][000001D75850ADC0 49] iPadPro3_129, [000001D7610A2700][000001D75850EF00 49] iPadPro4_129, [000001D761028200][000001D758517080 49] AppleTV, [000001D7610A0900][000001D75851B200 49] AppleTV4K, [000001D761029D00][000001D75851F380 49] TVOS, [000001D7610A2D00][000001D758523500 49] Mac, [000001D76102B600][000001D758527680 49] MacClient, [000001D7610A3900][000001D75852B800 49] MacNoEditor, [000001D76102B500][000001D75852F980 49] MacServer, [000001D7610A1200][000001D758533B00 49] Linux, [000001D761029C00][000001D758536100 49] LinuxAArch64, [000001D7610A3C00][000001D75853A280 49] LinuxNoEditor, [000001D76102A300][000001D75853E400 49] LinuxAArch64NoEditor, [000001D7610A1B00][000001D758542580 49] LinuxClient, [000001D76102A500][000001D758546700 49] LinuxAArch64Client, [000001D7610A0E00][000001D75854A880 49] LinuxServer, [000001D76102B900][000001D75854EA00 49] LinuxAArch64Server, [000001D7610A3500][000001D758552B80 49] Android, [000001D761029E00][000001D758556D00 49] Android_Low, [000001D7610A1F00][000001D758512E40 49] Android_Mid, [000001D76102A200][000001D75855AF80 49] Android_High, [000001D7610A3F00][000001D75855F0C0 49] Android_Default, [000001D76102A000][000001D761211240 49] Android_Adreno4xx, [000001D7610A3D00][000001D7612153C0 49] Android_Adreno5xx_Low, [000001D76102AA00][000001D761219540 49] Android_Adreno5xx, [000001D7610A3800][000001D76121D6C0 49] Android_Adreno6xx, [000001D761064500][000001D761221840 49] Android_Adreno6xx_Vulkan, [000001D761015400][000001D7612259C0 49] Android_Mali_T6xx, [000001D761065100][000001D761229B40 49] Android_Mali_T7xx, [000001D761016D00][000001D76122C140 49] Android_Mali_T8xx, [000001D761066F00][000001D7612302C0 49] Android_Mali_G71, [000001D761017400][000001D761234440 49] Android_Mali_G72, [000001D761065700][000001D7612385C0 49] Android_Mali_G72_Vulkan, [000001D761015300][000001D76123C740 49] Android_Mali_G76, [000001D761067D00][000001D7612408C0 49] Android_Mali_G76_Vulkan, [000001D761016C00][000001D761244A40 49] Android_Mali_G77, [000001D761065500][000001D761248BC0 49] Android_Mali_G77_Vulkan, [000001D761015800][000001D76124CD40 49] Android_Mali_G78, [000001D761066200][000001D761250EC0 49] Android_Mali_G78_Vulkan, [000001D761017D00][000001D758563000 49] Android_Mali_G710, [000001D761064300][000001D761255140 49] Android_Mali_G710_Vulkan, [000001D761014200][000001D761259280 49] Android_Vulkan_SM5, [000001D761064800][000001D76125D3C0 49] Android_PowerVR_G6xxx, [000001D761016500][000001D761265540 49] Android_PowerVR_GT7xxx, [000001D761064E00][000001D7612696C0 49] Android_PowerVR_GE8xxx, [000001D761015500][000001D76126D840 49] Android_PowerVR_GM9xxx, [000001D761064D00][000001D7612719C0 49] Android_PowerVR_GM9xxx_Vulkan, [000001D761015900][000001D761275B40 49] Android_TegraK1, [000001D761064600][000001D761278140 49] Android_Unknown_Vulkan, [000001D761017800][000001D76127C2C0 49] Lumin, [000001D761066600][000001D761280440 49] Lumin_Desktop, [000001D761017B00][000001D7612845C0 49] HoloLens, 
[2022.10.01-14.00.01:723][  0]LogMeshReduction: Using QuadricMeshReduction for automatic static mesh reduction
[2022.10.01-14.00.01:723][  0]LogMeshReduction: Using SimplygonMeshReduction for automatic skeletal mesh reduction
[2022.10.01-14.00.01:723][  0]LogMeshReduction: Using ProxyLODMeshReduction for automatic mesh merging
[2022.10.01-14.00.01:723][  0]LogMeshReduction: No distributed automatic mesh merging module available
[2022.10.01-14.00.01:723][  0]LogMeshMerging: No distributed automatic mesh merging module available
[2022.10.01-14.00.01:740][  0]LogNetVersion: LunarEscape 1.0.0, NetCL: 17155196, EngineNetVer: 17, GameNetVer: 0 (Checksum: 1900145690)
[2022.10.01-14.00.02:180][  0]LogTexture: Default maximum texture size for cubemaps generated from long-lat sources has been changed from 512 to unlimited. In order to preserve old behaiour for '/Engine/MapTemplates/Sky/DaylightAmbientCubemap.DaylightAmbientCubemap', its maximum texture size has been explicitly set to 512.
[2022.10.01-14.00.02:263][  0]LogHMD: PokeAHoleMaterial loaded successfully
[2022.10.01-14.00.02:269][  0]LogUObjectArray: 17178 objects as part of root set at end of initial load.
[2022.10.01-14.00.02:270][  0]LogUObjectAllocator: 4302048 out of 0 bytes used by permanent object pool.
[2022.10.01-14.00.02:270][  0]LogUObjectArray: CloseDisregardForGC: 0/0 objects in disregard for GC pool
[2022.10.01-14.00.02:662][  0]LogNiagaraDebuggerClient: Niagara Debugger Client Initialized | Session: ACB9D7E9432BDAF9B5D58EB3F370C554 | Instance: 9504FE34419F4BB81A30179FB9DF1883 (SESSIOMS-PC-14188).
[2022.10.01-14.00.02:716][  0]LogPython: Using Python 3.7.7
[2022.10.01-14.00.03:376][  0]LogTcpMessaging: Initializing TcpMessaging bridge
[2022.10.01-14.00.03:380][  0]LogUdpMessaging: Initializing bridge on interface 0.0.0.0:0 to multicast group 230.0.0.1:6666.
[2022.10.01-14.00.03:539][  0]SourceControl: Source control is disabled
[2022.10.01-14.00.03:539][  0]SourceControl: Source control is disabled
[2022.10.01-14.00.03:542][  0]SourceControl: Source control is disabled
[2022.10.01-14.00.03:551][  0]SourceControl: Source control is disabled
[2022.10.01-14.00.03:557][  0]LogUProjectInfo: Found projects:
[2022.10.01-14.00.03:805][  0]LogOpenImageDenoise: OIDN starting up
[2022.10.01-14.00.03:840][  0]SourceControl: Source control is disabled
[2022.10.01-14.00.03:853][  0]LogAndroidPermission: UAndroidPermissionCallbackProxy::GetInstance
[2022.10.01-14.00.03:876][  0]LogAudioCaptureCore: Display: No Audio Capture implementations found. Audio input will be silent.
[2022.10.01-14.00.03:876][  0]LogAudioCaptureCore: Display: No Audio Capture implementations found. Audio input will be silent.
[2022.10.01-14.00.04:024][  0]LogCollectionManager: Loaded 0 collections in 0.018285 seconds
[2022.10.01-14.00.04:049][  0]LogFileCache: Scanning file cache for directory 'L:/CPS353-01-Moon-Game/LunarEscape/Saved/Collections/' took 0.00s
[2022.10.01-14.00.04:049][  0]LogFileCache: Scanning file cache for directory 'L:/CPS353-01-Moon-Game/LunarEscape/Content/Developers/joshc/Collections/' took 0.00s
[2022.10.01-14.00.04:049][  0]LogFileCache: Scanning file cache for directory 'L:/CPS353-01-Moon-Game/LunarEscape/Content/Collections/' took 0.00s
[2022.10.01-14.00.04:049][  0]LogOcInput: OculusInput pre-init called
[2022.10.01-14.00.04:315][  0]LogEngine: Initializing Engine...
[2022.10.01-14.00.04:493][  0]LogHMD: Failed to enumerate extensions. Please check that you have a valid OpenXR runtime installed.
[2022.10.01-14.00.04:494][  0]LogHMD: Failed to initialize OpenVR with code 110
[2022.10.01-14.00.04:541][  0]LogMagicLeap: Warning: VR disabled because ZI is not enabled.  To enable, in the editor, Edit -> Project Settings -> Plugins -> Magic Leap Plugin -> Enable Zero Iteration
[2022.10.01-14.00.04:542][  0]LogStats: UGameplayTagsManager::InitializeManager -  0.000 s
[2022.10.01-14.00.04:697][  0]LogInit: Initializing FReadOnlyCVARCache
[2022.10.01-14.00.04:704][  0]LogAIModule: Creating AISystem for world Untitled
[2022.10.01-14.00.04:717][  0]LogAudio: Display: Initializing Audio Device Manager...
[2022.10.01-14.00.04:721][  0]LogAudio: Display: Loading Default Audio Settings Objects...
[2022.10.01-14.00.04:721][  0]LogAudio: Display: No default SoundConcurrencyObject specified (or failed to load).
[2022.10.01-14.00.04:722][  0]LogAudio: Display: Audio Device Manager Initialized
[2022.10.01-14.00.04:722][  0]LogAudio: Display: Creating Audio Device:                 Id: 1, Scope: Shared, Realtime: True
[2022.10.01-14.00.04:722][  0]LogAudioMixer: Display: Audio Mixer Platform Settings:
[2022.10.01-14.00.04:722][  0]LogAudioMixer: Display: 	Sample Rate:						  48000
[2022.10.01-14.00.04:722][  0]LogAudioMixer: Display: 	Callback Buffer Frame Size Requested: 1024
[2022.10.01-14.00.04:722][  0]LogAudioMixer: Display: 	Callback Buffer Frame Size To Use:	  1024
[2022.10.01-14.00.04:722][  0]LogAudioMixer: Display: 	Number of buffers to queue:			  2
[2022.10.01-14.00.04:722][  0]LogAudioMixer: Display: 	Max Channels (voices):				  32
[2022.10.01-14.00.04:722][  0]LogAudioMixer: Display: 	Number of Async Source Workers:		  0
[2022.10.01-14.00.04:722][  0]LogAudio: Display: AudioDevice MaxSources: 32
[2022.10.01-14.00.04:722][  0]LogAudio: Display: Audio Spatialization Plugin: None (built-in).
[2022.10.01-14.00.04:722][  0]LogAudio: Display: Audio Reverb Plugin: None (built-in).
[2022.10.01-14.00.04:722][  0]LogAudio: Display: Audio Occlusion Plugin: None (built-in).
[2022.10.01-14.00.04:722][  0]LogAudioMixer: Display: Initializing audio mixer.
[2022.10.01-14.00.04:764][  0]LogAudioMixer: Display: 0: FrontLeft
[2022.10.01-14.00.04:764][  0]LogAudioMixer: Display: 1: FrontRight
[2022.10.01-14.00.04:838][  0]LogAudioMixer: Display: Using Audio Device Headset Earphone (HyperX 7.1 Audio)
[2022.10.01-14.00.04:839][  0]LogAudioMixer: Display: Initializing Sound Submixes...
[2022.10.01-14.00.04:840][  0]LogAudioMixer: Display: Creating Master Submix 'MasterSubmixDefault'
[2022.10.01-14.00.04:841][  0]LogAudioMixer: Display: Creating Master Submix 'MasterReverbSubmixDefault'
[2022.10.01-14.00.04:842][  0]LogAudioMixer: Display: Creating Master Submix 'MasterEQSubmixDefault'
[2022.10.01-14.00.04:842][  0]LogAudioMixer: FMixerPlatformXAudio2::StartAudioStream() called
[2022.10.01-14.00.04:842][  0]LogAudioMixer: Display: Output buffers initialized: Frames=1024, Channels=2, Samples=2048
[2022.10.01-14.00.04:843][  0]LogAudioMixer: Display: Starting AudioMixerPlatformInterface::RunInternal()
[2022.10.01-14.00.04:843][  0]LogAudioMixer: Display: FMixerPlatformXAudio2::SubmitBuffer() called for the first time
[2022.10.01-14.00.04:843][  0]LogInit: FAudioDevice initialized.
[2022.10.01-14.00.04:843][  0]LogAudio: Display: Audio Device (ID: 1) registered with world 'Untitled'.
[2022.10.01-14.00.04:843][  0]LogNetVersion: Set ProjectVersion to 1.0.0.0. Version Checksum will be recalculated on next use.
[2022.10.01-14.00.04:943][  0]LogDerivedDataCache: Saved boot cache 0.10s 94MB C:/Users/joshc/AppData/Local/UnrealEngine/4.27/DerivedDataCache/Boot.ddc.
[2022.10.01-14.00.04:944][  0]LogInit: Texture streaming: Enabled
[2022.10.01-14.00.04:959][  0]LogAnalytics: Display: [UEEditor.Rocket.Release] APIServer = https://datarouter.ol.epicgames.com/. AppVersion = 4.27.2-18319896+++UE4+Release-4.27
[2022.10.01-14.00.04:965][  0]LogEngineSessionManager: EngineSessionManager initialized
[2022.10.01-14.00.04:965][  0]LogEditorSessionSummary: Verbose: Initializing EditorSessionSummaryWriter for editor session tracking
[2022.10.01-14.00.04:969][  0]LogEditorSessionSummary: EditorSessionSummaryWriter initialized
[2022.10.01-14.00.04:995][  0]LogInit: Transaction tracking system initialized
[2022.10.01-14.00.05:019][  0]BlueprintLog: New page: Editor Load
[2022.10.01-14.00.05:097][  0]LocalizationService: Localization service is disabled
[2022.10.01-14.00.05:149][  0]TimingProfiler: Initialize
[2022.10.01-14.00.05:150][  0]TimingProfiler: OnSessionChanged
[2022.10.01-14.00.05:150][  0]LoadingProfiler: Initialize
[2022.10.01-14.00.05:150][  0]LoadingProfiler: OnSessionChanged
[2022.10.01-14.00.05:150][  0]NetworkingProfiler: Initialize
[2022.10.01-14.00.05:150][  0]NetworkingProfiler: OnSessionChanged
[2022.10.01-14.00.05:150][  0]MemoryProfiler: Initialize
[2022.10.01-14.00.05:150][  0]MemoryProfiler: OnSessionChanged
[2022.10.01-14.00.05:357][  0]LogCook: Display: CookSettings for Memory: MemoryMaxUsedVirtual 0MiB, MemoryMaxUsedPhysical 16384MiB, MemoryMinFreeVirtual 0MiB, MemoryMinFreePhysical 1024MiB
[2022.10.01-14.00.05:357][  0]LogCook: Display: Mobile HDR setting 1
[2022.10.01-14.00.05:572][  0]LogFileCache: Scanning file cache for directory 'L:/CPS353-01-Moon-Game/LunarEscape/Content/' took 0.01s
[2022.10.01-14.00.05:791][  0]LogInit: Display: Engine is initialized. Leaving FEngineLoop::Init()
[2022.10.01-14.00.05:795][  0]SourceControl: Source control is disabled
[2022.10.01-14.00.05:796][  0]LogUnrealEdMisc: Loading editor; pre map load, took 9.898
[2022.10.01-14.00.05:796][  0]Cmd: MAP LOAD FILE="../../../../../../CPS353-01-Moon-Game/LunarEscape/Content/ThirdPersonBP/Maps/ThirdPersonExampleMap.umap" TEMPLATE=0 SHOWPROGRESS=1 FEATURELEVEL=3
[2022.10.01-14.00.05:830][  0]LightingResults: New page: Lighting Build
[2022.10.01-14.00.05:832][  0]LogWorld: UWorld::CleanupWorld for Untitled, bSessionEnded=true, bCleanupResources=true
[2022.10.01-14.00.05:832][  0]LogSlate: InvalidateAllWidgets triggered.  All widgets were invalidated
[2022.10.01-14.00.05:832][  0]MapCheck: New page: Map Check
[2022.10.01-14.00.05:832][  0]LightingResults: New page: Lighting Build
[2022.10.01-14.00.05:837][  0]LogAudio: Display: Audio Device unregistered from world 'None'.
[2022.10.01-14.00.05:841][  0]LogUObjectHash: Compacting FUObjectHashTables data took   1.30ms
[2022.10.01-14.00.08:836][  0]LogAudio: Display: Audio Device (ID: 1) registered with world 'ThirdPersonExampleMap'.
[2022.10.01-14.00.08:837][  0]LogAIModule: Creating AISystem for world ThirdPersonExampleMap
[2022.10.01-14.00.09:148][  0]LogEditorServer: Finished looking for orphan Actors (0.000 secs)
[2022.10.01-14.00.09:177][  0]LogUObjectHash: Compacting FUObjectHashTables data took   1.00ms
[2022.10.01-14.00.09:179][  0]Cmd: MAP CHECKDEP NOCLEARLOG
[2022.10.01-14.00.09:179][  0]MapCheck: Map check complete: 0 Error(s), 0 Warning(s), took 0.263ms to complete.
[2022.10.01-14.00.09:179][  0]LogFileHelpers: Loading map 'ThirdPersonExampleMap' took 3.384
[2022.10.01-14.00.09:181][  0]LogUnrealEdMisc: Total Editor Startup Time, took 13.284
[2022.10.01-14.00.09:832][  0]LogSlate: Updating window title bar state: overlay mode, drag disabled, window buttons hidden, title bar hidden
[2022.10.01-14.00.09:840][  0]LogSlate: Updating window title bar state: overlay mode, drag disabled, window buttons hidden, title bar hidden
[2022.10.01-14.00.09:847][  0]LogSlate: Updating window title bar state: overlay mode, drag disabled, window buttons hidden, title bar hidden
[2022.10.01-14.00.09:853][  0]LogSlate: Updating window title bar state: overlay mode, drag disabled, window buttons hidden, title bar hidden
[2022.10.01-14.00.10:070][  0]LogNativeClassHierarchy: Verbose: Native class hierarchy populated in 0.0096 seconds. Added 3822 classes and 928 folders.
[2022.10.01-14.00.10:104][  0]LogNativeClassHierarchy: Verbose: Native class hierarchy updated for 'WidgetCarousel' in 0.0003 seconds. Added 0 classes and 0 folders.
[2022.10.01-14.00.10:210][  0]LogPakFile: PakFile PrimaryIndexSize=187
[2022.10.01-14.00.10:210][  0]LogPakFile: PakFile PathHashIndexSize=101
[2022.10.01-14.00.10:210][  0]LogPakFile: PakFile FullDirectoryIndexSize=148
[2022.10.01-14.00.10:225][  0]LogShaderLibrary: Display: ShaderCodeLibraryPakFileMountedCallback: PakFile 'L:/Program Files/Epic Games/UE_4.27/FeaturePacks/FP_FirstPerson.upack' (chunk index -1, root 'root:/') mounted
[2022.10.01-14.00.10:225][  0]LogShaderLibrary: Display: ShaderCodeLibraryPakFileMountedCallback: pending pak file info (ChunkID:-1 Root:root:/ File:L:/Program Files/Epic Games/UE_4.27/FeaturePacks/FP_FirstPerson.upack)
[2022.10.01-14.00.10:225][  0]LogPakFile: OnPakFileMounted2Time == 0.015575
[2022.10.01-14.00.10:237][  0]LogPakFile: PakFile PrimaryIndexSize=189
[2022.10.01-14.00.10:237][  0]LogPakFile: PakFile PathHashIndexSize=101
[2022.10.01-14.00.10:237][  0]LogPakFile: PakFile FullDirectoryIndexSize=152
[2022.10.01-14.00.10:237][  0]LogShaderLibrary: Display: ShaderCodeLibraryPakFileMountedCallback: PakFile 'L:/Program Files/Epic Games/UE_4.27/FeaturePacks/FP_FirstPersonBP.upack' (chunk index -1, root 'root:/') mounted
[2022.10.01-14.00.10:237][  0]LogShaderLibrary: Display: ShaderCodeLibraryPakFileMountedCallback: pending pak file info (ChunkID:-1 Root:root:/ File:L:/Program Files/Epic Games/UE_4.27/FeaturePacks/FP_FirstPersonBP.upack)
[2022.10.01-14.00.10:238][  0]LogPakFile: OnPakFileMounted2Time == 0.000053
[2022.10.01-14.00.10:306][  0]LogPakFile: PakFile PrimaryIndexSize=191
[2022.10.01-14.00.10:306][  0]LogPakFile: PakFile PathHashIndexSize=101
[2022.10.01-14.00.10:306][  0]LogPakFile: PakFile FullDirectoryIndexSize=160
[2022.10.01-14.00.10:306][  0]LogShaderLibrary: Display: ShaderCodeLibraryPakFileMountedCallback: PakFile 'L:/Program Files/Epic Games/UE_4.27/FeaturePacks/MobileStarterContent.upack' (chunk index -1, root 'root:/') mounted
[2022.10.01-14.00.10:306][  0]LogShaderLibrary: Display: ShaderCodeLibraryPakFileMountedCallback: pending pak file info (ChunkID:-1 Root:root:/ File:L:/Program Files/Epic Games/UE_4.27/FeaturePacks/MobileStarterContent.upack)
[2022.10.01-14.00.10:306][  0]LogPakFile: OnPakFileMounted2Time == 0.000045
[2022.10.01-14.00.10:327][  0]LogPakFile: PakFile PrimaryIndexSize=185
[2022.10.01-14.00.10:327][  0]LogPakFile: PakFile PathHashIndexSize=101
[2022.10.01-14.00.10:327][  0]LogPakFile: PakFile FullDirectoryIndexSize=148
[2022.10.01-14.00.10:327][  0]LogShaderLibrary: Display: ShaderCodeLibraryPakFileMountedCallback: PakFile 'L:/Program Files/Epic Games/UE_4.27/FeaturePacks/StarterContent.upack' (chunk index -1, root 'root:/') mounted
[2022.10.01-14.00.10:327][  0]LogShaderLibrary: Display: ShaderCodeLibraryPakFileMountedCallback: pending pak file info (ChunkID:-1 Root:root:/ File:L:/Program Files/Epic Games/UE_4.27/FeaturePacks/StarterContent.upack)
[2022.10.01-14.00.10:327][  0]LogPakFile: OnPakFileMounted2Time == 0.000050
[2022.10.01-14.00.10:344][  0]LogPakFile: PakFile PrimaryIndexSize=190
[2022.10.01-14.00.10:344][  0]LogPakFile: PakFile PathHashIndexSize=101
[2022.10.01-14.00.10:344][  0]LogPakFile: PakFile FullDirectoryIndexSize=154
[2022.10.01-14.00.10:344][  0]LogShaderLibrary: Display: ShaderCodeLibraryPakFileMountedCallback: PakFile 'L:/Program Files/Epic Games/UE_4.27/FeaturePacks/TP_2DSideScroller.upack' (chunk index -1, root 'root:/') mounted
[2022.10.01-14.00.10:344][  0]LogShaderLibrary: Display: ShaderCodeLibraryPakFileMountedCallback: pending pak file info (ChunkID:-1 Root:root:/ File:L:/Program Files/Epic Games/UE_4.27/FeaturePacks/TP_2DSideScroller.upack)
[2022.10.01-14.00.10:344][  0]LogPakFile: OnPakFileMounted2Time == 0.000052
[2022.10.01-14.00.10:350][  0]LogPakFile: PakFile PrimaryIndexSize=192
[2022.10.01-14.00.10:350][  0]LogPakFile: PakFile PathHashIndexSize=101
[2022.10.01-14.00.10:350][  0]LogPakFile: PakFile FullDirectoryIndexSize=158
[2022.10.01-14.00.10:350][  0]LogShaderLibrary: Display: ShaderCodeLibraryPakFileMountedCallback: PakFile 'L:/Program Files/Epic Games/UE_4.27/FeaturePacks/TP_2DSideScrollerBP.upack' (chunk index -1, root 'root:/') mounted
[2022.10.01-14.00.10:350][  0]LogShaderLibrary: Display: ShaderCodeLibraryPakFileMountedCallback: pending pak file info (ChunkID:-1 Root:root:/ File:L:/Program Files/Epic Games/UE_4.27/FeaturePacks/TP_2DSideScrollerBP.upack)
[2022.10.01-14.00.10:350][  0]LogPakFile: OnPakFileMounted2Time == 0.000044
[2022.10.01-14.00.10:361][  0]LogPakFile: PakFile PrimaryIndexSize=182
[2022.10.01-14.00.10:361][  0]LogPakFile: PakFile PathHashIndexSize=101
[2022.10.01-14.00.10:361][  0]LogPakFile: PakFile FullDirectoryIndexSize=138
[2022.10.01-14.00.10:361][  0]LogShaderLibrary: Display: ShaderCodeLibraryPakFileMountedCallback: PakFile 'L:/Program Files/Epic Games/UE_4.27/FeaturePacks/TP_Flying.upack' (chunk index -1, root 'root:/') mounted
[2022.10.01-14.00.10:361][  0]LogShaderLibrary: Display: ShaderCodeLibraryPakFileMountedCallback: pending pak file info (ChunkID:-1 Root:root:/ File:L:/Program Files/Epic Games/UE_4.27/FeaturePacks/TP_Flying.upack)
[2022.10.01-14.00.10:361][  0]LogPakFile: OnPakFileMounted2Time == 0.000056
[2022.10.01-14.00.10:381][  0]LogPakFile: PakFile PrimaryIndexSize=184
[2022.10.01-14.00.10:381][  0]LogPakFile: PakFile PathHashIndexSize=101
[2022.10.01-14.00.10:381][  0]LogPakFile: PakFile FullDirectoryIndexSize=142
[2022.10.01-14.00.10:381][  0]LogShaderLibrary: Display: ShaderCodeLibraryPakFileMountedCallback: PakFile 'L:/Program Files/Epic Games/UE_4.27/FeaturePacks/TP_FlyingBP.upack' (chunk index -1, root 'root:/') mounted
[2022.10.01-14.00.10:381][  0]LogShaderLibrary: Display: ShaderCodeLibraryPakFileMountedCallback: pending pak file info (ChunkID:-1 Root:root:/ File:L:/Program Files/Epic Games/UE_4.27/FeaturePacks/TP_FlyingBP.upack)
[2022.10.01-14.00.10:381][  0]LogPakFile: OnPakFileMounted2Time == 0.000050
[2022.10.01-14.00.10:406][  0]LogPakFile: PakFile PrimaryIndexSize=188
[2022.10.01-14.00.10:406][  0]LogPakFile: PakFile PathHashIndexSize=101
[2022.10.01-14.00.10:406][  0]LogPakFile: PakFile FullDirectoryIndexSize=150
[2022.10.01-14.00.10:406][  0]LogShaderLibrary: Display: ShaderCodeLibraryPakFileMountedCallback: PakFile 'L:/Program Files/Epic Games/UE_4.27/FeaturePacks/TP_HandheldARBP.upack' (chunk index -1, root 'root:/') mounted
[2022.10.01-14.00.10:406][  0]LogShaderLibrary: Display: ShaderCodeLibraryPakFileMountedCallback: pending pak file info (ChunkID:-1 Root:root:/ File:L:/Program Files/Epic Games/UE_4.27/FeaturePacks/TP_HandheldARBP.upack)
[2022.10.01-14.00.10:406][  0]LogPakFile: OnPakFileMounted2Time == 0.000061
[2022.10.01-14.00.10:444][  0]LogPakFile: PakFile PrimaryIndexSize=182
[2022.10.01-14.00.10:444][  0]LogPakFile: PakFile PathHashIndexSize=101
[2022.10.01-14.00.10:444][  0]LogPakFile: PakFile FullDirectoryIndexSize=138
[2022.10.01-14.00.10:444][  0]LogShaderLibrary: Display: ShaderCodeLibraryPakFileMountedCallback: PakFile 'L:/Program Files/Epic Games/UE_4.27/FeaturePacks/TP_Puzzle.upack' (chunk index -1, root 'root:/') mounted
[2022.10.01-14.00.10:444][  0]LogShaderLibrary: Display: ShaderCodeLibraryPakFileMountedCallback: pending pak file info (ChunkID:-1 Root:root:/ File:L:/Program Files/Epic Games/UE_4.27/FeaturePacks/TP_Puzzle.upack)
[2022.10.01-14.00.10:445][  0]LogPakFile: OnPakFileMounted2Time == 0.000061
[2022.10.01-14.00.10:459][  0]LogPakFile: PakFile PrimaryIndexSize=184
[2022.10.01-14.00.10:459][  0]LogPakFile: PakFile PathHashIndexSize=101
[2022.10.01-14.00.10:459][  0]LogPakFile: PakFile FullDirectoryIndexSize=142
[2022.10.01-14.00.10:459][  0]LogShaderLibrary: Display: ShaderCodeLibraryPakFileMountedCallback: PakFile 'L:/Program Files/Epic Games/UE_4.27/FeaturePacks/TP_PuzzleBP.upack' (chunk index -1, root 'root:/') mounted
[2022.10.01-14.00.10:459][  0]LogShaderLibrary: Display: ShaderCodeLibraryPakFileMountedCallback: pending pak file info (ChunkID:-1 Root:root:/ File:L:/Program Files/Epic Games/UE_4.27/FeaturePacks/TP_PuzzleBP.upack)
[2022.10.01-14.00.10:459][  0]LogPakFile: OnPakFileMounted2Time == 0.000046
[2022.10.01-14.00.10:468][  0]LogPakFile: PakFile PrimaryIndexSize=183
[2022.10.01-14.00.10:468][  0]LogPakFile: PakFile PathHashIndexSize=101
[2022.10.01-14.00.10:468][  0]LogPakFile: PakFile FullDirectoryIndexSize=140
[2022.10.01-14.00.10:468][  0]LogShaderLibrary: Display: ShaderCodeLibraryPakFileMountedCallback: PakFile 'L:/Program Files/Epic Games/UE_4.27/FeaturePacks/TP_Rolling.upack' (chunk index -1, root 'root:/') mounted
[2022.10.01-14.00.10:468][  0]LogShaderLibrary: Display: ShaderCodeLibraryPakFileMountedCallback: pending pak file info (ChunkID:-1 Root:root:/ File:L:/Program Files/Epic Games/UE_4.27/FeaturePacks/TP_Rolling.upack)
[2022.10.01-14.00.10:468][  0]LogPakFile: OnPakFileMounted2Time == 0.000047
[2022.10.01-14.00.10:481][  0]LogPakFile: PakFile PrimaryIndexSize=185
[2022.10.01-14.00.10:481][  0]LogPakFile: PakFile PathHashIndexSize=101
[2022.10.01-14.00.10:481][  0]LogPakFile: PakFile FullDirectoryIndexSize=144
[2022.10.01-14.00.10:482][  0]LogShaderLibrary: Display: ShaderCodeLibraryPakFileMountedCallback: PakFile 'L:/Program Files/Epic Games/UE_4.27/FeaturePacks/TP_RollingBP.upack' (chunk index -1, root 'root:/') mounted
[2022.10.01-14.00.10:482][  0]LogShaderLibrary: Display: ShaderCodeLibraryPakFileMountedCallback: pending pak file info (ChunkID:-1 Root:root:/ File:L:/Program Files/Epic Games/UE_4.27/FeaturePacks/TP_RollingBP.upack)
[2022.10.01-14.00.10:482][  0]LogPakFile: OnPakFileMounted2Time == 0.000206
[2022.10.01-14.00.10:488][  0]LogPakFile: PakFile PrimaryIndexSize=188
[2022.10.01-14.00.10:488][  0]LogPakFile: PakFile PathHashIndexSize=101
[2022.10.01-14.00.10:488][  0]LogPakFile: PakFile FullDirectoryIndexSize=150
[2022.10.01-14.00.10:488][  0]LogShaderLibrary: Display: ShaderCodeLibraryPakFileMountedCallback: PakFile 'L:/Program Files/Epic Games/UE_4.27/FeaturePacks/TP_SideScroller.upack' (chunk index -1, root 'root:/') mounted
[2022.10.01-14.00.10:488][  0]LogShaderLibrary: Display: ShaderCodeLibraryPakFileMountedCallback: pending pak file info (ChunkID:-1 Root:root:/ File:L:/Program Files/Epic Games/UE_4.27/FeaturePacks/TP_SideScroller.upack)
[2022.10.01-14.00.10:488][  0]LogPakFile: OnPakFileMounted2Time == 0.000047
[2022.10.01-14.00.10:494][  0]LogPakFile: PakFile PrimaryIndexSize=190
[2022.10.01-14.00.10:494][  0]LogPakFile: PakFile PathHashIndexSize=101
[2022.10.01-14.00.10:494][  0]LogPakFile: PakFile FullDirectoryIndexSize=154
[2022.10.01-14.00.10:494][  0]LogShaderLibrary: Display: ShaderCodeLibraryPakFileMountedCallback: PakFile 'L:/Program Files/Epic Games/UE_4.27/FeaturePacks/TP_SideScrollerBP.upack' (chunk index -1, root 'root:/') mounted
[2022.10.01-14.00.10:494][  0]LogShaderLibrary: Display: ShaderCodeLibraryPakFileMountedCallback: pending pak file info (ChunkID:-1 Root:root:/ File:L:/Program Files/Epic Games/UE_4.27/FeaturePacks/TP_SideScrollerBP.upack)
[2022.10.01-14.00.10:494][  0]LogPakFile: OnPakFileMounted2Time == 0.000053
[2022.10.01-14.00.10:502][  0]LogPakFile: PakFile PrimaryIndexSize=187
[2022.10.01-14.00.10:502][  0]LogPakFile: PakFile PathHashIndexSize=101
[2022.10.01-14.00.10:502][  0]LogPakFile: PakFile FullDirectoryIndexSize=148
[2022.10.01-14.00.10:502][  0]LogShaderLibrary: Display: ShaderCodeLibraryPakFileMountedCallback: PakFile 'L:/Program Files/Epic Games/UE_4.27/FeaturePacks/TP_ThirdPerson.upack' (chunk index -1, root 'root:/') mounted
[2022.10.01-14.00.10:502][  0]LogShaderLibrary: Display: ShaderCodeLibraryPakFileMountedCallback: pending pak file info (ChunkID:-1 Root:root:/ File:L:/Program Files/Epic Games/UE_4.27/FeaturePacks/TP_ThirdPerson.upack)
[2022.10.01-14.00.10:502][  0]LogPakFile: OnPakFileMounted2Time == 0.000045
[2022.10.01-14.00.10:509][  0]LogPakFile: PakFile PrimaryIndexSize=189
[2022.10.01-14.00.10:509][  0]LogPakFile: PakFile PathHashIndexSize=101
[2022.10.01-14.00.10:509][  0]LogPakFile: PakFile FullDirectoryIndexSize=152
[2022.10.01-14.00.10:509][  0]LogShaderLibrary: Display: ShaderCodeLibraryPakFileMountedCallback: PakFile 'L:/Program Files/Epic Games/UE_4.27/FeaturePacks/TP_ThirdPersonBP.upack' (chunk index -1, root 'root:/') mounted
[2022.10.01-14.00.10:510][  0]LogShaderLibrary: Display: ShaderCodeLibraryPakFileMountedCallback: pending pak file info (ChunkID:-1 Root:root:/ File:L:/Program Files/Epic Games/UE_4.27/FeaturePacks/TP_ThirdPersonBP.upack)
[2022.10.01-14.00.10:510][  0]LogPakFile: OnPakFileMounted2Time == 0.000063
[2022.10.01-14.00.10:556][  0]LogPakFile: PakFile PrimaryIndexSize=183
[2022.10.01-14.00.10:556][  0]LogPakFile: PakFile PathHashIndexSize=101
[2022.10.01-14.00.10:556][  0]LogPakFile: PakFile FullDirectoryIndexSize=140
[2022.10.01-14.00.10:557][  0]LogShaderLibrary: Display: ShaderCodeLibraryPakFileMountedCallback: PakFile 'L:/Program Files/Epic Games/UE_4.27/FeaturePacks/TP_TopDown.upack' (chunk index -1, root 'root:/') mounted
[2022.10.01-14.00.10:557][  0]LogShaderLibrary: Display: ShaderCodeLibraryPakFileMountedCallback: pending pak file info (ChunkID:-1 Root:root:/ File:L:/Program Files/Epic Games/UE_4.27/FeaturePacks/TP_TopDown.upack)
[2022.10.01-14.00.10:557][  0]LogPakFile: OnPakFileMounted2Time == 0.000085
[2022.10.01-14.00.10:563][  0]LogPakFile: PakFile PrimaryIndexSize=185
[2022.10.01-14.00.10:563][  0]LogPakFile: PakFile PathHashIndexSize=101
[2022.10.01-14.00.10:563][  0]LogPakFile: PakFile FullDirectoryIndexSize=144
[2022.10.01-14.00.10:563][  0]LogShaderLibrary: Display: ShaderCodeLibraryPakFileMountedCallback: PakFile 'L:/Program Files/Epic Games/UE_4.27/FeaturePacks/TP_TopDownBP.upack' (chunk index -1, root 'root:/') mounted
[2022.10.01-14.00.10:563][  0]LogShaderLibrary: Display: ShaderCodeLibraryPakFileMountedCallback: pending pak file info (ChunkID:-1 Root:root:/ File:L:/Program Files/Epic Games/UE_4.27/FeaturePacks/TP_TopDownBP.upack)
[2022.10.01-14.00.10:563][  0]LogPakFile: OnPakFileMounted2Time == 0.000094
[2022.10.01-14.00.10:574][  0]LogPakFile: PakFile PrimaryIndexSize=185
[2022.10.01-14.00.10:574][  0]LogPakFile: PakFile PathHashIndexSize=101
[2022.10.01-14.00.10:574][  0]LogPakFile: PakFile FullDirectoryIndexSize=144
[2022.10.01-14.00.10:574][  0]LogShaderLibrary: Display: ShaderCodeLibraryPakFileMountedCallback: PakFile 'L:/Program Files/Epic Games/UE_4.27/FeaturePacks/TP_TwinStick.upack' (chunk index -1, root 'root:/') mounted
[2022.10.01-14.00.10:574][  0]LogShaderLibrary: Display: ShaderCodeLibraryPakFileMountedCallback: pending pak file info (ChunkID:-1 Root:root:/ File:L:/Program Files/Epic Games/UE_4.27/FeaturePacks/TP_TwinStick.upack)
[2022.10.01-14.00.10:574][  0]LogPakFile: OnPakFileMounted2Time == 0.000048
[2022.10.01-14.00.10:581][  0]LogPakFile: PakFile PrimaryIndexSize=187
[2022.10.01-14.00.10:581][  0]LogPakFile: PakFile PathHashIndexSize=101
[2022.10.01-14.00.10:581][  0]LogPakFile: PakFile FullDirectoryIndexSize=148
[2022.10.01-14.00.10:581][  0]LogShaderLibrary: Display: ShaderCodeLibraryPakFileMountedCallback: PakFile 'L:/Program Files/Epic Games/UE_4.27/FeaturePacks/TP_TwinStickBP.upack' (chunk index -1, root 'root:/') mounted
[2022.10.01-14.00.10:581][  0]LogShaderLibrary: Display: ShaderCodeLibraryPakFileMountedCallback: pending pak file info (ChunkID:-1 Root:root:/ File:L:/Program Files/Epic Games/UE_4.27/FeaturePacks/TP_TwinStickBP.upack)
[2022.10.01-14.00.10:581][  0]LogPakFile: OnPakFileMounted2Time == 0.000045
[2022.10.01-14.00.10:587][  0]LogPakFile: PakFile PrimaryIndexSize=183
[2022.10.01-14.00.10:587][  0]LogPakFile: PakFile PathHashIndexSize=101
[2022.10.01-14.00.10:587][  0]LogPakFile: PakFile FullDirectoryIndexSize=140
[2022.10.01-14.00.10:588][  0]LogShaderLibrary: Display: ShaderCodeLibraryPakFileMountedCallback: PakFile 'L:/Program Files/Epic Games/UE_4.27/FeaturePacks/TP_Vehicle.upack' (chunk index -1, root 'root:/') mounted
[2022.10.01-14.00.10:588][  0]LogShaderLibrary: Display: ShaderCodeLibraryPakFileMountedCallback: pending pak file info (ChunkID:-1 Root:root:/ File:L:/Program Files/Epic Games/UE_4.27/FeaturePacks/TP_Vehicle.upack)
[2022.10.01-14.00.10:588][  0]LogPakFile: OnPakFileMounted2Time == 0.000077
[2022.10.01-14.00.10:595][  0]LogPakFile: PakFile PrimaryIndexSize=186
[2022.10.01-14.00.10:596][  0]LogPakFile: PakFile PathHashIndexSize=101
[2022.10.01-14.00.10:596][  0]LogPakFile: PakFile FullDirectoryIndexSize=146
[2022.10.01-14.00.10:596][  0]LogShaderLibrary: Display: ShaderCodeLibraryPakFileMountedCallback: PakFile 'L:/Program Files/Epic Games/UE_4.27/FeaturePacks/TP_VehicleAdv.upack' (chunk index -1, root 'root:/') mounted
[2022.10.01-14.00.10:596][  0]LogShaderLibrary: Display: ShaderCodeLibraryPakFileMountedCallback: pending pak file info (ChunkID:-1 Root:root:/ File:L:/Program Files/Epic Games/UE_4.27/FeaturePacks/TP_VehicleAdv.upack)
[2022.10.01-14.00.10:596][  0]LogPakFile: OnPakFileMounted2Time == 0.000094
[2022.10.01-14.00.10:603][  0]LogPakFile: PakFile PrimaryIndexSize=188
[2022.10.01-14.00.10:603][  0]LogPakFile: PakFile PathHashIndexSize=101
[2022.10.01-14.00.10:603][  0]LogPakFile: PakFile FullDirectoryIndexSize=150
[2022.10.01-14.00.10:603][  0]LogShaderLibrary: Display: ShaderCodeLibraryPakFileMountedCallback: PakFile 'L:/Program Files/Epic Games/UE_4.27/FeaturePacks/TP_VehicleAdvBP.upack' (chunk index -1, root 'root:/') mounted
[2022.10.01-14.00.10:603][  0]LogShaderLibrary: Display: ShaderCodeLibraryPakFileMountedCallback: pending pak file info (ChunkID:-1 Root:root:/ File:L:/Program Files/Epic Games/UE_4.27/FeaturePacks/TP_VehicleAdvBP.upack)
[2022.10.01-14.00.10:603][  0]LogPakFile: OnPakFileMounted2Time == 0.000053
[2022.10.01-14.00.10:631][  0]LogPakFile: PakFile PrimaryIndexSize=185
[2022.10.01-14.00.10:631][  0]LogPakFile: PakFile PathHashIndexSize=101
[2022.10.01-14.00.10:631][  0]LogPakFile: PakFile FullDirectoryIndexSize=144
[2022.10.01-14.00.10:631][  0]LogShaderLibrary: Display: ShaderCodeLibraryPakFileMountedCallback: PakFile 'L:/Program Files/Epic Games/UE_4.27/FeaturePacks/TP_VehicleBP.upack' (chunk index -1, root 'root:/') mounted
[2022.10.01-14.00.10:631][  0]LogShaderLibrary: Display: ShaderCodeLibraryPakFileMountedCallback: pending pak file info (ChunkID:-1 Root:root:/ File:L:/Program Files/Epic Games/UE_4.27/FeaturePacks/TP_VehicleBP.upack)
[2022.10.01-14.00.10:631][  0]LogPakFile: OnPakFileMounted2Time == 0.000054
[2022.10.01-14.00.10:637][  0]LogPakFile: PakFile PrimaryIndexSize=192
[2022.10.01-14.00.10:637][  0]LogPakFile: PakFile PathHashIndexSize=101
[2022.10.01-14.00.10:637][  0]LogPakFile: PakFile FullDirectoryIndexSize=158
[2022.10.01-14.00.10:637][  0]LogShaderLibrary: Display: ShaderCodeLibraryPakFileMountedCallback: PakFile 'L:/Program Files/Epic Games/UE_4.27/FeaturePacks/TP_VirtualRealityBP.upack' (chunk index -1, root 'root:/') mounted
[2022.10.01-14.00.10:637][  0]LogShaderLibrary: Display: ShaderCodeLibraryPakFileMountedCallback: pending pak file info (ChunkID:-1 Root:root:/ File:L:/Program Files/Epic Games/UE_4.27/FeaturePacks/TP_VirtualRealityBP.upack)
[2022.10.01-14.00.10:638][  0]LogPakFile: OnPakFileMounted2Time == 0.000062
[2022.10.01-14.00.11:528][  0]LogNativeClassHierarchy: Verbose: Native class hierarchy updated for 'AddContentDialog' in 0.0003 seconds. Added 0 classes and 0 folders.
[2022.10.01-14.00.11:580][  0]LogNativeClassHierarchy: Verbose: Native class hierarchy updated for 'SceneOutliner' in 0.0003 seconds. Added 2 classes and 0 folders.
[2022.10.01-14.00.12:261][  0]LogSlate: Took 0.000202 seconds to synchronously load lazily loaded font '../../../Engine/Content/Slate/Fonts/Roboto-Regular.ttf' (155K)
[2022.10.01-14.00.12:280][  0]LogSlate: Took 0.017599 seconds to synchronously load lazily loaded font '../../../Engine/Content/Editor/Slate/Fonts/FontAwesome.ttf' (139K)
[2022.10.01-14.00.12:295][  0]LogSlate: Took 0.000167 seconds to synchronously load lazily loaded font '../../../Engine/Content/Slate/Fonts/Roboto-Bold.ttf' (160K)
[2022.10.01-14.00.12:758][  0]LogRenderer: Reallocating scene render targets to support 1208x572 Format 10 NumSamples 1 (Frame:1).
[2022.10.01-14.00.13:344][  0]LogNativeClassHierarchy: Verbose: Native class hierarchy updated for 'HierarchicalLODOutliner' in 0.0002 seconds. Added 0 classes and 0 folders.
[2022.10.01-14.00.13:344][  0]LogInput: Warning: Action Jump uses invalid key OculusGo_Left_Trigger_Click.
[2022.10.01-14.00.13:344][  0]LogInput: Warning: Action ResetVR uses invalid key OculusGo_Left_Trackpad_Click.
[2022.10.01-14.00.13:344][  0]LogInput: Warning: Use -RemoveInvalidKeys to remove instances of these keys from the action mapping.
[2022.10.01-14.00.13:344][  0]LogLoad: (Engine Initialization) Total time: 17.45 seconds
[2022.10.01-14.00.13:344][  0]LogLoad: (Engine Initialization) Total Blueprint compile time: 0.00 seconds
[2022.10.01-14.00.13:458][  0]LogContentStreaming: Texture pool size now 1000 MB
[2022.10.01-14.00.13:497][  1]LogAssetRegistry: Asset discovery search completed in 12.5089 seconds
[2022.10.01-14.00.13:502][  1]LogCollectionManager: Fixed up redirectors for 0 collections in 0.000003 seconds (updated 0 objects)
[2022.10.01-14.00.13:904][  2]LogSlate: Took 0.024830 seconds to synchronously load lazily loaded font '../../../Engine/Content/Slate/Fonts/Roboto-Light.ttf' (167K)
[2022.10.01-14.00.14:820][  5]LogSlate: Took 0.000416 seconds to synchronously load lazily loaded font '../../../Engine/Content/Slate/Fonts/Roboto-Light.ttf' (167K)
[2022.10.01-14.05.17:013][249]LogUObjectHash: Compacting FUObjectHashTables data took   0.77ms
[2022.10.01-14.05.43:111][249]LogAssetEditorSubsystem: Opening Asset editor for World /Game/Joshua/Maps/SpaceStation.SpaceStation
[2022.10.01-14.05.43:150][249]Cmd: MAP LOAD FILE="../../../../../../CPS353-01-Moon-Game/LunarEscape/Content/Joshua/Maps/SpaceStation.umap" TEMPLATE=0 SHOWPROGRESS=1 FEATURELEVEL=3
[2022.10.01-14.05.43:175][249]LightingResults: New page: Lighting Build
[2022.10.01-14.05.43:175][249]LoadErrors: New page: Loading map: SpaceStation.umap
[2022.10.01-14.05.43:194][249]LogWorld: UWorld::CleanupWorld for ThirdPersonExampleMap, bSessionEnded=true, bCleanupResources=true
[2022.10.01-14.05.43:194][249]LogSlate: InvalidateAllWidgets triggered.  All widgets were invalidated
[2022.10.01-14.05.43:194][249]MapCheck: New page: Map Check
[2022.10.01-14.05.43:194][249]LightingResults: New page: Lighting Build
[2022.10.01-14.05.43:226][249]LogAudio: Display: Audio Device unregistered from world 'None'.
[2022.10.01-14.05.43:231][249]LogUObjectHash: Compacting FUObjectHashTables data took   2.34ms
[2022.10.01-14.05.43:234][249]LogAudio: Display: Audio Device (ID: 1) registered with world 'SpaceStation'.
[2022.10.01-14.05.44:569][249]LogEditorServer: Finished looking for orphan Actors (0.000 secs)
[2022.10.01-14.05.44:569][249]LogAIModule: Creating AISystem for world SpaceStation
[2022.10.01-14.05.44:664][249]LogUObjectHash: Compacting FUObjectHashTables data took   0.98ms
[2022.10.01-14.05.44:673][249]Cmd: MAP CHECKDEP NOCLEARLOG
[2022.10.01-14.05.44:674][249]MapCheck: Map check complete: 0 Error(s), 0 Warning(s), took 0.462ms to complete.
[2022.10.01-14.05.44:674][249]LogFileHelpers: Loading map 'SpaceStation' took 1.524
[2022.10.01-14.05.51:715][323]LogTemp: Repeating last play command: Selected Viewport
[2022.10.01-14.05.51:754][323]LogPlayLevel: PlayLevel: No blueprints needed recompiling
[2022.10.01-14.05.51:819][323]PIE: New page: PIE session: SpaceStation (Oct 1, 2022, 6:05:51 AM)
[2022.10.01-14.05.51:832][323]LogOnline: OSS: Creating online subsystem instance for: NULL
[2022.10.01-14.05.51:839][323]LogOnline: OSS: TryLoadSubsystemAndSetDefault: Loaded subsystem for module [NULL]
[2022.10.01-14.05.51:854][323]LogPlayLevel: Creating play world package: /Game/Joshua/Maps/UEDPIE_0_SpaceStation
[2022.10.01-14.05.52:265][323]LogPlayLevel: PIE: StaticDuplicateObject took: (0.411446s)
[2022.10.01-14.05.52:284][323]LogAIModule: Creating AISystem for world SpaceStation
[2022.10.01-14.05.52:286][323]LogPlayLevel: PIE: World Init took: (0.019815s)
[2022.10.01-14.05.52:286][323]LogPlayLevel: PIE: Created PIE world by copying editor world from /Game/Joshua/Maps/SpaceStation.SpaceStation to /Game/Joshua/Maps/UEDPIE_0_SpaceStation.SpaceStation (0.432991s)
[2022.10.01-14.05.52:296][323]LogUObjectHash: Compacting FUObjectHashTables data took   0.99ms
[2022.10.01-14.05.52:299][323]LogAudio: Display: Creating Audio Device:                 Id: 2, Scope: Unique, Realtime: True
[2022.10.01-14.05.52:299][323]LogAudioMixer: Display: Audio Mixer Platform Settings:
[2022.10.01-14.05.52:299][323]LogAudioMixer: Display: 	Sample Rate:						  48000
[2022.10.01-14.05.52:299][323]LogAudioMixer: Display: 	Callback Buffer Frame Size Requested: 1024
[2022.10.01-14.05.52:299][323]LogAudioMixer: Display: 	Callback Buffer Frame Size To Use:	  1024
[2022.10.01-14.05.52:299][323]LogAudioMixer: Display: 	Number of buffers to queue:			  2
[2022.10.01-14.05.52:299][323]LogAudioMixer: Display: 	Max Channels (voices):				  32
[2022.10.01-14.05.52:299][323]LogAudioMixer: Display: 	Number of Async Source Workers:		  0
[2022.10.01-14.05.52:299][323]LogAudio: Display: AudioDevice MaxSources: 32
[2022.10.01-14.05.52:300][323]LogAudio: Display: Audio Spatialization Plugin: None (built-in).
[2022.10.01-14.05.52:300][323]LogAudio: Display: Audio Reverb Plugin: None (built-in).
[2022.10.01-14.05.52:300][323]LogAudio: Display: Audio Occlusion Plugin: None (built-in).
[2022.10.01-14.05.52:300][323]LogAudioMixer: Display: Initializing audio mixer.
[2022.10.01-14.05.52:308][323]LogAudioMixer: Display: 0: FrontLeft
[2022.10.01-14.05.52:308][323]LogAudioMixer: Display: 1: FrontRight
[2022.10.01-14.05.52:323][323]LogAudioMixer: Display: Using Audio Device Headset Earphone (HyperX 7.1 Audio)
[2022.10.01-14.05.52:323][323]LogAudioMixer: Display: Initializing Sound Submixes...
[2022.10.01-14.05.52:323][323]LogAudioMixer: Display: Creating Master Submix 'MasterSubmixDefault'
[2022.10.01-14.05.52:323][323]LogAudioMixer: Display: Creating Master Submix 'MasterReverbSubmixDefault'
[2022.10.01-14.05.52:324][323]LogAudioMixer: Display: Creating Master Submix 'MasterEQSubmixDefault'
[2022.10.01-14.05.52:324][323]LogAudioMixer: FMixerPlatformXAudio2::StartAudioStream() called
[2022.10.01-14.05.52:324][323]LogAudioMixer: Display: Output buffers initialized: Frames=1024, Channels=2, Samples=2048
[2022.10.01-14.05.52:325][323]LogAudioMixer: Display: Starting AudioMixerPlatformInterface::RunInternal()
[2022.10.01-14.05.52:326][323]LogAudioMixer: Display: FMixerPlatformXAudio2::SubmitBuffer() called for the first time
[2022.10.01-14.05.52:326][323]LogInit: FAudioDevice initialized.
[2022.10.01-14.05.52:326][323]LogAudio: Display: Audio Device (ID: 2) registered with world 'SpaceStation'.
[2022.10.01-14.05.52:369][323]LogLoad: Game class is 'ThirdPersonGameMode_C'
[2022.10.01-14.05.52:475][323]LogWorld: Bringing World /Game/Joshua/Maps/UEDPIE_0_SpaceStation.SpaceStation up for play (max tick rate 0) at 2022.10.01-10.05.52
[2022.10.01-14.05.52:488][323]LogWorld: Bringing up level for play took: 0.086752
[2022.10.01-14.05.52:488][323]LogOnline: OSS: Creating online subsystem instance for: :Context_1
[2022.10.01-14.05.52:622][323]LogNativeClassHierarchy: Verbose: Native class hierarchy updated for 'MovieSceneCapture' in 0.0004 seconds. Added 20 classes and 0 folders.
[2022.10.01-14.05.52:677][323]PIE: Server logged in
[2022.10.01-14.05.52:680][323]PIE: Play in editor total start time 0.94 seconds.
[2022.10.01-14.06.05:380][388]LogSlate: Updating window title bar state: overlay mode, drag disabled, window buttons hidden, title bar hidden
[2022.10.01-14.06.05:380][388]LogWorld: BeginTearingDown for /Game/Joshua/Maps/UEDPIE_0_SpaceStation
[2022.10.01-14.06.05:382][388]LogWorld: UWorld::CleanupWorld for SpaceStation, bSessionEnded=true, bCleanupResources=true
[2022.10.01-14.06.05:395][388]LogSlate: InvalidateAllWidgets triggered.  All widgets were invalidated
[2022.10.01-14.06.05:419][388]LogPlayLevel: Display: Shutting down PIE online subsystems
[2022.10.01-14.06.05:426][388]LogSlate: InvalidateAllWidgets triggered.  All widgets were invalidated
[2022.10.01-14.06.05:444][388]LogAudio: Display: Audio Device unregistered from world 'None'.
[2022.10.01-14.06.05:468][388]LogAudioMixer: FMixerPlatformXAudio2::StopAudioStream() called
[2022.10.01-14.06.05:469][388]LogAudioMixer: FMixerPlatformXAudio2::StopAudioStream() called
[2022.10.01-14.06.05:472][388]LogSlate: Updating window title bar state: overlay mode, drag disabled, window buttons hidden, title bar hidden
[2022.10.01-14.06.05:489][388]LogUObjectHash: Compacting FUObjectHashTables data took   1.17ms
[2022.10.01-14.06.05:547][389]LogPlayLevel: Display: Destroying online subsystem :Context_1
[2022.10.01-14.07.51:565][932]LogSlate: Took 0.018739 seconds to synchronously load lazily loaded font '../../../Engine/Content/Slate/Fonts/Roboto-Italic.ttf' (157K)
