Log file open, 10/04/22 03:16:30
LogWindows: Failed to load 'aqProf.dll' (GetLastError=126)
LogWindows: File 'aqProf.dll' does not exist
LogWindows: Failed to load 'VtuneApi.dll' (GetLastError=126)
LogWindows: File 'VtuneApi.dll' does not exist
LogWindows: Failed to load 'VtuneApi32e.dll' (GetLastError=126)
LogWindows: File 'VtuneApi32e.dll' does not exist
LogConsoleResponse: Display: Failed to find resolution value strings in scalability ini. Falling back to default.
LogConsoleResponse: Display: Failed to find resolution value strings in scalability ini. Falling back to default.
LogInit: Display: Running engine for game: LunarEscape
LogPlatformFile: Not using cached read wrapper
LogTaskGraph: Started task graph with 5 named threads and 20 total threads with 3 sets of task threads.
LogStats: Stats thread started at 0.289517
LogICUInternationalization: ICU TimeZone Detection - Raw Offset: -5:00, Platform Override: ''
LogInit: Display: Loading text-based GConfig....
LogPluginManager: Mounting plugin MeshPainting
LogPluginManager: Mounting plugin XGEController
LogPluginManager: Mounting plugin Paper2D
LogPluginManager: Mounting plugin AISupport
LogPluginManager: Mounting plugin EnvironmentQueryEditor
LogPluginManager: Mounting plugin LightPropagationVolume
LogPluginManager: Mounting plugin LiveLink
LogPluginManager: Mounting plugin CameraShakePreviewer
LogPluginManager: Mounting plugin GameplayCameras
LogPluginManager: Mounting plugin OodleData
LogPluginManager: Mounting plugin OodleNetwork
LogPluginManager: Mounting plugin AnimationSharing
LogPluginManager: Mounting plugin CLionSourceCodeAccess
LogPluginManager: Mounting plugin CodeLiteSourceCodeAccess
LogPluginManager: Mounting plugin GitSourceControl
LogPluginManager: Mounting plugin KDevelopSourceCodeAccess
LogPluginManager: Mounting plugin NullSourceCodeAccess
LogPluginManager: Mounting plugin PerforceSourceControl
LogPluginManager: Mounting plugin PixWinPlugin
LogPluginManager: Mounting plugin PlasticSourceControl
LogPluginManager: Mounting plugin PluginUtils
LogPluginManager: Mounting plugin PropertyAccessNode
LogPluginManager: Mounting plugin RiderSourceCodeAccess
LogPluginManager: Mounting plugin SubversionSourceControl
LogPluginManager: Mounting plugin TextureFormatOodle
LogPluginManager: Mounting plugin UObjectPlugin
LogPluginManager: Mounting plugin VisualStudioCodeSourceCodeAccess
LogPluginManager: Mounting plugin XCodeSourceCodeAccess
LogPluginManager: Mounting plugin VisualStudioSourceCodeAccess
LogPluginManager: Mounting plugin DatasmithContent
LogPluginManager: Mounting plugin AlembicImporter
LogPluginManager: Mounting plugin AutomationUtils
LogPluginManager: Mounting plugin BackChannel
LogPluginManager: Mounting plugin ChaosCloth
LogPluginManager: Mounting plugin ChaosClothEditor
LogPluginManager: Mounting plugin ChaosEditor
LogPluginManager: Mounting plugin ChaosNiagara
LogPluginManager: Mounting plugin ChaosSolverPlugin
LogPluginManager: Mounting plugin VariantManagerContent
LogPluginManager: Mounting plugin CharacterAI
LogPluginManager: Mounting plugin GeometryCache
LogPluginManager: Mounting plugin AssetManagerEditor
LogPluginManager: Mounting plugin GeometryCollectionPlugin
LogPluginManager: Mounting plugin Niagara
LogPluginManager: Mounting plugin GeometryProcessing
LogPluginManager: Mounting plugin CryptoKeys
LogPluginManager: Mounting plugin CurveEditorTools
LogPluginManager: Mounting plugin DataValidation
LogPluginManager: Mounting plugin FacialAnimation
LogPluginManager: Mounting plugin GameplayTagsEditor
LogPluginManager: Mounting plugin GeometryMode
LogPluginManager: Mounting plugin MacGraphicsSwitching
LogPluginManager: Mounting plugin MaterialAnalyzer
LogPluginManager: Mounting plugin MobileLauncherProfileWizard
LogPluginManager: Mounting plugin PluginBrowser
LogPluginManager: Mounting plugin SpeedTreeImporter
LogPluginManager: Mounting plugin MotoSynth
LogPluginManager: Mounting plugin OpenImageDenoise
LogPluginManager: Mounting plugin PlanarCut
LogPluginManager: Mounting plugin PlatformCrypto
LogPluginManager: Mounting plugin ProxyLODPlugin
LogPluginManager: Mounting plugin PythonScriptPlugin
LogPluginManager: Mounting plugin SkeletalReduction
LogPluginManager: Mounting plugin LuminPlatformFeatures
LogPluginManager: Mounting plugin MagicLeap
LogPluginManager: Mounting plugin MagicLeapLightEstimation
LogPluginManager: Mounting plugin MagicLeapMedia
LogPluginManager: Mounting plugin MagicLeapPassableWorld
LogPluginManager: Mounting plugin MLSDK
LogPluginManager: Mounting plugin AndroidMedia
LogPluginManager: Mounting plugin AvfMedia
LogPluginManager: Mounting plugin ImgMedia
LogPluginManager: Mounting plugin MediaCompositing
LogPluginManager: Mounting plugin MediaPlayerEditor
LogPluginManager: Mounting plugin WebMMedia
LogPluginManager: Mounting plugin WmfMedia
LogPluginManager: Mounting plugin TcpMessaging
LogPluginManager: Mounting plugin UdpMessaging
LogPluginManager: Mounting plugin ActorSequence
LogPluginManager: Mounting plugin LevelSequenceEditor
LogPluginManager: Mounting plugin MatineeToLevelSequence
LogPluginManager: Mounting plugin TemplateSequence
LogPluginManager: Mounting plugin LauncherChunkInstaller
LogPluginManager: Mounting plugin OnlineSubsystem
LogPluginManager: Mounting plugin OnlineSubsystemNull
LogPluginManager: Mounting plugin OnlineSubsystemUtils
LogPluginManager: Mounting plugin ActorLayerUtilities
LogPluginManager: Mounting plugin AndroidDeviceProfileSelector
LogPluginManager: Mounting plugin AndroidMoviePlayer
LogPluginManager: Mounting plugin AndroidPermission
LogPluginManager: Mounting plugin AppleImageUtils
LogPluginManager: Mounting plugin AppleMoviePlayer
LogPluginManager: Mounting plugin ArchVisCharacter
LogPluginManager: Mounting plugin AssetTags
LogPluginManager: Mounting plugin AudioCapture
LogPluginManager: Mounting plugin AudioSynesthesia
LogPluginManager: Mounting plugin ChunkDownloader
LogPluginManager: Mounting plugin CustomMeshComponent
LogPluginManager: Mounting plugin CableComponent
LogPluginManager: Mounting plugin EditableMesh
LogPluginManager: Mounting plugin ExampleDeviceProfileSelector
LogPluginManager: Mounting plugin GoogleCloudMessaging
LogPluginManager: Mounting plugin GooglePAD
LogPluginManager: Mounting plugin IOSDeviceProfileSelector
LogPluginManager: Mounting plugin LinuxDeviceProfileSelector
LogPluginManager: Mounting plugin LocationServicesBPLibrary
LogPluginManager: Mounting plugin OpenXR
LogPluginManager: Mounting plugin OpenXREyeTracker
LogPluginManager: Mounting plugin OpenXRHandTracking
LogPluginManager: Mounting plugin MobilePatchingUtils
LogPluginManager: Mounting plugin PhysXVehicles
LogPluginManager: Mounting plugin ScreenshotTools
LogPluginManager: Mounting plugin PostSplashScreen
LogPluginManager: Mounting plugin ProceduralMeshComponent
LogPluginManager: Mounting plugin PropertyAccessEditor
LogPluginManager: Mounting plugin RuntimePhysXCooking
LogPluginManager: Mounting plugin SignificanceManager
LogPluginManager: Mounting plugin SoundFields
LogPluginManager: Mounting plugin Synthesis
LogPluginManager: Mounting plugin WebMMoviePlayer
LogPluginManager: Mounting plugin WindowsMoviePlayer
LogPluginManager: Mounting plugin Takes
LogPluginManager: Mounting plugin ContentBrowserAssetDataSource
LogPluginManager: Mounting plugin ContentBrowserClassDataSource
LogPluginManager: Mounting plugin ContentBrowserFileDataSource
LogPluginManager: Mounting plugin OnlineSubsystemGooglePlay
LogPluginManager: Mounting plugin OnlineSubsystemIOS
LogPluginManager: Mounting plugin OculusVR
LogPluginManager: Mounting plugin SteamVR
PixWinPlugin: PIX capture plugin failed to initialize! Check that the process is launched from PIX.
LogInit: Using libcurl 7.55.1-DEV
LogInit:  - built for x86_64-pc-win32
LogInit:  - supports SSL with OpenSSL/1.1.1
LogInit:  - supports HTTP deflate (compression) using libz 1.2.8
LogInit:  - other features:
LogInit:      CURL_VERSION_SSL
LogInit:      CURL_VERSION_LIBZ
LogInit:      CURL_VERSION_IPV6
LogInit:      CURL_VERSION_ASYNCHDNS
LogInit:      CURL_VERSION_LARGEFILE
LogInit:      CURL_VERSION_IDN
LogInit:  CurlRequestOptions (configurable via config and command line):
LogInit:  - bVerifyPeer = true  - Libcurl will verify peer certificate
LogInit:  - bUseHttpProxy = false  - Libcurl will NOT use HTTP proxy
LogInit:  - bDontReuseConnections = false  - Libcurl will reuse connections
LogInit:  - MaxHostConnections = 16  - Libcurl will limit the number of connections to a host
LogInit:  - LocalHostAddr = Default
LogInit:  - BufferSize = 65536
LogOnline: OSS: Creating online subsystem instance for: NULL
LogInit: WinSock: version 1.1 (2.2), MaxSocks=32767, MaxUdp=65467
LogOnline: OSS: TryLoadSubsystemAndSetDefault: Loaded subsystem for module [NULL]
LogOculusPluginWrapper: OculusPlugin initialized successfully
LogHMD: Failed initializing OVRPlugin 1.59.0
LogInit: Build: ++UE4+Release-4.27-CL-18319896
LogInit: Engine Version: 4.27.2-18319896+++UE4+Release-4.27
LogInit: Compatible Engine Version: 4.27.0-17155196+++UE4+Release-4.27
LogInit: Net CL: 17155196
LogInit: OS: Windows 10 (Release 2009) (), CPU: Intel(R) Core(TM) i5-8400 CPU @ 2.80GHz, GPU: Radeon RX 580 Series
LogInit: Compiled (64-bit): Nov 30 2021 07:12:08
LogInit: Compiled with Visual C++: 19.24.28315.00
LogInit: Build Configuration: Development
LogInit: Branch Name: ++UE4+Release-4.27
LogInit: Command Line:  /Game/Ben/Lock-UnlockDoors -game -PIEVIACONSOLE -Multiprocess GameUserSettingsINI=B:/Projects/CPS353-01-Moon-Game/LunarEscape/Saved/Config/Windows/PIEGameUserSettings0.ini -MultiprocessSaveConfig -forcepassthrough -messaging -SessionName="Play in Standalone Game" -windowed -WinX=320 -WinY=190 SAVEWINPOS=1 -ResX=1394 -ResY=986
LogInit: Base Directory: D:/Unreal Engine/UE_4.27/Engine/Binaries/Win64/
LogInit: Allocator: TBB
LogInit: Installed Engine Build: 1
LogDevObjectVersion: Number of dev versions registered: 29
LogDevObjectVersion:   Dev-Blueprints (B0D832E4-1F89-4F0D-ACCF-7EB736FD4AA2): 10
LogDevObjectVersion:   Dev-Build (E1C64328-A22C-4D53-A36C-8E866417BD8C): 0
LogDevObjectVersion:   Dev-Core (375EC13C-06E4-48FB-B500-84F0262A717E): 4
LogDevObjectVersion:   Dev-Editor (E4B068ED-F494-42E9-A231-DA0B2E46BB41): 40
LogDevObjectVersion:   Dev-Framework (CFFC743F-43B0-4480-9391-14DF171D2073): 37
LogDevObjectVersion:   Dev-Mobile (B02B49B5-BB20-44E9-A304-32B752E40360): 3
LogDevObjectVersion:   Dev-Networking (A4E4105C-59A1-49B5-A7C5-40C4547EDFEE): 0
LogDevObjectVersion:   Dev-Online (39C831C9-5AE6-47DC-9A44-9C173E1C8E7C): 0
LogDevObjectVersion:   Dev-Physics (78F01B33-EBEA-4F98-B9B4-84EACCB95AA2): 14
LogDevObjectVersion:   Dev-Platform (6631380F-2D4D-43E0-8009-CF276956A95A): 0
LogDevObjectVersion:   Dev-Rendering (12F88B9F-8875-4AFC-A67C-D90C383ABD29): 45
LogDevObjectVersion:   Dev-Sequencer (7B5AE74C-D270-4C10-A958-57980B212A5A): 13
LogDevObjectVersion:   Dev-VR (D7296918-1DD6-4BDD-9DE2-64A83CC13884): 3
LogDevObjectVersion:   Dev-LoadTimes (C2A15278-BFE7-4AFE-6C17-90FF531DF755): 1
LogDevObjectVersion:   Private-Geometry (6EACA3D4-40EC-4CC1-B786-8BED09428FC5): 3
LogDevObjectVersion:   Dev-AnimPhys (29E575DD-E0A3-4627-9D10-D276232CDCEA): 17
LogDevObjectVersion:   Dev-Anim (AF43A65D-7FD3-4947-9873-3E8ED9C1BB05): 15
LogDevObjectVersion:   Dev-ReflectionCapture (6B266CEC-1EC7-4B8F-A30B-E4D90942FC07): 1
LogDevObjectVersion:   Dev-Automation (0DF73D61-A23F-47EA-B727-89E90C41499A): 1
LogDevObjectVersion:   FortniteMain (601D1886-AC64-4F84-AA16-D3DE0DEAC7D6): 47
LogDevObjectVersion:   FortniteRelease (E7086368-6B23-4C58-8439-1B7016265E91): 1
LogDevObjectVersion:   Dev-Enterprise (9DFFBCD6-494F-0158-E221-12823C92A888): 10
LogDevObjectVersion:   Dev-Niagara (F2AED0AC-9AFE-416F-8664-AA7FFA26D6FC): 1
LogDevObjectVersion:   Dev-Destruction (174F1F0B-B4C6-45A5-B13F-2EE8D0FB917D): 10
LogDevObjectVersion:   Dev-Physics-Ext (35F94A83-E258-406C-A318-09F59610247C): 41
LogDevObjectVersion:   Dev-PhysicsMaterial-Chaos (B68FC16E-8B1B-42E2-B453-215C058844FE): 1
LogDevObjectVersion:   Dev-CineCamera (B2E18506-4273-CFC2-A54E-F4BB758BBA07): 1
LogDevObjectVersion:   Dev-VirtualProduction (64F58936-FD1B-42BA-BA96-7289D5D0FA4E): 1
LogDevObjectVersion:   Dev-MediaFramework (6F0ED827-A609-4895-9C91-998D90180EA4): 2
LogInit: Presizing for max 25165824 objects, including 0 objects not considered by GC, pre-allocating 0 bytes for permanent pool.
LogConfig: Applying CVar settings from Section [/Script/Engine.StreamingSettings] File [B:/Projects/CPS353-01-Moon-Game/LunarEscape/Saved/Config/Windows/Engine.ini]
LogConfig: Setting CVar [[s.MinBulkDataSizeForAsyncLoading:131072]]
LogConfig: Setting CVar [[s.AsyncLoadingThreadEnabled:0]]
LogConfig: Setting CVar [[s.EventDrivenLoaderEnabled:1]]
LogConfig: Setting CVar [[s.WarnIfTimeLimitExceeded:0]]
LogConfig: Setting CVar [[s.TimeLimitExceededMultiplier:1.5]]
LogConfig: Setting CVar [[s.TimeLimitExceededMinTime:0.005]]
LogConfig: Setting CVar [[s.UseBackgroundLevelStreaming:1]]
LogConfig: Setting CVar [[s.PriorityAsyncLoadingExtraTime:15.0]]
LogConfig: Setting CVar [[s.LevelStreamingActorsUpdateTimeLimit:5.0]]
LogConfig: Setting CVar [[s.PriorityLevelStreamingActorsUpdateExtraTime:5.0]]
LogConfig: Setting CVar [[s.LevelStreamingComponentsRegistrationGranularity:10]]
LogConfig: Setting CVar [[s.UnregisterComponentsTimeLimit:1.0]]
LogConfig: Setting CVar [[s.LevelStreamingComponentsUnregistrationGranularity:5]]
LogConfig: Setting CVar [[s.FlushStreamingOnExit:1]]
LogInit: Object subsystem initialized
LogConfig: Setting CVar [[con.DebugEarlyDefault:1]]
LogConfig: Setting CVar [[r.setres:1280x720]]
[2022.10.04-07.16.31:374][  0]LogConfig: Setting CVar [[con.DebugEarlyDefault:1]]
[2022.10.04-07.16.31:374][  0]LogConfig: Setting CVar [[r.setres:1280x720]]
[2022.10.04-07.16.31:374][  0]LogConfig: Applying CVar settings from Section [/Script/Engine.RendererSettings] File [B:/Projects/CPS353-01-Moon-Game/LunarEscape/Saved/Config/Windows/Engine.ini]
[2022.10.04-07.16.31:374][  0]LogConfig: Setting CVar [[r.GPUCrashDebugging:0]]
[2022.10.04-07.16.31:374][  0]LogConfig: Applying CVar settings from Section [/Script/Engine.RendererOverrideSettings] File [B:/Projects/CPS353-01-Moon-Game/LunarEscape/Saved/Config/Windows/Engine.ini]
[2022.10.04-07.16.31:374][  0]LogConfig: Applying CVar settings from Section [/Script/Engine.StreamingSettings] File [B:/Projects/CPS353-01-Moon-Game/LunarEscape/Saved/Config/Windows/Engine.ini]
[2022.10.04-07.16.31:374][  0]LogConfig: Setting CVar [[s.MinBulkDataSizeForAsyncLoading:131072]]
[2022.10.04-07.16.31:374][  0]LogConfig: Setting CVar [[s.AsyncLoadingThreadEnabled:0]]
[2022.10.04-07.16.31:374][  0]LogConfig: Setting CVar [[s.EventDrivenLoaderEnabled:1]]
[2022.10.04-07.16.31:374][  0]LogConfig: Setting CVar [[s.WarnIfTimeLimitExceeded:0]]
[2022.10.04-07.16.31:374][  0]LogConfig: Setting CVar [[s.TimeLimitExceededMultiplier:1.5]]
[2022.10.04-07.16.31:374][  0]LogConfig: Setting CVar [[s.TimeLimitExceededMinTime:0.005]]
[2022.10.04-07.16.31:374][  0]LogConfig: Setting CVar [[s.UseBackgroundLevelStreaming:1]]
[2022.10.04-07.16.31:374][  0]LogConfig: Setting CVar [[s.PriorityAsyncLoadingExtraTime:15.0]]
[2022.10.04-07.16.31:374][  0]LogConfig: Setting CVar [[s.LevelStreamingActorsUpdateTimeLimit:5.0]]
[2022.10.04-07.16.31:374][  0]LogConfig: Setting CVar [[s.PriorityLevelStreamingActorsUpdateExtraTime:5.0]]
[2022.10.04-07.16.31:374][  0]LogConfig: Setting CVar [[s.LevelStreamingComponentsRegistrationGranularity:10]]
[2022.10.04-07.16.31:374][  0]LogConfig: Setting CVar [[s.UnregisterComponentsTimeLimit:1.0]]
[2022.10.04-07.16.31:374][  0]LogConfig: Setting CVar [[s.LevelStreamingComponentsUnregistrationGranularity:5]]
[2022.10.04-07.16.31:374][  0]LogConfig: Setting CVar [[s.FlushStreamingOnExit:1]]
[2022.10.04-07.16.31:374][  0]LogConfig: Applying CVar settings from Section [/Script/Engine.GarbageCollectionSettings] File [B:/Projects/CPS353-01-Moon-Game/LunarEscape/Saved/Config/Windows/Engine.ini]
[2022.10.04-07.16.31:374][  0]LogConfig: Setting CVar [[gc.MaxObjectsNotConsideredByGC:1]]
[2022.10.04-07.16.31:374][  0]LogConfig: Setting CVar [[gc.SizeOfPermanentObjectPool:0]]
[2022.10.04-07.16.31:374][  0]LogConfig: Setting CVar [[gc.FlushStreamingOnGC:0]]
[2022.10.04-07.16.31:374][  0]LogConfig: Setting CVar [[gc.NumRetriesBeforeForcingGC:10]]
[2022.10.04-07.16.31:374][  0]LogConfig: Setting CVar [[gc.AllowParallelGC:1]]
[2022.10.04-07.16.31:374][  0]LogConfig: Setting CVar [[gc.TimeBetweenPurgingPendingKillObjects:61.1]]
[2022.10.04-07.16.31:374][  0]LogConfig: Setting CVar [[gc.MaxObjectsInEditor:25165824]]
[2022.10.04-07.16.31:374][  0]LogConfig: Setting CVar [[gc.IncrementalBeginDestroyEnabled:1]]
[2022.10.04-07.16.31:374][  0]LogConfig: Setting CVar [[gc.CreateGCClusters:1]]
[2022.10.04-07.16.31:374][  0]LogConfig: Setting CVar [[gc.MinGCClusterSize:5]]
[2022.10.04-07.16.31:374][  0]LogConfig: Setting CVar [[gc.ActorClusteringEnabled:0]]
[2022.10.04-07.16.31:374][  0]LogConfig: Setting CVar [[gc.BlueprintClusteringEnabled:0]]
[2022.10.04-07.16.31:374][  0]LogConfig: Setting CVar [[gc.UseDisregardForGCOnDedicatedServers:0]]
[2022.10.04-07.16.31:374][  0]LogConfig: Setting CVar [[gc.MultithreadedDestructionEnabled:1]]
[2022.10.04-07.16.31:374][  0]LogConfig: Applying CVar settings from Section [/Script/Engine.NetworkSettings] File [B:/Projects/CPS353-01-Moon-Game/LunarEscape/Saved/Config/Windows/Engine.ini]
[2022.10.04-07.16.31:374][  0]LogConfig: Applying CVar settings from Section [/Script/UnrealEd.CookerSettings] File [B:/Projects/CPS353-01-Moon-Game/LunarEscape/Saved/Config/Windows/Engine.ini]
[2022.10.04-07.16.31:387][  0]LogConfig: Applying CVar settings from Section [ViewDistanceQuality@3] File [B:/Projects/CPS353-01-Moon-Game/LunarEscape/Saved/Config/Windows/Scalability.ini]
[2022.10.04-07.16.31:387][  0]LogConfig: Setting CVar [[r.SkeletalMeshLODBias:0]]
[2022.10.04-07.16.31:387][  0]LogConfig: Setting CVar [[r.ViewDistanceScale:1.0]]
[2022.10.04-07.16.31:387][  0]LogConfig: Applying CVar settings from Section [AntiAliasingQuality@3] File [B:/Projects/CPS353-01-Moon-Game/LunarEscape/Saved/Config/Windows/Scalability.ini]
[2022.10.04-07.16.31:387][  0]LogConfig: Setting CVar [[r.PostProcessAAQuality:4]]
[2022.10.04-07.16.31:387][  0]LogConfig: Applying CVar settings from Section [ShadowQuality@3] File [B:/Projects/CPS353-01-Moon-Game/LunarEscape/Saved/Config/Windows/Scalability.ini]
[2022.10.04-07.16.31:387][  0]LogConfig: Setting CVar [[r.LightFunctionQuality:1]]
[2022.10.04-07.16.31:387][  0]LogConfig: Setting CVar [[r.ShadowQuality:5]]
[2022.10.04-07.16.31:387][  0]LogConfig: Setting CVar [[r.Shadow.CSM.MaxCascades:10]]
[2022.10.04-07.16.31:387][  0]LogConfig: Setting CVar [[r.Shadow.MaxResolution:2048]]
[2022.10.04-07.16.31:387][  0]LogConfig: Setting CVar [[r.Shadow.MaxCSMResolution:2048]]
[2022.10.04-07.16.31:387][  0]LogConfig: Setting CVar [[r.Shadow.RadiusThreshold:0.01]]
[2022.10.04-07.16.31:387][  0]LogConfig: Setting CVar [[r.Shadow.DistanceScale:1.0]]
[2022.10.04-07.16.31:387][  0]LogConfig: Setting CVar [[r.Shadow.CSM.TransitionScale:1.0]]
[2022.10.04-07.16.31:387][  0]LogConfig: Setting CVar [[r.Shadow.PreShadowResolutionFactor:1.0]]
[2022.10.04-07.16.31:387][  0]LogConfig: Setting CVar [[r.DistanceFieldShadowing:1]]
[2022.10.04-07.16.31:387][  0]LogConfig: Setting CVar [[r.DistanceFieldAO:1]]
[2022.10.04-07.16.31:387][  0]LogConfig: Setting CVar [[r.AOQuality:2]]
[2022.10.04-07.16.31:387][  0]LogConfig: Setting CVar [[r.VolumetricFog:1]]
[2022.10.04-07.16.31:387][  0]LogConfig: Setting CVar [[r.VolumetricFog.GridPixelSize:8]]
[2022.10.04-07.16.31:387][  0]LogConfig: Setting CVar [[r.VolumetricFog.GridSizeZ:128]]
[2022.10.04-07.16.31:387][  0]LogConfig: Setting CVar [[r.VolumetricFog.HistoryMissSupersampleCount:4]]
[2022.10.04-07.16.31:387][  0]LogConfig: Setting CVar [[r.LightMaxDrawDistanceScale:1]]
[2022.10.04-07.16.31:387][  0]LogConfig: Setting CVar [[r.CapsuleShadows:1]]
[2022.10.04-07.16.31:387][  0]LogConfig: Applying CVar settings from Section [PostProcessQuality@3] File [B:/Projects/CPS353-01-Moon-Game/LunarEscape/Saved/Config/Windows/Scalability.ini]
[2022.10.04-07.16.31:387][  0]LogConfig: Setting CVar [[r.MotionBlurQuality:4]]
[2022.10.04-07.16.31:387][  0]LogConfig: Setting CVar [[r.AmbientOcclusionMipLevelFactor:0.4]]
[2022.10.04-07.16.31:387][  0]LogConfig: Setting CVar [[r.AmbientOcclusionMaxQuality:100]]
[2022.10.04-07.16.31:387][  0]LogConfig: Setting CVar [[r.AmbientOcclusionLevels:-1]]
[2022.10.04-07.16.31:387][  0]LogConfig: Setting CVar [[r.AmbientOcclusionRadiusScale:1.0]]
[2022.10.04-07.16.31:387][  0]LogConfig: Setting CVar [[r.DepthOfFieldQuality:2]]
[2022.10.04-07.16.31:387][  0]LogConfig: Setting CVar [[r.RenderTargetPoolMin:400]]
[2022.10.04-07.16.31:387][  0]LogConfig: Setting CVar [[r.LensFlareQuality:2]]
[2022.10.04-07.16.31:387][  0]LogConfig: Setting CVar [[r.SceneColorFringeQuality:1]]
[2022.10.04-07.16.31:387][  0]LogConfig: Setting CVar [[r.EyeAdaptationQuality:2]]
[2022.10.04-07.16.31:387][  0]LogConfig: Setting CVar [[r.BloomQuality:5]]
[2022.10.04-07.16.31:387][  0]LogConfig: Setting CVar [[r.FastBlurThreshold:100]]
[2022.10.04-07.16.31:387][  0]LogConfig: Setting CVar [[r.Upscale.Quality:3]]
[2022.10.04-07.16.31:387][  0]LogConfig: Setting CVar [[r.Tonemapper.GrainQuantization:1]]
[2022.10.04-07.16.31:387][  0]LogConfig: Setting CVar [[r.LightShaftQuality:1]]
[2022.10.04-07.16.31:387][  0]LogConfig: Setting CVar [[r.Filter.SizeScale:1]]
[2022.10.04-07.16.31:387][  0]LogConfig: Setting CVar [[r.Tonemapper.Quality:5]]
[2022.10.04-07.16.31:387][  0]LogConfig: Setting CVar [[r.DOF.Gather.AccumulatorQuality:1        ; higher gathering accumulator quality]]
[2022.10.04-07.16.31:387][  0]LogConfig: Setting CVar [[r.DOF.Gather.PostfilterMethod:1          ; Median3x3 postfilering method]]
[2022.10.04-07.16.31:387][  0]LogConfig: Setting CVar [[r.DOF.Gather.EnableBokehSettings:0       ; no bokeh simulation when gathering]]
[2022.10.04-07.16.31:387][  0]LogConfig: Setting CVar [[r.DOF.Gather.RingCount:4                 ; medium number of samples when gathering]]
[2022.10.04-07.16.31:387][  0]LogConfig: Setting CVar [[r.DOF.Scatter.ForegroundCompositing:1    ; additive foreground scattering]]
[2022.10.04-07.16.31:387][  0]LogConfig: Setting CVar [[r.DOF.Scatter.BackgroundCompositing:2    ; additive background scattering]]
[2022.10.04-07.16.31:387][  0]LogConfig: Setting CVar [[r.DOF.Scatter.EnableBokehSettings:1      ; bokeh simulation when scattering]]
[2022.10.04-07.16.31:387][  0]LogConfig: Setting CVar [[r.DOF.Scatter.MaxSpriteRatio:0.1         ; only a maximum of 10% of scattered bokeh]]
[2022.10.04-07.16.31:387][  0]LogConfig: Setting CVar [[r.DOF.Recombine.Quality:1                ; cheap slight out of focus]]
[2022.10.04-07.16.31:387][  0]LogConfig: Setting CVar [[r.DOF.Recombine.EnableBokehSettings:0    ; no bokeh simulation on slight out of focus]]
[2022.10.04-07.16.31:387][  0]LogConfig: Setting CVar [[r.DOF.TemporalAAQuality:1                ; more stable temporal accumulation]]
[2022.10.04-07.16.31:387][  0]LogConfig: Setting CVar [[r.DOF.Kernel.MaxForegroundRadius:0.025]]
[2022.10.04-07.16.31:387][  0]LogConfig: Setting CVar [[r.DOF.Kernel.MaxBackgroundRadius:0.025]]
[2022.10.04-07.16.31:387][  0]LogConfig: Applying CVar settings from Section [TextureQuality@3] File [B:/Projects/CPS353-01-Moon-Game/LunarEscape/Saved/Config/Windows/Scalability.ini]
[2022.10.04-07.16.31:387][  0]LogConfig: Setting CVar [[r.Streaming.MipBias:0]]
[2022.10.04-07.16.31:387][  0]LogConfig: Setting CVar [[r.Streaming.AmortizeCPUToGPUCopy:0]]
[2022.10.04-07.16.31:387][  0]LogConfig: Setting CVar [[r.Streaming.MaxNumTexturesToStreamPerFrame:0]]
[2022.10.04-07.16.31:387][  0]LogConfig: Setting CVar [[r.Streaming.Boost:1]]
[2022.10.04-07.16.31:387][  0]LogConfig: Setting CVar [[r.MaxAnisotropy:8]]
[2022.10.04-07.16.31:387][  0]LogConfig: Setting CVar [[r.VT.MaxAnisotropy:8]]
[2022.10.04-07.16.31:387][  0]LogConfig: Setting CVar [[r.Streaming.LimitPoolSizeToVRAM:0]]
[2022.10.04-07.16.31:387][  0]LogConfig: Setting CVar [[r.Streaming.PoolSize:1000]]
[2022.10.04-07.16.31:387][  0]LogConfig: Setting CVar [[r.Streaming.MaxEffectiveScreenSize:0]]
[2022.10.04-07.16.31:387][  0]LogConfig: Applying CVar settings from Section [EffectsQuality@3] File [B:/Projects/CPS353-01-Moon-Game/LunarEscape/Saved/Config/Windows/Scalability.ini]
[2022.10.04-07.16.31:387][  0]LogConfig: Setting CVar [[r.TranslucencyLightingVolumeDim:64]]
[2022.10.04-07.16.31:387][  0]LogConfig: Setting CVar [[r.RefractionQuality:2]]
[2022.10.04-07.16.31:387][  0]LogConfig: Setting CVar [[r.SSR.Quality:3]]
[2022.10.04-07.16.31:387][  0]LogConfig: Setting CVar [[r.SSR.HalfResSceneColor:0]]
[2022.10.04-07.16.31:387][  0]LogConfig: Setting CVar [[r.SceneColorFormat:4]]
[2022.10.04-07.16.31:387][  0]LogConfig: Setting CVar [[r.DetailMode:2]]
[2022.10.04-07.16.31:387][  0]LogConfig: Setting CVar [[r.TranslucencyVolumeBlur:1]]
[2022.10.04-07.16.31:387][  0]LogConfig: Setting CVar [[r.MaterialQualityLevel:1 ; High quality]]
[2022.10.04-07.16.31:387][  0]LogConfig: Setting CVar [[r.AnisotropicMaterials:1]]
[2022.10.04-07.16.31:388][  0]LogConfig: Setting CVar [[r.SSS.Scale:1]]
[2022.10.04-07.16.31:388][  0]LogConfig: Setting CVar [[r.SSS.SampleSet:2]]
[2022.10.04-07.16.31:388][  0]LogConfig: Setting CVar [[r.SSS.Quality:1]]
[2022.10.04-07.16.31:388][  0]LogConfig: Setting CVar [[r.SSS.HalfRes:0]]
[2022.10.04-07.16.31:388][  0]LogConfig: Setting CVar [[r.SSGI.Quality:3]]
[2022.10.04-07.16.31:388][  0]LogConfig: Setting CVar [[r.EmitterSpawnRateScale:1.0]]
[2022.10.04-07.16.31:388][  0]LogConfig: Setting CVar [[r.ParticleLightQuality:2]]
[2022.10.04-07.16.31:388][  0]LogConfig: Setting CVar [[r.SkyAtmosphere.AerialPerspectiveLUT.FastApplyOnOpaque:1 ; Always have FastSkyLUT 1 in this case to avoid wrong sky]]
[2022.10.04-07.16.31:388][  0]LogConfig: Setting CVar [[r.SkyAtmosphere.AerialPerspectiveLUT.SampleCountMaxPerSlice:4]]
[2022.10.04-07.16.31:388][  0]LogConfig: Setting CVar [[r.SkyAtmosphere.AerialPerspectiveLUT.DepthResolution:16.0]]
[2022.10.04-07.16.31:388][  0]LogConfig: Setting CVar [[r.SkyAtmosphere.FastSkyLUT:1]]
[2022.10.04-07.16.31:388][  0]LogConfig: Setting CVar [[r.SkyAtmosphere.FastSkyLUT.SampleCountMin:4.0]]
[2022.10.04-07.16.31:388][  0]LogConfig: Setting CVar [[r.SkyAtmosphere.FastSkyLUT.SampleCountMax:128.0]]
[2022.10.04-07.16.31:388][  0]LogConfig: Setting CVar [[r.SkyAtmosphere.SampleCountMin:4.0]]
[2022.10.04-07.16.31:388][  0]LogConfig: Setting CVar [[r.SkyAtmosphere.SampleCountMax:128.0]]
[2022.10.04-07.16.31:388][  0]LogConfig: Setting CVar [[r.SkyAtmosphere.TransmittanceLUT.UseSmallFormat:0]]
[2022.10.04-07.16.31:388][  0]LogConfig: Setting CVar [[r.SkyAtmosphere.TransmittanceLUT.SampleCount:10.0]]
[2022.10.04-07.16.31:388][  0]LogConfig: Setting CVar [[r.SkyAtmosphere.MultiScatteringLUT.SampleCount:15.0]]
[2022.10.04-07.16.31:388][  0]LogConfig: Setting CVar [[r.SkyLight.RealTimeReflectionCapture:1]]
[2022.10.04-07.16.31:388][  0]LogConfig: Applying CVar settings from Section [FoliageQuality@3] File [B:/Projects/CPS353-01-Moon-Game/LunarEscape/Saved/Config/Windows/Scalability.ini]
[2022.10.04-07.16.31:388][  0]LogConfig: Setting CVar [[foliage.DensityScale:1.0]]
[2022.10.04-07.16.31:388][  0]LogConfig: Setting CVar [[grass.DensityScale:1.0]]
[2022.10.04-07.16.31:388][  0]LogConfig: Applying CVar settings from Section [ShadingQuality@3] File [B:/Projects/CPS353-01-Moon-Game/LunarEscape/Saved/Config/Windows/Scalability.ini]
[2022.10.04-07.16.31:388][  0]LogConfig: Setting CVar [[r.HairStrands.SkyLighting.IntegrationType:2]]
[2022.10.04-07.16.31:388][  0]LogConfig: Setting CVar [[r.HairStrands.SkyAO.SampleCount:4]]
[2022.10.04-07.16.31:388][  0]LogConfig: Setting CVar [[r.HairStrands.Visibility.MSAA.SamplePerPixel:4]]
[2022.10.04-07.16.31:388][  0]LogInit: Selected Device Profile: [Windows]
[2022.10.04-07.16.31:388][  0]LogInit: Applying CVar settings loaded from the selected device profile: [Windows]
[2022.10.04-07.16.31:388][  0]LogHAL: Display: Platform has ~ 16 GB [17122697216 / 17179869184 / 16], which maps to Larger [LargestMinGB=32, LargerMinGB=12, DefaultMinGB=8, SmallerMinGB=6, SmallestMinGB=0)
[2022.10.04-07.16.31:388][  0]LogInit: Going up to parent DeviceProfile []
[2022.10.04-07.16.31:388][  0]LogConfig: Applying CVar settings from Section [ViewDistanceQuality@3] File [B:/Projects/CPS353-01-Moon-Game/LunarEscape/Saved/Config/Windows/Scalability.ini]
[2022.10.04-07.16.31:388][  0]LogConfig: Setting CVar [[r.SkeletalMeshLODBias:0]]
[2022.10.04-07.16.31:388][  0]LogConfig: Setting CVar [[r.ViewDistanceScale:1.0]]
[2022.10.04-07.16.31:388][  0]LogConfig: Applying CVar settings from Section [AntiAliasingQuality@3] File [B:/Projects/CPS353-01-Moon-Game/LunarEscape/Saved/Config/Windows/Scalability.ini]
[2022.10.04-07.16.31:388][  0]LogConfig: Setting CVar [[r.PostProcessAAQuality:4]]
[2022.10.04-07.16.31:388][  0]LogConfig: Applying CVar settings from Section [ShadowQuality@3] File [B:/Projects/CPS353-01-Moon-Game/LunarEscape/Saved/Config/Windows/Scalability.ini]
[2022.10.04-07.16.31:388][  0]LogConfig: Setting CVar [[r.LightFunctionQuality:1]]
[2022.10.04-07.16.31:388][  0]LogConfig: Setting CVar [[r.ShadowQuality:5]]
[2022.10.04-07.16.31:388][  0]LogConfig: Setting CVar [[r.Shadow.CSM.MaxCascades:10]]
[2022.10.04-07.16.31:388][  0]LogConfig: Setting CVar [[r.Shadow.MaxResolution:2048]]
[2022.10.04-07.16.31:388][  0]LogConfig: Setting CVar [[r.Shadow.MaxCSMResolution:2048]]
[2022.10.04-07.16.31:388][  0]LogConfig: Setting CVar [[r.Shadow.RadiusThreshold:0.01]]
[2022.10.04-07.16.31:388][  0]LogConfig: Setting CVar [[r.Shadow.DistanceScale:1.0]]
[2022.10.04-07.16.31:388][  0]LogConfig: Setting CVar [[r.Shadow.CSM.TransitionScale:1.0]]
[2022.10.04-07.16.31:388][  0]LogConfig: Setting CVar [[r.Shadow.PreShadowResolutionFactor:1.0]]
[2022.10.04-07.16.31:388][  0]LogConfig: Setting CVar [[r.DistanceFieldShadowing:1]]
[2022.10.04-07.16.31:388][  0]LogConfig: Setting CVar [[r.DistanceFieldAO:1]]
[2022.10.04-07.16.31:388][  0]LogConfig: Setting CVar [[r.AOQuality:2]]
[2022.10.04-07.16.31:388][  0]LogConfig: Setting CVar [[r.VolumetricFog:1]]
[2022.10.04-07.16.31:388][  0]LogConfig: Setting CVar [[r.VolumetricFog.GridPixelSize:8]]
[2022.10.04-07.16.31:388][  0]LogConfig: Setting CVar [[r.VolumetricFog.GridSizeZ:128]]
[2022.10.04-07.16.31:388][  0]LogConfig: Setting CVar [[r.VolumetricFog.HistoryMissSupersampleCount:4]]
[2022.10.04-07.16.31:388][  0]LogConfig: Setting CVar [[r.LightMaxDrawDistanceScale:1]]
[2022.10.04-07.16.31:388][  0]LogConfig: Setting CVar [[r.CapsuleShadows:1]]
[2022.10.04-07.16.31:388][  0]LogConfig: Applying CVar settings from Section [PostProcessQuality@3] File [B:/Projects/CPS353-01-Moon-Game/LunarEscape/Saved/Config/Windows/Scalability.ini]
[2022.10.04-07.16.31:388][  0]LogConfig: Setting CVar [[r.MotionBlurQuality:4]]
[2022.10.04-07.16.31:389][  0]LogConfig: Setting CVar [[r.AmbientOcclusionMipLevelFactor:0.4]]
[2022.10.04-07.16.31:389][  0]LogConfig: Setting CVar [[r.AmbientOcclusionMaxQuality:100]]
[2022.10.04-07.16.31:389][  0]LogConfig: Setting CVar [[r.AmbientOcclusionLevels:-1]]
[2022.10.04-07.16.31:389][  0]LogConfig: Setting CVar [[r.AmbientOcclusionRadiusScale:1.0]]
[2022.10.04-07.16.31:389][  0]LogConfig: Setting CVar [[r.DepthOfFieldQuality:2]]
[2022.10.04-07.16.31:389][  0]LogConfig: Setting CVar [[r.RenderTargetPoolMin:400]]
[2022.10.04-07.16.31:389][  0]LogConfig: Setting CVar [[r.LensFlareQuality:2]]
[2022.10.04-07.16.31:389][  0]LogConfig: Setting CVar [[r.SceneColorFringeQuality:1]]
[2022.10.04-07.16.31:389][  0]LogConfig: Setting CVar [[r.EyeAdaptationQuality:2]]
[2022.10.04-07.16.31:389][  0]LogConfig: Setting CVar [[r.BloomQuality:5]]
[2022.10.04-07.16.31:389][  0]LogConfig: Setting CVar [[r.FastBlurThreshold:100]]
[2022.10.04-07.16.31:389][  0]LogConfig: Setting CVar [[r.Upscale.Quality:3]]
[2022.10.04-07.16.31:389][  0]LogConfig: Setting CVar [[r.Tonemapper.GrainQuantization:1]]
[2022.10.04-07.16.31:389][  0]LogConfig: Setting CVar [[r.LightShaftQuality:1]]
[2022.10.04-07.16.31:389][  0]LogConfig: Setting CVar [[r.Filter.SizeScale:1]]
[2022.10.04-07.16.31:389][  0]LogConfig: Setting CVar [[r.Tonemapper.Quality:5]]
[2022.10.04-07.16.31:389][  0]LogConfig: Setting CVar [[r.DOF.Gather.AccumulatorQuality:1        ; higher gathering accumulator quality]]
[2022.10.04-07.16.31:389][  0]LogConfig: Setting CVar [[r.DOF.Gather.PostfilterMethod:1          ; Median3x3 postfilering method]]
[2022.10.04-07.16.31:389][  0]LogConfig: Setting CVar [[r.DOF.Gather.EnableBokehSettings:0       ; no bokeh simulation when gathering]]
[2022.10.04-07.16.31:389][  0]LogConfig: Setting CVar [[r.DOF.Gather.RingCount:4                 ; medium number of samples when gathering]]
[2022.10.04-07.16.31:389][  0]LogConfig: Setting CVar [[r.DOF.Scatter.ForegroundCompositing:1    ; additive foreground scattering]]
[2022.10.04-07.16.31:389][  0]LogConfig: Setting CVar [[r.DOF.Scatter.BackgroundCompositing:2    ; additive background scattering]]
[2022.10.04-07.16.31:389][  0]LogConfig: Setting CVar [[r.DOF.Scatter.EnableBokehSettings:1      ; bokeh simulation when scattering]]
[2022.10.04-07.16.31:389][  0]LogConfig: Setting CVar [[r.DOF.Scatter.MaxSpriteRatio:0.1         ; only a maximum of 10% of scattered bokeh]]
[2022.10.04-07.16.31:389][  0]LogConfig: Setting CVar [[r.DOF.Recombine.Quality:1                ; cheap slight out of focus]]
[2022.10.04-07.16.31:389][  0]LogConfig: Setting CVar [[r.DOF.Recombine.EnableBokehSettings:0    ; no bokeh simulation on slight out of focus]]
[2022.10.04-07.16.31:389][  0]LogConfig: Setting CVar [[r.DOF.TemporalAAQuality:1                ; more stable temporal accumulation]]
[2022.10.04-07.16.31:389][  0]LogConfig: Setting CVar [[r.DOF.Kernel.MaxForegroundRadius:0.025]]
[2022.10.04-07.16.31:389][  0]LogConfig: Setting CVar [[r.DOF.Kernel.MaxBackgroundRadius:0.025]]
[2022.10.04-07.16.31:389][  0]LogConfig: Applying CVar settings from Section [TextureQuality@3] File [B:/Projects/CPS353-01-Moon-Game/LunarEscape/Saved/Config/Windows/Scalability.ini]
[2022.10.04-07.16.31:389][  0]LogConfig: Setting CVar [[r.Streaming.MipBias:0]]
[2022.10.04-07.16.31:389][  0]LogConfig: Setting CVar [[r.Streaming.AmortizeCPUToGPUCopy:0]]
[2022.10.04-07.16.31:389][  0]LogConfig: Setting CVar [[r.Streaming.MaxNumTexturesToStreamPerFrame:0]]
[2022.10.04-07.16.31:389][  0]LogConfig: Setting CVar [[r.Streaming.Boost:1]]
[2022.10.04-07.16.31:389][  0]LogConfig: Setting CVar [[r.MaxAnisotropy:8]]
[2022.10.04-07.16.31:389][  0]LogConfig: Setting CVar [[r.VT.MaxAnisotropy:8]]
[2022.10.04-07.16.31:389][  0]LogConfig: Setting CVar [[r.Streaming.LimitPoolSizeToVRAM:0]]
[2022.10.04-07.16.31:389][  0]LogConfig: Setting CVar [[r.Streaming.PoolSize:1000]]
[2022.10.04-07.16.31:389][  0]LogConfig: Setting CVar [[r.Streaming.MaxEffectiveScreenSize:0]]
[2022.10.04-07.16.31:389][  0]LogConfig: Applying CVar settings from Section [EffectsQuality@3] File [B:/Projects/CPS353-01-Moon-Game/LunarEscape/Saved/Config/Windows/Scalability.ini]
[2022.10.04-07.16.31:389][  0]LogConfig: Setting CVar [[r.TranslucencyLightingVolumeDim:64]]
[2022.10.04-07.16.31:389][  0]LogConfig: Setting CVar [[r.RefractionQuality:2]]
[2022.10.04-07.16.31:389][  0]LogConfig: Setting CVar [[r.SSR.Quality:3]]
[2022.10.04-07.16.31:389][  0]LogConfig: Setting CVar [[r.SSR.HalfResSceneColor:0]]
[2022.10.04-07.16.31:389][  0]LogConfig: Setting CVar [[r.SceneColorFormat:4]]
[2022.10.04-07.16.31:389][  0]LogConfig: Setting CVar [[r.DetailMode:2]]
[2022.10.04-07.16.31:389][  0]LogConfig: Setting CVar [[r.TranslucencyVolumeBlur:1]]
[2022.10.04-07.16.31:389][  0]LogConfig: Setting CVar [[r.MaterialQualityLevel:1 ; High quality]]
[2022.10.04-07.16.31:389][  0]LogConfig: Setting CVar [[r.AnisotropicMaterials:1]]
[2022.10.04-07.16.31:389][  0]LogConfig: Setting CVar [[r.SSS.Scale:1]]
[2022.10.04-07.16.31:389][  0]LogConfig: Setting CVar [[r.SSS.SampleSet:2]]
[2022.10.04-07.16.31:389][  0]LogConfig: Setting CVar [[r.SSS.Quality:1]]
[2022.10.04-07.16.31:389][  0]LogConfig: Setting CVar [[r.SSS.HalfRes:0]]
[2022.10.04-07.16.31:389][  0]LogConfig: Setting CVar [[r.SSGI.Quality:3]]
[2022.10.04-07.16.31:389][  0]LogConfig: Setting CVar [[r.EmitterSpawnRateScale:1.0]]
[2022.10.04-07.16.31:389][  0]LogConfig: Setting CVar [[r.ParticleLightQuality:2]]
[2022.10.04-07.16.31:389][  0]LogConfig: Setting CVar [[r.SkyAtmosphere.AerialPerspectiveLUT.FastApplyOnOpaque:1 ; Always have FastSkyLUT 1 in this case to avoid wrong sky]]
[2022.10.04-07.16.31:389][  0]LogConfig: Setting CVar [[r.SkyAtmosphere.AerialPerspectiveLUT.SampleCountMaxPerSlice:4]]
[2022.10.04-07.16.31:389][  0]LogConfig: Setting CVar [[r.SkyAtmosphere.AerialPerspectiveLUT.DepthResolution:16.0]]
[2022.10.04-07.16.31:389][  0]LogConfig: Setting CVar [[r.SkyAtmosphere.FastSkyLUT:1]]
[2022.10.04-07.16.31:389][  0]LogConfig: Setting CVar [[r.SkyAtmosphere.FastSkyLUT.SampleCountMin:4.0]]
[2022.10.04-07.16.31:389][  0]LogConfig: Setting CVar [[r.SkyAtmosphere.FastSkyLUT.SampleCountMax:128.0]]
[2022.10.04-07.16.31:389][  0]LogConfig: Setting CVar [[r.SkyAtmosphere.SampleCountMin:4.0]]
[2022.10.04-07.16.31:389][  0]LogConfig: Setting CVar [[r.SkyAtmosphere.SampleCountMax:128.0]]
[2022.10.04-07.16.31:389][  0]LogConfig: Setting CVar [[r.SkyAtmosphere.TransmittanceLUT.UseSmallFormat:0]]
[2022.10.04-07.16.31:389][  0]LogConfig: Setting CVar [[r.SkyAtmosphere.TransmittanceLUT.SampleCount:10.0]]
[2022.10.04-07.16.31:389][  0]LogConfig: Setting CVar [[r.SkyAtmosphere.MultiScatteringLUT.SampleCount:15.0]]
[2022.10.04-07.16.31:389][  0]LogConfig: Setting CVar [[r.SkyLight.RealTimeReflectionCapture:1]]
[2022.10.04-07.16.31:389][  0]LogConfig: Applying CVar settings from Section [FoliageQuality@3] File [B:/Projects/CPS353-01-Moon-Game/LunarEscape/Saved/Config/Windows/Scalability.ini]
[2022.10.04-07.16.31:389][  0]LogConfig: Setting CVar [[foliage.DensityScale:1.0]]
[2022.10.04-07.16.31:389][  0]LogConfig: Setting CVar [[grass.DensityScale:1.0]]
[2022.10.04-07.16.31:389][  0]LogConfig: Applying CVar settings from Section [ShadingQuality@3] File [B:/Projects/CPS353-01-Moon-Game/LunarEscape/Saved/Config/Windows/Scalability.ini]
[2022.10.04-07.16.31:389][  0]LogConfig: Setting CVar [[r.HairStrands.SkyLighting.IntegrationType:2]]
[2022.10.04-07.16.31:389][  0]LogConfig: Setting CVar [[r.HairStrands.SkyAO.SampleCount:4]]
[2022.10.04-07.16.31:389][  0]LogConfig: Setting CVar [[r.HairStrands.Visibility.MSAA.SamplePerPixel:4]]
[2022.10.04-07.16.31:389][  0]LogConfig: Applying CVar settings from Section [Startup] File [../../../Engine/Config/ConsoleVariables.ini]
[2022.10.04-07.16.31:390][  0]LogConfig: Setting CVar [[net.UseAdaptiveNetUpdateFrequency:0]]
[2022.10.04-07.16.31:390][  0]LogConfig: Setting CVar [[p.chaos.AllowCreatePhysxBodies:1]]
[2022.10.04-07.16.31:390][  0]LogConfig: Setting CVar [[fx.SkipVectorVMBackendOptimizations:1]]
[2022.10.04-07.16.31:390][  0]LogConfig: Applying CVar settings from Section [ConsoleVariables] File [B:/Projects/CPS353-01-Moon-Game/LunarEscape/Saved/Config/Windows/Engine.ini]
[2022.10.04-07.16.31:390][  0]LogConfig: Applying CVar settings from Section [ConsoleVariables] File [B:/Projects/CPS353-01-Moon-Game/LunarEscape/Saved/Config/Windows/Editor.ini]
[2022.10.04-07.16.31:390][  0]LogInit: Computer: BENJI-PC
[2022.10.04-07.16.31:390][  0]LogInit: User: jonnb
[2022.10.04-07.16.31:390][  0]LogInit: CPU Page size=4096, Cores=6
[2022.10.04-07.16.31:390][  0]LogInit: High frequency timer resolution =10.000000 MHz
[2022.10.04-07.16.31:390][  0]LogMemory: Memory total: Physical=15.9GB (16GB approx)
[2022.10.04-07.16.31:390][  0]LogMemory: Platform Memory Stats for Windows
[2022.10.04-07.16.31:390][  0]LogMemory: Process Physical Memory: 146.54 MB used, 146.54 MB peak
[2022.10.04-07.16.31:390][  0]LogMemory: Process Virtual Memory: 128.16 MB used, 128.16 MB peak
[2022.10.04-07.16.31:390][  0]LogMemory: Physical Memory: 13287.50 MB used,  3041.98 MB free, 16329.48 MB total
[2022.10.04-07.16.31:390][  0]LogMemory: Virtual Memory: 134213208.00 MB used,  4521.69 MB free, 134217728.00 MB total
[2022.10.04-07.16.31:398][  0]LogWindows: WindowsPlatformFeatures enabled
[2022.10.04-07.16.31:428][  0]LogInit: Physics initialised using underlying interface: PhysX
[2022.10.04-07.16.31:428][  0]LogInit: Using OS detected language (en-US).
[2022.10.04-07.16.31:428][  0]LogInit: Using OS detected locale (en-US).
[2022.10.04-07.16.31:430][  0]LogTextLocalizationManager: No specific localization for 'en-US' exists, so the 'en' localization will be used.
[2022.10.04-07.16.31:664][  0]LogWindowsTextInputMethodSystem: Display: IME system deactivated.
[2022.10.04-07.16.31:692][  0]LogSlate: New Slate User Created.  User Index 0, Is Virtual User: 0
[2022.10.04-07.16.31:692][  0]LogSlate: Slate User Registered.  User Index 0, Is Virtual User: 0
[2022.10.04-07.16.31:713][  0]LogD3D11RHI: Loaded GFSDK_Aftermath_Lib.x64.dll
[2022.10.04-07.16.31:718][  0]LogHMD: Failed to initialize OpenVR with code 110
[2022.10.04-07.16.31:718][  0]LogD3D11RHI: D3D11 min allowed feature level: 11_0
[2022.10.04-07.16.31:718][  0]LogD3D11RHI: D3D11 max allowed feature level: 11_0
[2022.10.04-07.16.31:718][  0]LogD3D11RHI: D3D11 adapters:
[2022.10.04-07.16.31:808][  0]LogD3D11RHI:    0. 'Radeon RX 580 Series' (Feature Level 11_0)
[2022.10.04-07.16.31:808][  0]LogD3D11RHI:       4074/0/8164 MB DedicatedVideo/DedicatedSystem/SharedSystem, Outputs:1, VendorId:0x1002
[2022.10.04-07.16.31:810][  0]LogD3D11RHI:    1. 'Microsoft Basic Render Driver' (Feature Level 11_0)
[2022.10.04-07.16.31:810][  0]LogD3D11RHI:       0/0/8164 MB DedicatedVideo/DedicatedSystem/SharedSystem, Outputs:0, VendorId:0x1414
[2022.10.04-07.16.31:810][  0]LogD3D11RHI: Chosen D3D11 Adapter:
[2022.10.04-07.16.31:810][  0]LogD3D11RHI:     Description : Radeon RX 580 Series
[2022.10.04-07.16.31:810][  0]LogD3D11RHI:     VendorId    : 1002
[2022.10.04-07.16.31:810][  0]LogD3D11RHI:     DeviceId    : 67df
[2022.10.04-07.16.31:810][  0]LogD3D11RHI:     SubSysId    : 34181462
[2022.10.04-07.16.31:810][  0]LogD3D11RHI:     Revision    : 00e7
[2022.10.04-07.16.31:810][  0]LogD3D11RHI:     DedicatedVideoMemory : 4272939008 bytes
[2022.10.04-07.16.31:810][  0]LogD3D11RHI:     DedicatedSystemMemory : 0 bytes
[2022.10.04-07.16.31:810][  0]LogD3D11RHI:     SharedSystemMemory : 8561348608 bytes
[2022.10.04-07.16.31:810][  0]LogD3D11RHI:     AdapterLuid : 0 69092
[2022.10.04-07.16.31:818][  0]LogD3D11RHI: Creating new Direct3DDevice
[2022.10.04-07.16.31:818][  0]LogD3D11RHI:     GPU DeviceId: 0x67df (for the marketing name, search the web for "GPU Device Id")
[2022.10.04-07.16.31:818][  0]LogWindows: EnumDisplayDevices:
[2022.10.04-07.16.31:818][  0]LogWindows:    0. 'Radeon RX 580 Series' (P:1 D:1)
[2022.10.04-07.16.31:819][  0]LogWindows:    1. 'Radeon RX 580 Series' (P:0 D:0)
[2022.10.04-07.16.31:819][  0]LogWindows:    2. 'Radeon RX 580 Series' (P:0 D:0)
[2022.10.04-07.16.31:820][  0]LogWindows:    3. 'Radeon RX 580 Series' (P:0 D:0)
[2022.10.04-07.16.31:821][  0]LogWindows:    4. 'Radeon RX 580 Series' (P:0 D:0)
[2022.10.04-07.16.31:821][  0]LogWindows:    5. 'Radeon RX 580 Series' (P:0 D:0)
[2022.10.04-07.16.31:822][  0]LogWindows:    6. 'Radeon RX 580 Series' (P:0 D:0)
[2022.10.04-07.16.31:822][  0]LogWindows: DebugString: FoundDriverCount:7 
[2022.10.04-07.16.31:822][  0]LogD3D11RHI:     Adapter Name: Radeon RX 580 Series
[2022.10.04-07.16.31:822][  0]LogD3D11RHI:   Driver Version: AMD Software: Adrenalin Edition 22.9.1 (internal:31.0.12019.11001, unified:31.0.12019.11001)
[2022.10.04-07.16.31:822][  0]LogD3D11RHI:      Driver Date: 9-15-2022
[2022.10.04-07.16.31:822][  0]LogRHI: Texture pool is 2424 MB (70% of 3463 MB)
[2022.10.04-07.16.31:856][  0]LogD3D11RHI: Creating D3DDevice with AMD AGS, using adapter:
[2022.10.04-07.16.31:856][  0]LogD3D11RHI:     Description : Radeon RX 580 Series
[2022.10.04-07.16.31:856][  0]LogD3D11RHI:     VendorId    : 1002
[2022.10.04-07.16.31:856][  0]LogD3D11RHI:     DeviceId    : 67df
[2022.10.04-07.16.31:856][  0]LogD3D11RHI:     SubSysId    : 34181462
[2022.10.04-07.16.31:856][  0]LogD3D11RHI:     Revision    : 00e7
[2022.10.04-07.16.31:856][  0]LogD3D11RHI:     DedicatedVideoMemory : 4272939008 bytes
[2022.10.04-07.16.31:856][  0]LogD3D11RHI:     DedicatedSystemMemory : 0 bytes
[2022.10.04-07.16.31:856][  0]LogD3D11RHI:     SharedSystemMemory : 8561348608 bytes
[2022.10.04-07.16.31:856][  0]LogD3D11RHI:     AdapterLuid : 0 69092
[2022.10.04-07.16.31:935][  0]LogD3D11RHI: Created device via AGS, feature level 11_0, supported extensions 1fffffbf.
[2022.10.04-07.16.31:935][  0]LogD3D11RHI: RHI has support for 64 bit atomics
[2022.10.04-07.16.31:935][  0]LogD3D11RHI: Async texture creation enabled
[2022.10.04-07.16.31:935][  0]LogD3D11RHI: Array index from any shader is supported
[2022.10.04-07.16.31:946][  0]LogD3D11RHI: GPU Timing Frequency: 25.000000 (Debug: 2 1)
[2022.10.04-07.16.32:277][  0]LogTargetPlatformManager: Display: Loaded TargetPlatform 'WindowsNoEditor'
[2022.10.04-07.16.32:282][  0]LogTargetPlatformManager: Display: Loaded TargetPlatform 'Windows'
[2022.10.04-07.16.32:287][  0]LogTargetPlatformManager: Display: Loaded TargetPlatform 'WindowsClient'
[2022.10.04-07.16.32:292][  0]LogTargetPlatformManager: Display: Loaded TargetPlatform 'WindowsServer'
[2022.10.04-07.16.32:292][  0]LogTargetPlatformManager: Display: Building Assets For Windows
[2022.10.04-07.16.32:301][  0]LogAudioDebug: Display: Lib vorbis DLL was dynamically loaded.
[2022.10.04-07.16.32:338][  0]LogTextureFormatOodle: Display: Oodle Texture 2.9.0 init RDO Off
[2022.10.04-07.16.32:376][  0]LogRendererCore: Ray tracing is disabled. Reason: r.RayTracing=0.
[2022.10.04-07.16.32:376][  0]LogShaderCompilers: Guid format shader working directory is 2 characters bigger than the processId version (B:/Projects/CPS353-01-Moon-Game/LunarEscape/Intermediate/Shaders/WorkingDirectory/20020/).
[2022.10.04-07.16.32:377][  0]LogShaderCompilers: Cleaned the shader compiler working directory 'C:/Users/jonnb/AppData/Local/Temp/UnrealShaderWorkingDir/CC40EB7B4C9E69165DA5468E8CA78240/'.
[2022.10.04-07.16.32:377][  0]LogXGEController: Cannot use XGE Controller as Incredibuild is not installed on this machine.
[2022.10.04-07.16.32:377][  0]LogShaderCompilers: Cannot use XGE Shader Compiler as Incredibuild is not installed on this machine.
[2022.10.04-07.16.32:377][  0]LogShaderCompilers: Display: Using Local Shader Compiler.
[2022.10.04-07.16.33:182][  0]LogDerivedDataCache: Display: Max Cache Size: 512 MB
[2022.10.04-07.16.33:236][  0]LogDerivedDataCache: Loaded boot cache 0.05s 94MB C:/Users/jonnb/AppData/Local/UnrealEngine/4.27/DerivedDataCache/Boot.ddc.
[2022.10.04-07.16.33:236][  0]LogDerivedDataCache: Display: Loaded Boot cache: C:/Users/jonnb/AppData/Local/UnrealEngine/4.27/DerivedDataCache/Boot.ddc
[2022.10.04-07.16.33:236][  0]LogDerivedDataCache: FDerivedDataBackendGraph:  Pak pak cache file B:/Projects/CPS353-01-Moon-Game/LunarEscape/DerivedDataCache/DDC.ddp not found, will not use a pak cache.
[2022.10.04-07.16.33:236][  0]LogDerivedDataCache: Unable to find inner node Pak for hierarchical cache Hierarchy.
[2022.10.04-07.16.33:236][  0]LogDerivedDataCache: FDerivedDataBackendGraph:  CompressedPak pak cache file B:/Projects/CPS353-01-Moon-Game/LunarEscape/DerivedDataCache/Compressed.ddp not found, will not use a pak cache.
[2022.10.04-07.16.33:236][  0]LogDerivedDataCache: Unable to find inner node CompressedPak for hierarchical cache Hierarchy.
[2022.10.04-07.16.33:252][  0]LogDerivedDataCache: Display: Pak cache opened for reading ../../../Engine/DerivedDataCache/Compressed.ddp.
[2022.10.04-07.16.33:252][  0]LogDerivedDataCache: FDerivedDataBackendGraph:  EnterprisePak pak cache file ../../../Enterprise/DerivedDataCache/Compressed.ddp not found, will not use a pak cache.
[2022.10.04-07.16.33:252][  0]LogDerivedDataCache: Unable to find inner node EnterprisePak for hierarchical cache Hierarchy.
[2022.10.04-07.16.33:258][  0]LogDerivedDataCache: Speed tests for C:/Users/jonnb/AppData/Local/UnrealEngine/Common/DerivedDataCache took 0.01 seconds
[2022.10.04-07.16.33:258][  0]LogDerivedDataCache: Display: Performance to C:/Users/jonnb/AppData/Local/UnrealEngine/Common/DerivedDataCache: Latency=0.03ms. RandomReadSpeed=1228.61MBs, RandomWriteSpeed=188.75MBs. Assigned SpeedClass 'Local'
[2022.10.04-07.16.33:259][  0]LogDerivedDataCache: Using Local data cache path C:/Users/jonnb/AppData/Local/UnrealEngine/Common/DerivedDataCache: Writable
[2022.10.04-07.16.33:259][  0]LogDerivedDataCache: Shared data cache path not found in *engine.ini, will not use an Shared cache.
[2022.10.04-07.16.33:259][  0]LogDerivedDataCache: Unable to find inner node Shared for hierarchical cache Hierarchy.
[2022.10.04-07.16.33:296][  0]LogSlate: Using FreeType 2.10.0
[2022.10.04-07.16.33:296][  0]LogSlate: SlateFontServices - WITH_FREETYPE: 1, WITH_HARFBUZZ: 1
[2022.10.04-07.16.33:387][  0]LogInit: Using OS detected language (en-US).
[2022.10.04-07.16.33:387][  0]LogInit: Using OS detected locale (en-US).
[2022.10.04-07.16.33:387][  0]LogTextLocalizationManager: No localization for 'en-US' exists, so 'en' will be used for the language.
[2022.10.04-07.16.33:387][  0]LogTextLocalizationManager: No localization for 'en-US' exists, so 'en' will be used for the locale.
[2022.10.04-07.16.33:387][  0]LogSlate: FontCache flush requested. Reason: Culture for localization was changed
[2022.10.04-07.16.33:388][  0]LogSlate: FontCache flush requested. Reason: Culture for localization was changed
[2022.10.04-07.16.33:390][  0]LogTextLocalizationManager: Compacting localization data took   0.00ms
[2022.10.04-07.16.33:390][  0]LogAssetRegistry: FAssetRegistry took 0.0015 seconds to start up
[2022.10.04-07.16.33:543][  0]LogPackageLocalizationCache: Processed 27 localized package path(s) for 1 prioritized culture(s) in 0.000818 seconds
[2022.10.04-07.16.33:603][  0]LogInit: Selected Device Profile: [Windows]
[2022.10.04-07.16.33:603][  0]LogInit: Active device profile: [0000024B22D8CD00][0000024B2102B040 49] Windows
[2022.10.04-07.16.33:603][  0]LogInit: Profiles: [0000024B22D8CD00][0000024B2102B040 49] Windows, [0000024B22D5DE00][0000024B210331C0 49] WindowsNoEditor, [0000024B22D8DC00][0000024B21037340 49] WindowsServer, [0000024B22D5EC00][0000024B20A2B4C0 49] WindowsClient, [0000024B22D8E900][0000024B2102F600 49] IOS, [0000024B22D5D500][0000024B20A2F740 49] iPadAir, [0000024B22D8FE00][0000024B20A33880 49] iPadAir2, [0000024B22D05000][0000024B20A3FB40 49] IPadPro, [0000024B22D05100][0000024B20A3BB80 49] iPadAir3, [0000024B22D5CC00][0000024B20A42180 49] iPadAir4, [0000024B22D05D00][0000024B20A46300 49] iPadMini2, [0000024B22D5EE00][0000024B20A4A480 49] iPadMini3, [0000024B22D07800][0000024B20A4E600 49] iPadMini4, [0000024B22D5FD00][0000024B20A52780 49] iPadMini5, [0000024B22D0CA00][0000024B20A5AA40 49] iPhone6, [0000024B22D0CB00][0000024B20A56A80 49] iPodTouch6, [0000024B22D8ED00][0000024B20A62D40 49] iPhone7, [0000024B22D8EE00][0000024B20A5ED80 49] iPodTouch7, [0000024B22D06300][0000024B20A66F00 49] iPhone5S, [0000024B22D8D000][0000024B20A6B080 49] iPhone6Plus, [0000024B22D0C100][0000024B20A6F200 49] iPhone6S, [0000024B22D04300][0000024B20A73380 49] iPhone6SPlus, [0000024B22D0E900][0000024B1E43B500 49] iPhone7Plus, [0000024B22D06100][0000024B1E43F680 49] iPhoneSE, [0000024B22D0E700][0000024B20A377C0 49] iPhone8, [0000024B22D04700][0000024B1E443900 49] iPhone8Plus, [0000024B22D0F200][0000024B1E447A40 49] iPhoneX, [0000024B22D8D500][0000024B1E44FBC0 49] iPhoneXS, [0000024B22D0EC00][0000024B1E4521C0 49] iPhoneXSMax, [0000024B22D8DA00][0000024B1E456340 49] iPhoneXR, [0000024B22D0C600][0000024B1E45A4C0 49] iPhone11, [0000024B22D8EA00][0000024B1E45E640 49] iPhone11Pro, [0000024B22D0DB00][0000024B1E4627C0 49] iPhone11ProMax, [0000024B22D8CF00][0000024B1E466940 49] iPhoneSE2, [0000024B22D0FB00][0000024B1E46AAC0 49] iPhone12Mini, [0000024B22D8E300][0000024B1E46EC40 49] iPhone12, [0000024B22D0CC00][0000024B1E472DC0 49] iPhone12Pro, [0000024B22D8FF00][0000024B1E476F40 49] iPhone12ProMax, [0000024B22D0D600][0000024B1E47B0C0 49] iPadPro105, [0000024B22D8C900][0000024B1E47F240 49] iPadPro129, [0000024B22D0FE00][0000024B1E4833C0 49] iPadPro97, [0000024B22D8F700][0000024B1E487540 49] iPadPro2_129, [0000024B22D0ED00][0000024B1E48B6C0 49] iPad5, [0000024B22D8E100][0000024B1E48F840 49] iPad6, [0000024B22D0D200][0000024B1E44B980 49] iPad7, [0000024B22D8D100][0000024B1E493AC0 49] iPad8, [0000024B22D0C500][0000024B1E497C00 49] iPadPro11, [0000024B22D8D900][0000024B1E49A1C0 49] iPadPro2_11, [0000024B22D0EF00][0000024B1E4A2340 49] iPadPro3_129, [0000024B22D8F800][0000024B1E4A64C0 49] iPadPro4_129, [0000024B22D0F300][0000024B1E4AA640 49] AppleTV, [0000024B22D8E600][0000024B1E4AE7C0 49] AppleTV4K, [0000024B22D0EB00][0000024B1E4B2940 49] TVOS, [0000024B22D8DF00][0000024B1E4B6AC0 49] Mac, [0000024B22D0D400][0000024B1E4BAC40 49] MacClient, [0000024B22D8F900][0000024B1E4BEDC0 49] MacNoEditor, [0000024B22D0F600][0000024B1E4C2F40 49] MacServer, [0000024B22D8DB00][0000024B1E4C70C0 49] Linux, [0000024B22D0DD00][0000024B1E4CB240 49] LinuxAArch64, [0000024B22D8D800][0000024B1E4CF3C0 49] LinuxNoEditor, [0000024B22D0E400][0000024B1E4D3540 49] LinuxAArch64NoEditor, [0000024B22D8CE00][0000024B1E4D76C0 49] LinuxClient, [0000024B22D0F800][0000024B1E4DB840 49] LinuxAArch64Client, [0000024B22D8E700][0000024B1E4DF9C0 49] LinuxServer, [0000024B22D0C900][0000024B1E49FB00 49] LinuxAArch64Server, [0000024B22D8D200][0000024B1E4E20C0 49] Android, [0000024B22D0F000][0000024B1E4E6200 49] Android_Low, [0000024B22D8CA00][0000024B1E4EA340 49] Android_Mid, [0000024B22D0F900][0000024B1E4F24C0 49] Android_High, [0000024B22D8FD00][0000024B1E4F6640 49] Android_Default, [0000024B22D0E600][0000024B1E4FA7C0 49] Android_Adreno4xx, [0000024B22D8F400][0000024B1E4FE940 49] Android_Adreno5xx_Low, [0000024B22D0D000][0000024B1E502AC0 49] Android_Adreno5xx, [0000024B22D8C200][0000024B1E506C40 49] Android_Adreno6xx, [0000024B22D5C500][0000024B1E50ADC0 49] Android_Adreno6xx_Vulkan, [0000024B22D05F00][0000024B20A76F40 49] Android_Mali_T6xx, [0000024B22D5C600][0000024B20A7B0C0 49] Android_Mali_T7xx, [0000024B22D04100][0000024B20A7F240 49] Android_Mali_T8xx, [0000024B22D5C100][0000024B20A833C0 49] Android_Mali_G71, [0000024B22D07300][0000024B20A87540 49] Android_Mali_G72, [0000024B22D5D000][0000024B20A8B6C0 49] Android_Mali_G72_Vulkan, [0000024B22D05700][0000024B20A8F840 49] Android_Mali_G76, [0000024B22D5F300][0000024B20A939C0 49] Android_Mali_G76_Vulkan, [0000024B22D06900][0000024B20A97B40 49] Android_Mali_G77, [0000024B22D5F700][0000024B20A9A140 49] Android_Mali_G77_Vulkan, [0000024B22D05500][0000024B1E4EE280 49] Android_Mali_G78, [0000024B22D5DD00][0000024B20E563C0 49] Android_Mali_G78_Vulkan, [0000024B22D04400][0000024B20E5A500 49] Android_Mali_G710, [0000024B22D5C300][0000024B20E62680 49] Android_Mali_G710_Vulkan, [0000024B22D04200][0000024B20E66800 49] Android_Vulkan_SM5, [0000024B22D5C700][0000024B20E6A980 49] Android_PowerVR_G6xxx, [0000024B22D06400][0000024B20E6EB00 49] Android_PowerVR_GT7xxx, [0000024B22D5E300][0000024B20E72C80 49] Android_PowerVR_GE8xxx, [0000024B22D05400][0000024B20E76E00 49] Android_PowerVR_GM9xxx, [0000024B22D5C200][0000024B20E7AF80 49] Android_PowerVR_GM9xxx_Vulkan, [0000024B22D06600][0000024B20E7F100 49] Android_TegraK1, [0000024B22D5F500][0000024B20E83280 49] Android_Unknown_Vulkan, [0000024B22D07B00][0000024B20E87400 49] Lumin, [0000024B22D5FA00][0000024B20E8B580 49] Lumin_Desktop, [0000024B22D04B00][0000024B20E8F700 49] HoloLens, 
[2022.10.04-07.16.33:728][  0]LogMeshReduction: Using QuadricMeshReduction for automatic static mesh reduction
[2022.10.04-07.16.33:728][  0]LogMeshReduction: Using SimplygonMeshReduction for automatic skeletal mesh reduction
[2022.10.04-07.16.33:728][  0]LogMeshReduction: Using ProxyLODMeshReduction for automatic mesh merging
[2022.10.04-07.16.33:728][  0]LogMeshReduction: No distributed automatic mesh merging module available
[2022.10.04-07.16.33:728][  0]LogMeshMerging: No distributed automatic mesh merging module available
[2022.10.04-07.16.33:750][  0]LogNetVersion: LunarEscape 1.0.0, NetCL: 17155196, EngineNetVer: 17, GameNetVer: 0 (Checksum: 1900145690)
[2022.10.04-07.16.33:960][  0]LogTexture: Default maximum texture size for cubemaps generated from long-lat sources has been changed from 512 to unlimited. In order to preserve old behaiour for '/Engine/MapTemplates/Sky/DaylightAmbientCubemap.DaylightAmbientCubemap', its maximum texture size has been explicitly set to 512.
[2022.10.04-07.16.34:012][  0]LogHMD: PokeAHoleMaterial loaded successfully
[2022.10.04-07.16.34:121][  0]LogMoviePlayer: Initializing movie player
[2022.10.04-07.16.34:230][  0]LogNiagaraDebuggerClient: Niagara Debugger Client Initialized | Session: 1A8E01004B576D78065F90B4C0DB6CE1 | Instance: 1E6453C5408FD9EA816B21BE5BAFF7E7 (BENJI-PC-20020).
[2022.10.04-07.16.34:250][  0]LogCollectionManager: Loaded 0 collections in 0.000861 seconds
[2022.10.04-07.16.34:252][  0]LogFileCache: Scanning file cache for directory 'B:/Projects/CPS353-01-Moon-Game/LunarEscape/Saved/Collections/' took 0.00s
[2022.10.04-07.16.34:252][  0]LogFileCache: Scanning file cache for directory 'B:/Projects/CPS353-01-Moon-Game/LunarEscape/Content/Developers/jonnb/Collections/' took 0.00s
[2022.10.04-07.16.34:252][  0]LogFileCache: Scanning file cache for directory 'B:/Projects/CPS353-01-Moon-Game/LunarEscape/Content/Collections/' took 0.00s
[2022.10.04-07.16.34:252][  0]LogCollectionManager: Fixed up redirectors for 0 collections in 0.000002 seconds (updated 0 objects)
[2022.10.04-07.16.34:277][  0]LogPython: Using Python 3.7.7
[2022.10.04-07.16.34:836][  0]LogTcpMessaging: Initializing TcpMessaging bridge
[2022.10.04-07.16.34:841][  0]LogUdpMessaging: Initializing bridge on interface 0.0.0.0:0 to multicast group 230.0.0.1:6666.
[2022.10.04-07.16.34:933][  0]SourceControl: Source control is disabled
[2022.10.04-07.16.34:933][  0]SourceControl: Source control is disabled
[2022.10.04-07.16.34:937][  0]SourceControl: Source control is disabled
[2022.10.04-07.16.34:943][  0]LogUProjectInfo: Found projects:
[2022.10.04-07.16.35:032][  0]LogOpenImageDenoise: OIDN starting up
[2022.10.04-07.16.35:069][  0]LogAndroidPermission: UAndroidPermissionCallbackProxy::GetInstance
[2022.10.04-07.16.35:092][  0]LogAudioCaptureCore: Display: No Audio Capture implementations found. Audio input will be silent.
[2022.10.04-07.16.35:092][  0]LogAudioCaptureCore: Display: No Audio Capture implementations found. Audio input will be silent.
[2022.10.04-07.16.35:160][  0]LogOcInput: OculusInput pre-init called
[2022.10.04-07.16.35:168][  0]LogUObjectArray: 22121 objects as part of root set at end of initial load.
[2022.10.04-07.16.35:168][  0]LogUObjectAllocator: 5975632 out of 0 bytes used by permanent object pool.
[2022.10.04-07.16.35:168][  0]LogUObjectArray: CloseDisregardForGC: 0/0 objects in disregard for GC pool
[2022.10.04-07.16.35:214][  0]LogEngine: Initializing Engine...
[2022.10.04-07.16.35:217][  0]LogHMD: Failed to enumerate extensions. Please check that you have a valid OpenXR runtime installed.
[2022.10.04-07.16.35:217][  0]LogHMD: Failed to initialize OpenVR with code 110
[2022.10.04-07.16.35:217][  0]LogMagicLeap: Warning: VR disabled because ZI is not enabled.  To enable, in the editor, Edit -> Project Settings -> Plugins -> Magic Leap Plugin -> Enable Zero Iteration
[2022.10.04-07.16.35:218][  0]LogStats: UGameplayTagsManager::InitializeManager -  0.000 s
[2022.10.04-07.16.35:305][  0]LogInit: Initializing FReadOnlyCVARCache
[2022.10.04-07.16.35:305][  0]LogAudio: Display: Initializing Audio Device Manager...
[2022.10.04-07.16.35:310][  0]LogAudio: Display: Loading Default Audio Settings Objects...
[2022.10.04-07.16.35:310][  0]LogAudio: Display: No default SoundConcurrencyObject specified (or failed to load).
[2022.10.04-07.16.35:310][  0]LogAudio: Display: Audio Device Manager Initialized
[2022.10.04-07.16.35:310][  0]LogAudio: Display: Creating Audio Device:                 Id: 1, Scope: Shared, Realtime: True
[2022.10.04-07.16.35:311][  0]LogAudioMixer: Display: Audio Mixer Platform Settings:
[2022.10.04-07.16.35:311][  0]LogAudioMixer: Display: 	Sample Rate:						  48000
[2022.10.04-07.16.35:311][  0]LogAudioMixer: Display: 	Callback Buffer Frame Size Requested: 1024
[2022.10.04-07.16.35:311][  0]LogAudioMixer: Display: 	Callback Buffer Frame Size To Use:	  1024
[2022.10.04-07.16.35:311][  0]LogAudioMixer: Display: 	Number of buffers to queue:			  2
[2022.10.04-07.16.35:311][  0]LogAudioMixer: Display: 	Max Channels (voices):				  32
[2022.10.04-07.16.35:311][  0]LogAudioMixer: Display: 	Number of Async Source Workers:		  0
[2022.10.04-07.16.35:311][  0]LogAudio: Display: AudioDevice MaxSources: 32
[2022.10.04-07.16.35:311][  0]LogAudio: Display: Audio Spatialization Plugin: None (built-in).
[2022.10.04-07.16.35:311][  0]LogAudio: Display: Audio Reverb Plugin: None (built-in).
[2022.10.04-07.16.35:311][  0]LogAudio: Display: Audio Occlusion Plugin: None (built-in).
[2022.10.04-07.16.35:311][  0]LogAudioMixer: Display: Initializing audio mixer.
[2022.10.04-07.16.35:343][  0]LogAudioMixer: Display: 0: FrontLeft
[2022.10.04-07.16.35:343][  0]LogAudioMixer: Display: 1: FrontRight
[2022.10.04-07.16.35:363][  0]LogAudioMixer: Display: Using Audio Device Speakers (2- Samson Q2U Microphone)
[2022.10.04-07.16.35:367][  0]LogAudioMixer: Display: Initializing Sound Submixes...
[2022.10.04-07.16.35:368][  0]LogAudioMixer: Display: Creating Master Submix 'MasterSubmixDefault'
[2022.10.04-07.16.35:368][  0]LogAudioMixer: Display: Creating Master Submix 'MasterReverbSubmixDefault'
[2022.10.04-07.16.35:370][  0]LogAudioMixer: Display: Creating Master Submix 'MasterEQSubmixDefault'
[2022.10.04-07.16.35:370][  0]LogAudioMixer: FMixerPlatformXAudio2::StartAudioStream() called
[2022.10.04-07.16.35:370][  0]LogAudioMixer: Display: Output buffers initialized: Frames=1024, Channels=2, Samples=2048
[2022.10.04-07.16.35:370][  0]LogAudioMixer: Display: Starting AudioMixerPlatformInterface::RunInternal()
[2022.10.04-07.16.35:370][  0]LogAudioMixer: Display: FMixerPlatformXAudio2::SubmitBuffer() called for the first time
[2022.10.04-07.16.35:371][  0]LogInit: FAudioDevice initialized.
[2022.10.04-07.16.35:372][  0]LogNetVersion: Set ProjectVersion to 1.0.0.0. Version Checksum will be recalculated on next use.
[2022.10.04-07.16.35:373][  0]LogInit: Texture streaming: Enabled
[2022.10.04-07.16.35:438][  0]LogAudio: Display: Audio Device (ID: 1) registered with world 'Untitled'.
[2022.10.04-07.16.35:439][  0]LogSlate: Updating window title bar state: overlay mode, drag disabled, window buttons hidden, title bar hidden
[2022.10.04-07.16.35:440][  0]LogInit: Display: Game Engine Initialized.
[2022.10.04-07.16.35:440][  0]LogNiagaraEditor: GEditor isn't valid! Particle reset commands will not work for Niagara components!
[2022.10.04-07.16.35:554][  0]LogInit: Display: Starting Game.
[2022.10.04-07.16.35:554][  0]LogNet: Browse: /Game/Ben/Lock-UnlockDoors?Name=Player
[2022.10.04-07.16.35:554][  0]LogLoad: LoadMap: /Game/Ben/Lock-UnlockDoors?Name=Player
[2022.10.04-07.16.35:554][  0]LogWorld: BeginTearingDown for /Temp/Untitled_0
[2022.10.04-07.16.35:556][  0]LogWorld: UWorld::CleanupWorld for Untitled, bSessionEnded=true, bCleanupResources=true
[2022.10.04-07.16.35:556][  0]LogSlate: InvalidateAllWidgets triggered.  All widgets were invalidated
[2022.10.04-07.16.35:560][  0]LogAudio: Display: Audio Device unregistered from world 'None'.
[2022.10.04-07.16.35:562][  0]LogUObjectHash: Compacting FUObjectHashTables data took   0.72ms
[2022.10.04-07.16.35:821][  0]LogAudio: Display: Audio Device (ID: 1) registered with world 'Lock-UnlockDoors'.
[2022.10.04-07.16.35:830][  0]LogAIModule: Creating AISystem for world Lock-UnlockDoors
[2022.10.04-07.16.35:832][  0]LogLoad: Game class is 'ThirdPersonGameMode_C'
[2022.10.04-07.16.35:835][  0]LogWorld: Bringing World /Game/Ben/Lock-UnlockDoors.Lock-UnlockDoors up for play (max tick rate 0) at 2022.10.04-03.16.35
[2022.10.04-07.16.35:836][  0]LogWorld: Bringing up level for play took: 0.002370
[2022.10.04-07.16.35:839][  0]LogLoad: Took 0.283880 seconds to LoadMap(/Game/Ben/Lock-UnlockDoors)
[2022.10.04-07.16.35:898][  0]LogSlate: Took 0.000207 seconds to synchronously load lazily loaded font '../../../Engine/Content/Slate/Fonts/Roboto-Regular.ttf' (155K)
[2022.10.04-07.16.35:931][  0]LogRenderer: Reallocating scene render targets to support 1280x720 Format 10 NumSamples 1 (Frame:1).
[2022.10.04-07.16.35:931][  0]LogInit: Display: Engine is initialized. Leaving FEngineLoop::Init()
[2022.10.04-07.16.35:931][  0]LogLoad: (Engine Initialization) Total time: 5.79 seconds
[2022.10.04-07.16.35:931][  0]LogLoad: (Engine Initialization) Total Blueprint compile time: 0.00 seconds
[2022.10.04-07.16.35:943][  0]LogContentStreaming: Texture pool size now 1000 MB
[2022.10.04-07.16.35:945][  0]LogSlate: InvalidateAllWidgets triggered.  All widgets were invalidated
[2022.10.04-07.16.35:982][  1]LogSlate: Took 0.000143 seconds to synchronously load lazily loaded font '../../../Engine/Content/Slate/Fonts/Roboto-Regular.ttf' (155K)
