Log file open, 10/04/22 03:15:47
LogWindows: Failed to load 'aqProf.dll' (GetLastError=126)
LogWindows: File 'aqProf.dll' does not exist
LogWindows: Failed to load 'VtuneApi.dll' (GetLastError=126)
LogWindows: File 'VtuneApi.dll' does not exist
LogWindows: Failed to load 'VtuneApi32e.dll' (GetLastError=126)
LogWindows: File 'VtuneApi32e.dll' does not exist
LogConsoleResponse: Display: Failed to find resolution value strings in scalability ini. Falling back to default.
LogConsoleResponse: Display: Failed to find resolution value strings in scalability ini. Falling back to default.
LogInit: Display: Running engine for game: LunarEscape
LogPlatformFile: Not using cached read wrapper
LogTaskGraph: Started task graph with 5 named threads and 20 total threads with 3 sets of task threads.
LogStats: Stats thread started at 0.287414
LogICUInternationalization: ICU TimeZone Detection - Raw Offset: -5:00, Platform Override: ''
LogInit: Display: Loading text-based GConfig....
LogPluginManager: Mounting plugin MeshPainting
LogPluginManager: Mounting plugin XGEController
LogPluginManager: Mounting plugin AISupport
LogPluginManager: Mounting plugin Paper2D
LogPluginManager: Mounting plugin EnvironmentQueryEditor
LogPluginManager: Mounting plugin LightPropagationVolume
LogPluginManager: Mounting plugin LiveLink
LogPluginManager: Mounting plugin CameraShakePreviewer
LogPluginManager: Mounting plugin GameplayCameras
LogPluginManager: Mounting plugin OodleData
LogPluginManager: Mounting plugin OodleNetwork
LogPluginManager: Mounting plugin AnimationSharing
LogPluginManager: Mounting plugin CLionSourceCodeAccess
LogPluginManager: Mounting plugin CodeLiteSourceCodeAccess
LogPluginManager: Mounting plugin KDevelopSourceCodeAccess
LogPluginManager: Mounting plugin NullSourceCodeAccess
LogPluginManager: Mounting plugin PerforceSourceControl
LogPluginManager: Mounting plugin GitSourceControl
LogPluginManager: Mounting plugin PixWinPlugin
LogPluginManager: Mounting plugin PluginUtils
LogPluginManager: Mounting plugin PlasticSourceControl
LogPluginManager: Mounting plugin PropertyAccessNode
LogPluginManager: Mounting plugin TextureFormatOodle
LogPluginManager: Mounting plugin RiderSourceCodeAccess
LogPluginManager: Mounting plugin UObjectPlugin
LogPluginManager: Mounting plugin VisualStudioCodeSourceCodeAccess
LogPluginManager: Mounting plugin VisualStudioSourceCodeAccess
LogPluginManager: Mounting plugin XCodeSourceCodeAccess
LogPluginManager: Mounting plugin DatasmithContent
LogPluginManager: Mounting plugin VariantManagerContent
LogPluginManager: Mounting plugin AssetManagerEditor
LogPluginManager: Mounting plugin CryptoKeys
LogPluginManager: Mounting plugin CurveEditorTools
LogPluginManager: Mounting plugin DataValidation
LogPluginManager: Mounting plugin FacialAnimation
LogPluginManager: Mounting plugin GameplayTagsEditor
LogPluginManager: Mounting plugin MacGraphicsSwitching
LogPluginManager: Mounting plugin GeometryMode
LogPluginManager: Mounting plugin MaterialAnalyzer
LogPluginManager: Mounting plugin PluginBrowser
LogPluginManager: Mounting plugin SpeedTreeImporter
LogPluginManager: Mounting plugin MobileLauncherProfileWizard
LogPluginManager: Mounting plugin Niagara
LogPluginManager: Mounting plugin SubversionSourceControl
LogPluginManager: Mounting plugin AlembicImporter
LogPluginManager: Mounting plugin AutomationUtils
LogPluginManager: Mounting plugin BackChannel
LogPluginManager: Mounting plugin ChaosCloth
LogPluginManager: Mounting plugin ChaosClothEditor
LogPluginManager: Mounting plugin ChaosEditor
LogPluginManager: Mounting plugin ChaosSolverPlugin
LogPluginManager: Mounting plugin ChaosNiagara
LogPluginManager: Mounting plugin CharacterAI
LogPluginManager: Mounting plugin GeometryCache
LogPluginManager: Mounting plugin GeometryCollectionPlugin
LogPluginManager: Mounting plugin GeometryProcessing
LogPluginManager: Mounting plugin MotoSynth
LogPluginManager: Mounting plugin OpenImageDenoise
LogPluginManager: Mounting plugin PlanarCut
LogPluginManager: Mounting plugin PlatformCrypto
LogPluginManager: Mounting plugin LuminPlatformFeatures
LogPluginManager: Mounting plugin MagicLeap
LogPluginManager: Mounting plugin AndroidMedia
LogPluginManager: Mounting plugin AvfMedia
LogPluginManager: Mounting plugin ProxyLODPlugin
LogPluginManager: Mounting plugin MagicLeapLightEstimation
LogPluginManager: Mounting plugin MagicLeapMedia
LogPluginManager: Mounting plugin MagicLeapPassableWorld
LogPluginManager: Mounting plugin PythonScriptPlugin
LogPluginManager: Mounting plugin MLSDK
LogPluginManager: Mounting plugin SkeletalReduction
LogPluginManager: Mounting plugin TcpMessaging
LogPluginManager: Mounting plugin UdpMessaging
LogPluginManager: Mounting plugin ActorSequence
LogPluginManager: Mounting plugin LevelSequenceEditor
LogPluginManager: Mounting plugin MatineeToLevelSequence
LogPluginManager: Mounting plugin TemplateSequence
LogPluginManager: Mounting plugin ImgMedia
LogPluginManager: Mounting plugin MediaCompositing
LogPluginManager: Mounting plugin MediaPlayerEditor
LogPluginManager: Mounting plugin WebMMedia
LogPluginManager: Mounting plugin WmfMedia
LogPluginManager: Mounting plugin OnlineSubsystem
LogPluginManager: Mounting plugin OnlineSubsystemNull
LogPluginManager: Mounting plugin OnlineSubsystemUtils
LogPluginManager: Mounting plugin LauncherChunkInstaller
LogPluginManager: Mounting plugin ActorLayerUtilities
LogPluginManager: Mounting plugin AndroidDeviceProfileSelector
LogPluginManager: Mounting plugin AndroidMoviePlayer
LogPluginManager: Mounting plugin AndroidPermission
LogPluginManager: Mounting plugin AppleImageUtils
LogPluginManager: Mounting plugin AppleMoviePlayer
LogPluginManager: Mounting plugin ArchVisCharacter
LogPluginManager: Mounting plugin AudioCapture
LogPluginManager: Mounting plugin AssetTags
LogPluginManager: Mounting plugin AudioSynesthesia
LogPluginManager: Mounting plugin CableComponent
LogPluginManager: Mounting plugin ChunkDownloader
LogPluginManager: Mounting plugin CustomMeshComponent
LogPluginManager: Mounting plugin EditableMesh
LogPluginManager: Mounting plugin ExampleDeviceProfileSelector
LogPluginManager: Mounting plugin GoogleCloudMessaging
LogPluginManager: Mounting plugin GooglePAD
LogPluginManager: Mounting plugin IOSDeviceProfileSelector
LogPluginManager: Mounting plugin LinuxDeviceProfileSelector
LogPluginManager: Mounting plugin LocationServicesBPLibrary
LogPluginManager: Mounting plugin MobilePatchingUtils
LogPluginManager: Mounting plugin OpenXR
LogPluginManager: Mounting plugin OpenXREyeTracker
LogPluginManager: Mounting plugin OpenXRHandTracking
LogPluginManager: Mounting plugin PhysXVehicles
LogPluginManager: Mounting plugin PostSplashScreen
LogPluginManager: Mounting plugin ProceduralMeshComponent
LogPluginManager: Mounting plugin PropertyAccessEditor
LogPluginManager: Mounting plugin RuntimePhysXCooking
LogPluginManager: Mounting plugin SoundFields
LogPluginManager: Mounting plugin SignificanceManager
LogPluginManager: Mounting plugin Synthesis
LogPluginManager: Mounting plugin WebMMoviePlayer
LogPluginManager: Mounting plugin WindowsMoviePlayer
LogPluginManager: Mounting plugin ScreenshotTools
LogPluginManager: Mounting plugin Takes
LogPluginManager: Mounting plugin ContentBrowserAssetDataSource
LogPluginManager: Mounting plugin ContentBrowserClassDataSource
LogPluginManager: Mounting plugin ContentBrowserFileDataSource
LogPluginManager: Mounting plugin OnlineSubsystemGooglePlay
LogPluginManager: Mounting plugin OnlineSubsystemIOS
LogPluginManager: Mounting plugin OculusVR
LogPluginManager: Mounting plugin SteamVR
PixWinPlugin: PIX capture plugin failed to initialize! Check that the process is launched from PIX.
LogInit: Using libcurl 7.55.1-DEV
LogInit:  - built for x86_64-pc-win32
LogInit:  - supports SSL with OpenSSL/1.1.1
LogInit:  - supports HTTP deflate (compression) using libz 1.2.8
LogInit:  - other features:
LogInit:      CURL_VERSION_SSL
LogInit:      CURL_VERSION_LIBZ
LogInit:      CURL_VERSION_IPV6
LogInit:      CURL_VERSION_ASYNCHDNS
LogInit:      CURL_VERSION_LARGEFILE
LogInit:      CURL_VERSION_IDN
LogInit:  CurlRequestOptions (configurable via config and command line):
LogInit:  - bVerifyPeer = true  - Libcurl will verify peer certificate
LogInit:  - bUseHttpProxy = false  - Libcurl will NOT use HTTP proxy
LogInit:  - bDontReuseConnections = false  - Libcurl will reuse connections
LogInit:  - MaxHostConnections = 16  - Libcurl will limit the number of connections to a host
LogInit:  - LocalHostAddr = Default
LogInit:  - BufferSize = 65536
LogOnline: OSS: Creating online subsystem instance for: NULL
LogInit: WinSock: version 1.1 (2.2), MaxSocks=32767, MaxUdp=65467
LogOnline: OSS: TryLoadSubsystemAndSetDefault: Loaded subsystem for module [NULL]
LogOculusPluginWrapper: OculusPlugin initialized successfully
LogHMD: Failed initializing OVRPlugin 1.59.0
LogInit: Build: ++UE4+Release-4.27-CL-18319896
LogInit: Engine Version: 4.27.2-18319896+++UE4+Release-4.27
LogInit: Compatible Engine Version: 4.27.0-17155196+++UE4+Release-4.27
LogInit: Net CL: 17155196
LogInit: OS: Windows 10 (Release 2009) (), CPU: Intel(R) Core(TM) i5-8400 CPU @ 2.80GHz, GPU: Radeon RX 580 Series
LogInit: Compiled (64-bit): Nov 30 2021 07:12:08
LogInit: Compiled with Visual C++: 19.24.28315.00
LogInit: Build Configuration: Development
LogInit: Branch Name: ++UE4+Release-4.27
LogInit: Command Line:  /Game/Ben/Lock-UnlockDoors -game -PIEVIACONSOLE -Multiprocess GameUserSettingsINI=B:/Projects/CPS353-01-Moon-Game/LunarEscape/Saved/Config/Windows/PIEGameUserSettings0.ini -MultiprocessSaveConfig -forcepassthrough -messaging -SessionName="Play in Standalone Game" -windowed -WinX=320 -WinY=190 SAVEWINPOS=1 -ResX=1394 -ResY=986
LogInit: Base Directory: D:/Unreal Engine/UE_4.27/Engine/Binaries/Win64/
LogInit: Allocator: TBB
LogInit: Installed Engine Build: 1
LogDevObjectVersion: Number of dev versions registered: 29
LogDevObjectVersion:   Dev-Blueprints (B0D832E4-1F89-4F0D-ACCF-7EB736FD4AA2): 10
LogDevObjectVersion:   Dev-Build (E1C64328-A22C-4D53-A36C-8E866417BD8C): 0
LogDevObjectVersion:   Dev-Core (375EC13C-06E4-48FB-B500-84F0262A717E): 4
LogDevObjectVersion:   Dev-Editor (E4B068ED-F494-42E9-A231-DA0B2E46BB41): 40
LogDevObjectVersion:   Dev-Framework (CFFC743F-43B0-4480-9391-14DF171D2073): 37
LogDevObjectVersion:   Dev-Mobile (B02B49B5-BB20-44E9-A304-32B752E40360): 3
LogDevObjectVersion:   Dev-Networking (A4E4105C-59A1-49B5-A7C5-40C4547EDFEE): 0
LogDevObjectVersion:   Dev-Online (39C831C9-5AE6-47DC-9A44-9C173E1C8E7C): 0
LogDevObjectVersion:   Dev-Physics (78F01B33-EBEA-4F98-B9B4-84EACCB95AA2): 14
LogDevObjectVersion:   Dev-Platform (6631380F-2D4D-43E0-8009-CF276956A95A): 0
LogDevObjectVersion:   Dev-Rendering (12F88B9F-8875-4AFC-A67C-D90C383ABD29): 45
LogDevObjectVersion:   Dev-Sequencer (7B5AE74C-D270-4C10-A958-57980B212A5A): 13
LogDevObjectVersion:   Dev-VR (D7296918-1DD6-4BDD-9DE2-64A83CC13884): 3
LogDevObjectVersion:   Dev-LoadTimes (C2A15278-BFE7-4AFE-6C17-90FF531DF755): 1
LogDevObjectVersion:   Private-Geometry (6EACA3D4-40EC-4CC1-B786-8BED09428FC5): 3
LogDevObjectVersion:   Dev-AnimPhys (29E575DD-E0A3-4627-9D10-D276232CDCEA): 17
LogDevObjectVersion:   Dev-Anim (AF43A65D-7FD3-4947-9873-3E8ED9C1BB05): 15
LogDevObjectVersion:   Dev-ReflectionCapture (6B266CEC-1EC7-4B8F-A30B-E4D90942FC07): 1
LogDevObjectVersion:   Dev-Automation (0DF73D61-A23F-47EA-B727-89E90C41499A): 1
LogDevObjectVersion:   FortniteMain (601D1886-AC64-4F84-AA16-D3DE0DEAC7D6): 47
LogDevObjectVersion:   FortniteRelease (E7086368-6B23-4C58-8439-1B7016265E91): 1
LogDevObjectVersion:   Dev-Enterprise (9DFFBCD6-494F-0158-E221-12823C92A888): 10
LogDevObjectVersion:   Dev-Niagara (F2AED0AC-9AFE-416F-8664-AA7FFA26D6FC): 1
LogDevObjectVersion:   Dev-Destruction (174F1F0B-B4C6-45A5-B13F-2EE8D0FB917D): 10
LogDevObjectVersion:   Dev-Physics-Ext (35F94A83-E258-406C-A318-09F59610247C): 41
LogDevObjectVersion:   Dev-PhysicsMaterial-Chaos (B68FC16E-8B1B-42E2-B453-215C058844FE): 1
LogDevObjectVersion:   Dev-CineCamera (B2E18506-4273-CFC2-A54E-F4BB758BBA07): 1
LogDevObjectVersion:   Dev-VirtualProduction (64F58936-FD1B-42BA-BA96-7289D5D0FA4E): 1
LogDevObjectVersion:   Dev-MediaFramework (6F0ED827-A609-4895-9C91-998D90180EA4): 2
LogInit: Presizing for max 25165824 objects, including 0 objects not considered by GC, pre-allocating 0 bytes for permanent pool.
LogConfig: Applying CVar settings from Section [/Script/Engine.StreamingSettings] File [B:/Projects/CPS353-01-Moon-Game/LunarEscape/Saved/Config/Windows/Engine.ini]
LogConfig: Setting CVar [[s.MinBulkDataSizeForAsyncLoading:131072]]
LogConfig: Setting CVar [[s.AsyncLoadingThreadEnabled:0]]
LogConfig: Setting CVar [[s.EventDrivenLoaderEnabled:1]]
LogConfig: Setting CVar [[s.WarnIfTimeLimitExceeded:0]]
LogConfig: Setting CVar [[s.TimeLimitExceededMultiplier:1.5]]
LogConfig: Setting CVar [[s.TimeLimitExceededMinTime:0.005]]
LogConfig: Setting CVar [[s.UseBackgroundLevelStreaming:1]]
LogConfig: Setting CVar [[s.PriorityAsyncLoadingExtraTime:15.0]]
LogConfig: Setting CVar [[s.LevelStreamingActorsUpdateTimeLimit:5.0]]
LogConfig: Setting CVar [[s.PriorityLevelStreamingActorsUpdateExtraTime:5.0]]
LogConfig: Setting CVar [[s.LevelStreamingComponentsRegistrationGranularity:10]]
LogConfig: Setting CVar [[s.UnregisterComponentsTimeLimit:1.0]]
LogConfig: Setting CVar [[s.LevelStreamingComponentsUnregistrationGranularity:5]]
LogConfig: Setting CVar [[s.FlushStreamingOnExit:1]]
LogInit: Object subsystem initialized
LogConfig: Setting CVar [[con.DebugEarlyDefault:1]]
LogConfig: Setting CVar [[r.setres:1280x720]]
[2022.10.04-07.15.48:339][  0]LogConfig: Setting CVar [[con.DebugEarlyDefault:1]]
[2022.10.04-07.15.48:339][  0]LogConfig: Setting CVar [[r.setres:1280x720]]
[2022.10.04-07.15.48:339][  0]LogConfig: Applying CVar settings from Section [/Script/Engine.RendererSettings] File [B:/Projects/CPS353-01-Moon-Game/LunarEscape/Saved/Config/Windows/Engine.ini]
[2022.10.04-07.15.48:340][  0]LogConfig: Setting CVar [[r.GPUCrashDebugging:0]]
[2022.10.04-07.15.48:340][  0]LogConfig: Applying CVar settings from Section [/Script/Engine.RendererOverrideSettings] File [B:/Projects/CPS353-01-Moon-Game/LunarEscape/Saved/Config/Windows/Engine.ini]
[2022.10.04-07.15.48:340][  0]LogConfig: Applying CVar settings from Section [/Script/Engine.StreamingSettings] File [B:/Projects/CPS353-01-Moon-Game/LunarEscape/Saved/Config/Windows/Engine.ini]
[2022.10.04-07.15.48:340][  0]LogConfig: Setting CVar [[s.MinBulkDataSizeForAsyncLoading:131072]]
[2022.10.04-07.15.48:340][  0]LogConfig: Setting CVar [[s.AsyncLoadingThreadEnabled:0]]
[2022.10.04-07.15.48:340][  0]LogConfig: Setting CVar [[s.EventDrivenLoaderEnabled:1]]
[2022.10.04-07.15.48:340][  0]LogConfig: Setting CVar [[s.WarnIfTimeLimitExceeded:0]]
[2022.10.04-07.15.48:340][  0]LogConfig: Setting CVar [[s.TimeLimitExceededMultiplier:1.5]]
[2022.10.04-07.15.48:340][  0]LogConfig: Setting CVar [[s.TimeLimitExceededMinTime:0.005]]
[2022.10.04-07.15.48:340][  0]LogConfig: Setting CVar [[s.UseBackgroundLevelStreaming:1]]
[2022.10.04-07.15.48:340][  0]LogConfig: Setting CVar [[s.PriorityAsyncLoadingExtraTime:15.0]]
[2022.10.04-07.15.48:340][  0]LogConfig: Setting CVar [[s.LevelStreamingActorsUpdateTimeLimit:5.0]]
[2022.10.04-07.15.48:340][  0]LogConfig: Setting CVar [[s.PriorityLevelStreamingActorsUpdateExtraTime:5.0]]
[2022.10.04-07.15.48:340][  0]LogConfig: Setting CVar [[s.LevelStreamingComponentsRegistrationGranularity:10]]
[2022.10.04-07.15.48:340][  0]LogConfig: Setting CVar [[s.UnregisterComponentsTimeLimit:1.0]]
[2022.10.04-07.15.48:340][  0]LogConfig: Setting CVar [[s.LevelStreamingComponentsUnregistrationGranularity:5]]
[2022.10.04-07.15.48:340][  0]LogConfig: Setting CVar [[s.FlushStreamingOnExit:1]]
[2022.10.04-07.15.48:340][  0]LogConfig: Applying CVar settings from Section [/Script/Engine.GarbageCollectionSettings] File [B:/Projects/CPS353-01-Moon-Game/LunarEscape/Saved/Config/Windows/Engine.ini]
[2022.10.04-07.15.48:340][  0]LogConfig: Setting CVar [[gc.MaxObjectsNotConsideredByGC:1]]
[2022.10.04-07.15.48:340][  0]LogConfig: Setting CVar [[gc.SizeOfPermanentObjectPool:0]]
[2022.10.04-07.15.48:340][  0]LogConfig: Setting CVar [[gc.FlushStreamingOnGC:0]]
[2022.10.04-07.15.48:340][  0]LogConfig: Setting CVar [[gc.NumRetriesBeforeForcingGC:10]]
[2022.10.04-07.15.48:340][  0]LogConfig: Setting CVar [[gc.AllowParallelGC:1]]
[2022.10.04-07.15.48:340][  0]LogConfig: Setting CVar [[gc.TimeBetweenPurgingPendingKillObjects:61.1]]
[2022.10.04-07.15.48:340][  0]LogConfig: Setting CVar [[gc.MaxObjectsInEditor:25165824]]
[2022.10.04-07.15.48:340][  0]LogConfig: Setting CVar [[gc.IncrementalBeginDestroyEnabled:1]]
[2022.10.04-07.15.48:340][  0]LogConfig: Setting CVar [[gc.CreateGCClusters:1]]
[2022.10.04-07.15.48:340][  0]LogConfig: Setting CVar [[gc.MinGCClusterSize:5]]
[2022.10.04-07.15.48:340][  0]LogConfig: Setting CVar [[gc.ActorClusteringEnabled:0]]
[2022.10.04-07.15.48:340][  0]LogConfig: Setting CVar [[gc.BlueprintClusteringEnabled:0]]
[2022.10.04-07.15.48:340][  0]LogConfig: Setting CVar [[gc.UseDisregardForGCOnDedicatedServers:0]]
[2022.10.04-07.15.48:340][  0]LogConfig: Setting CVar [[gc.MultithreadedDestructionEnabled:1]]
[2022.10.04-07.15.48:340][  0]LogConfig: Applying CVar settings from Section [/Script/Engine.NetworkSettings] File [B:/Projects/CPS353-01-Moon-Game/LunarEscape/Saved/Config/Windows/Engine.ini]
[2022.10.04-07.15.48:340][  0]LogConfig: Applying CVar settings from Section [/Script/UnrealEd.CookerSettings] File [B:/Projects/CPS353-01-Moon-Game/LunarEscape/Saved/Config/Windows/Engine.ini]
[2022.10.04-07.15.48:351][  0]LogConfig: Applying CVar settings from Section [ViewDistanceQuality@3] File [B:/Projects/CPS353-01-Moon-Game/LunarEscape/Saved/Config/Windows/Scalability.ini]
[2022.10.04-07.15.48:351][  0]LogConfig: Setting CVar [[r.SkeletalMeshLODBias:0]]
[2022.10.04-07.15.48:351][  0]LogConfig: Setting CVar [[r.ViewDistanceScale:1.0]]
[2022.10.04-07.15.48:351][  0]LogConfig: Applying CVar settings from Section [AntiAliasingQuality@3] File [B:/Projects/CPS353-01-Moon-Game/LunarEscape/Saved/Config/Windows/Scalability.ini]
[2022.10.04-07.15.48:351][  0]LogConfig: Setting CVar [[r.PostProcessAAQuality:4]]
[2022.10.04-07.15.48:351][  0]LogConfig: Applying CVar settings from Section [ShadowQuality@3] File [B:/Projects/CPS353-01-Moon-Game/LunarEscape/Saved/Config/Windows/Scalability.ini]
[2022.10.04-07.15.48:351][  0]LogConfig: Setting CVar [[r.LightFunctionQuality:1]]
[2022.10.04-07.15.48:351][  0]LogConfig: Setting CVar [[r.ShadowQuality:5]]
[2022.10.04-07.15.48:351][  0]LogConfig: Setting CVar [[r.Shadow.CSM.MaxCascades:10]]
[2022.10.04-07.15.48:351][  0]LogConfig: Setting CVar [[r.Shadow.MaxResolution:2048]]
[2022.10.04-07.15.48:351][  0]LogConfig: Setting CVar [[r.Shadow.MaxCSMResolution:2048]]
[2022.10.04-07.15.48:351][  0]LogConfig: Setting CVar [[r.Shadow.RadiusThreshold:0.01]]
[2022.10.04-07.15.48:351][  0]LogConfig: Setting CVar [[r.Shadow.DistanceScale:1.0]]
[2022.10.04-07.15.48:352][  0]LogConfig: Setting CVar [[r.Shadow.CSM.TransitionScale:1.0]]
[2022.10.04-07.15.48:352][  0]LogConfig: Setting CVar [[r.Shadow.PreShadowResolutionFactor:1.0]]
[2022.10.04-07.15.48:352][  0]LogConfig: Setting CVar [[r.DistanceFieldShadowing:1]]
[2022.10.04-07.15.48:352][  0]LogConfig: Setting CVar [[r.DistanceFieldAO:1]]
[2022.10.04-07.15.48:352][  0]LogConfig: Setting CVar [[r.AOQuality:2]]
[2022.10.04-07.15.48:352][  0]LogConfig: Setting CVar [[r.VolumetricFog:1]]
[2022.10.04-07.15.48:352][  0]LogConfig: Setting CVar [[r.VolumetricFog.GridPixelSize:8]]
[2022.10.04-07.15.48:352][  0]LogConfig: Setting CVar [[r.VolumetricFog.GridSizeZ:128]]
[2022.10.04-07.15.48:352][  0]LogConfig: Setting CVar [[r.VolumetricFog.HistoryMissSupersampleCount:4]]
[2022.10.04-07.15.48:352][  0]LogConfig: Setting CVar [[r.LightMaxDrawDistanceScale:1]]
[2022.10.04-07.15.48:352][  0]LogConfig: Setting CVar [[r.CapsuleShadows:1]]
[2022.10.04-07.15.48:352][  0]LogConfig: Applying CVar settings from Section [PostProcessQuality@3] File [B:/Projects/CPS353-01-Moon-Game/LunarEscape/Saved/Config/Windows/Scalability.ini]
[2022.10.04-07.15.48:352][  0]LogConfig: Setting CVar [[r.MotionBlurQuality:4]]
[2022.10.04-07.15.48:352][  0]LogConfig: Setting CVar [[r.AmbientOcclusionMipLevelFactor:0.4]]
[2022.10.04-07.15.48:352][  0]LogConfig: Setting CVar [[r.AmbientOcclusionMaxQuality:100]]
[2022.10.04-07.15.48:352][  0]LogConfig: Setting CVar [[r.AmbientOcclusionLevels:-1]]
[2022.10.04-07.15.48:352][  0]LogConfig: Setting CVar [[r.AmbientOcclusionRadiusScale:1.0]]
[2022.10.04-07.15.48:352][  0]LogConfig: Setting CVar [[r.DepthOfFieldQuality:2]]
[2022.10.04-07.15.48:352][  0]LogConfig: Setting CVar [[r.RenderTargetPoolMin:400]]
[2022.10.04-07.15.48:352][  0]LogConfig: Setting CVar [[r.LensFlareQuality:2]]
[2022.10.04-07.15.48:352][  0]LogConfig: Setting CVar [[r.SceneColorFringeQuality:1]]
[2022.10.04-07.15.48:352][  0]LogConfig: Setting CVar [[r.EyeAdaptationQuality:2]]
[2022.10.04-07.15.48:352][  0]LogConfig: Setting CVar [[r.BloomQuality:5]]
[2022.10.04-07.15.48:352][  0]LogConfig: Setting CVar [[r.FastBlurThreshold:100]]
[2022.10.04-07.15.48:352][  0]LogConfig: Setting CVar [[r.Upscale.Quality:3]]
[2022.10.04-07.15.48:352][  0]LogConfig: Setting CVar [[r.Tonemapper.GrainQuantization:1]]
[2022.10.04-07.15.48:352][  0]LogConfig: Setting CVar [[r.LightShaftQuality:1]]
[2022.10.04-07.15.48:352][  0]LogConfig: Setting CVar [[r.Filter.SizeScale:1]]
[2022.10.04-07.15.48:352][  0]LogConfig: Setting CVar [[r.Tonemapper.Quality:5]]
[2022.10.04-07.15.48:352][  0]LogConfig: Setting CVar [[r.DOF.Gather.AccumulatorQuality:1        ; higher gathering accumulator quality]]
[2022.10.04-07.15.48:352][  0]LogConfig: Setting CVar [[r.DOF.Gather.PostfilterMethod:1          ; Median3x3 postfilering method]]
[2022.10.04-07.15.48:352][  0]LogConfig: Setting CVar [[r.DOF.Gather.EnableBokehSettings:0       ; no bokeh simulation when gathering]]
[2022.10.04-07.15.48:352][  0]LogConfig: Setting CVar [[r.DOF.Gather.RingCount:4                 ; medium number of samples when gathering]]
[2022.10.04-07.15.48:352][  0]LogConfig: Setting CVar [[r.DOF.Scatter.ForegroundCompositing:1    ; additive foreground scattering]]
[2022.10.04-07.15.48:352][  0]LogConfig: Setting CVar [[r.DOF.Scatter.BackgroundCompositing:2    ; additive background scattering]]
[2022.10.04-07.15.48:352][  0]LogConfig: Setting CVar [[r.DOF.Scatter.EnableBokehSettings:1      ; bokeh simulation when scattering]]
[2022.10.04-07.15.48:352][  0]LogConfig: Setting CVar [[r.DOF.Scatter.MaxSpriteRatio:0.1         ; only a maximum of 10% of scattered bokeh]]
[2022.10.04-07.15.48:352][  0]LogConfig: Setting CVar [[r.DOF.Recombine.Quality:1                ; cheap slight out of focus]]
[2022.10.04-07.15.48:352][  0]LogConfig: Setting CVar [[r.DOF.Recombine.EnableBokehSettings:0    ; no bokeh simulation on slight out of focus]]
[2022.10.04-07.15.48:352][  0]LogConfig: Setting CVar [[r.DOF.TemporalAAQuality:1                ; more stable temporal accumulation]]
[2022.10.04-07.15.48:352][  0]LogConfig: Setting CVar [[r.DOF.Kernel.MaxForegroundRadius:0.025]]
[2022.10.04-07.15.48:352][  0]LogConfig: Setting CVar [[r.DOF.Kernel.MaxBackgroundRadius:0.025]]
[2022.10.04-07.15.48:352][  0]LogConfig: Applying CVar settings from Section [TextureQuality@3] File [B:/Projects/CPS353-01-Moon-Game/LunarEscape/Saved/Config/Windows/Scalability.ini]
[2022.10.04-07.15.48:352][  0]LogConfig: Setting CVar [[r.Streaming.MipBias:0]]
[2022.10.04-07.15.48:352][  0]LogConfig: Setting CVar [[r.Streaming.AmortizeCPUToGPUCopy:0]]
[2022.10.04-07.15.48:352][  0]LogConfig: Setting CVar [[r.Streaming.MaxNumTexturesToStreamPerFrame:0]]
[2022.10.04-07.15.48:352][  0]LogConfig: Setting CVar [[r.Streaming.Boost:1]]
[2022.10.04-07.15.48:352][  0]LogConfig: Setting CVar [[r.MaxAnisotropy:8]]
[2022.10.04-07.15.48:352][  0]LogConfig: Setting CVar [[r.VT.MaxAnisotropy:8]]
[2022.10.04-07.15.48:352][  0]LogConfig: Setting CVar [[r.Streaming.LimitPoolSizeToVRAM:0]]
[2022.10.04-07.15.48:352][  0]LogConfig: Setting CVar [[r.Streaming.PoolSize:1000]]
[2022.10.04-07.15.48:352][  0]LogConfig: Setting CVar [[r.Streaming.MaxEffectiveScreenSize:0]]
[2022.10.04-07.15.48:352][  0]LogConfig: Applying CVar settings from Section [EffectsQuality@3] File [B:/Projects/CPS353-01-Moon-Game/LunarEscape/Saved/Config/Windows/Scalability.ini]
[2022.10.04-07.15.48:352][  0]LogConfig: Setting CVar [[r.TranslucencyLightingVolumeDim:64]]
[2022.10.04-07.15.48:352][  0]LogConfig: Setting CVar [[r.RefractionQuality:2]]
[2022.10.04-07.15.48:352][  0]LogConfig: Setting CVar [[r.SSR.Quality:3]]
[2022.10.04-07.15.48:352][  0]LogConfig: Setting CVar [[r.SSR.HalfResSceneColor:0]]
[2022.10.04-07.15.48:352][  0]LogConfig: Setting CVar [[r.SceneColorFormat:4]]
[2022.10.04-07.15.48:352][  0]LogConfig: Setting CVar [[r.DetailMode:2]]
[2022.10.04-07.15.48:352][  0]LogConfig: Setting CVar [[r.TranslucencyVolumeBlur:1]]
[2022.10.04-07.15.48:352][  0]LogConfig: Setting CVar [[r.MaterialQualityLevel:1 ; High quality]]
[2022.10.04-07.15.48:352][  0]LogConfig: Setting CVar [[r.AnisotropicMaterials:1]]
[2022.10.04-07.15.48:352][  0]LogConfig: Setting CVar [[r.SSS.Scale:1]]
[2022.10.04-07.15.48:352][  0]LogConfig: Setting CVar [[r.SSS.SampleSet:2]]
[2022.10.04-07.15.48:352][  0]LogConfig: Setting CVar [[r.SSS.Quality:1]]
[2022.10.04-07.15.48:352][  0]LogConfig: Setting CVar [[r.SSS.HalfRes:0]]
[2022.10.04-07.15.48:352][  0]LogConfig: Setting CVar [[r.SSGI.Quality:3]]
[2022.10.04-07.15.48:352][  0]LogConfig: Setting CVar [[r.EmitterSpawnRateScale:1.0]]
[2022.10.04-07.15.48:352][  0]LogConfig: Setting CVar [[r.ParticleLightQuality:2]]
[2022.10.04-07.15.48:352][  0]LogConfig: Setting CVar [[r.SkyAtmosphere.AerialPerspectiveLUT.FastApplyOnOpaque:1 ; Always have FastSkyLUT 1 in this case to avoid wrong sky]]
[2022.10.04-07.15.48:353][  0]LogConfig: Setting CVar [[r.SkyAtmosphere.AerialPerspectiveLUT.SampleCountMaxPerSlice:4]]
[2022.10.04-07.15.48:353][  0]LogConfig: Setting CVar [[r.SkyAtmosphere.AerialPerspectiveLUT.DepthResolution:16.0]]
[2022.10.04-07.15.48:353][  0]LogConfig: Setting CVar [[r.SkyAtmosphere.FastSkyLUT:1]]
[2022.10.04-07.15.48:353][  0]LogConfig: Setting CVar [[r.SkyAtmosphere.FastSkyLUT.SampleCountMin:4.0]]
[2022.10.04-07.15.48:353][  0]LogConfig: Setting CVar [[r.SkyAtmosphere.FastSkyLUT.SampleCountMax:128.0]]
[2022.10.04-07.15.48:353][  0]LogConfig: Setting CVar [[r.SkyAtmosphere.SampleCountMin:4.0]]
[2022.10.04-07.15.48:353][  0]LogConfig: Setting CVar [[r.SkyAtmosphere.SampleCountMax:128.0]]
[2022.10.04-07.15.48:353][  0]LogConfig: Setting CVar [[r.SkyAtmosphere.TransmittanceLUT.UseSmallFormat:0]]
[2022.10.04-07.15.48:353][  0]LogConfig: Setting CVar [[r.SkyAtmosphere.TransmittanceLUT.SampleCount:10.0]]
[2022.10.04-07.15.48:353][  0]LogConfig: Setting CVar [[r.SkyAtmosphere.MultiScatteringLUT.SampleCount:15.0]]
[2022.10.04-07.15.48:353][  0]LogConfig: Setting CVar [[r.SkyLight.RealTimeReflectionCapture:1]]
[2022.10.04-07.15.48:353][  0]LogConfig: Applying CVar settings from Section [FoliageQuality@3] File [B:/Projects/CPS353-01-Moon-Game/LunarEscape/Saved/Config/Windows/Scalability.ini]
[2022.10.04-07.15.48:353][  0]LogConfig: Setting CVar [[foliage.DensityScale:1.0]]
[2022.10.04-07.15.48:353][  0]LogConfig: Setting CVar [[grass.DensityScale:1.0]]
[2022.10.04-07.15.48:353][  0]LogConfig: Applying CVar settings from Section [ShadingQuality@3] File [B:/Projects/CPS353-01-Moon-Game/LunarEscape/Saved/Config/Windows/Scalability.ini]
[2022.10.04-07.15.48:353][  0]LogConfig: Setting CVar [[r.HairStrands.SkyLighting.IntegrationType:2]]
[2022.10.04-07.15.48:353][  0]LogConfig: Setting CVar [[r.HairStrands.SkyAO.SampleCount:4]]
[2022.10.04-07.15.48:353][  0]LogConfig: Setting CVar [[r.HairStrands.Visibility.MSAA.SamplePerPixel:4]]
[2022.10.04-07.15.48:353][  0]LogInit: Selected Device Profile: [Windows]
[2022.10.04-07.15.48:353][  0]LogInit: Applying CVar settings loaded from the selected device profile: [Windows]
[2022.10.04-07.15.48:353][  0]LogHAL: Display: Platform has ~ 16 GB [17122697216 / 17179869184 / 16], which maps to Larger [LargestMinGB=32, LargerMinGB=12, DefaultMinGB=8, SmallerMinGB=6, SmallestMinGB=0)
[2022.10.04-07.15.48:353][  0]LogInit: Going up to parent DeviceProfile []
[2022.10.04-07.15.48:353][  0]LogConfig: Applying CVar settings from Section [ViewDistanceQuality@3] File [B:/Projects/CPS353-01-Moon-Game/LunarEscape/Saved/Config/Windows/Scalability.ini]
[2022.10.04-07.15.48:353][  0]LogConfig: Setting CVar [[r.SkeletalMeshLODBias:0]]
[2022.10.04-07.15.48:353][  0]LogConfig: Setting CVar [[r.ViewDistanceScale:1.0]]
[2022.10.04-07.15.48:353][  0]LogConfig: Applying CVar settings from Section [AntiAliasingQuality@3] File [B:/Projects/CPS353-01-Moon-Game/LunarEscape/Saved/Config/Windows/Scalability.ini]
[2022.10.04-07.15.48:353][  0]LogConfig: Setting CVar [[r.PostProcessAAQuality:4]]
[2022.10.04-07.15.48:353][  0]LogConfig: Applying CVar settings from Section [ShadowQuality@3] File [B:/Projects/CPS353-01-Moon-Game/LunarEscape/Saved/Config/Windows/Scalability.ini]
[2022.10.04-07.15.48:353][  0]LogConfig: Setting CVar [[r.LightFunctionQuality:1]]
[2022.10.04-07.15.48:353][  0]LogConfig: Setting CVar [[r.ShadowQuality:5]]
[2022.10.04-07.15.48:353][  0]LogConfig: Setting CVar [[r.Shadow.CSM.MaxCascades:10]]
[2022.10.04-07.15.48:353][  0]LogConfig: Setting CVar [[r.Shadow.MaxResolution:2048]]
[2022.10.04-07.15.48:353][  0]LogConfig: Setting CVar [[r.Shadow.MaxCSMResolution:2048]]
[2022.10.04-07.15.48:353][  0]LogConfig: Setting CVar [[r.Shadow.RadiusThreshold:0.01]]
[2022.10.04-07.15.48:353][  0]LogConfig: Setting CVar [[r.Shadow.DistanceScale:1.0]]
[2022.10.04-07.15.48:353][  0]LogConfig: Setting CVar [[r.Shadow.CSM.TransitionScale:1.0]]
[2022.10.04-07.15.48:353][  0]LogConfig: Setting CVar [[r.Shadow.PreShadowResolutionFactor:1.0]]
[2022.10.04-07.15.48:353][  0]LogConfig: Setting CVar [[r.DistanceFieldShadowing:1]]
[2022.10.04-07.15.48:353][  0]LogConfig: Setting CVar [[r.DistanceFieldAO:1]]
[2022.10.04-07.15.48:353][  0]LogConfig: Setting CVar [[r.AOQuality:2]]
[2022.10.04-07.15.48:353][  0]LogConfig: Setting CVar [[r.VolumetricFog:1]]
[2022.10.04-07.15.48:353][  0]LogConfig: Setting CVar [[r.VolumetricFog.GridPixelSize:8]]
[2022.10.04-07.15.48:353][  0]LogConfig: Setting CVar [[r.VolumetricFog.GridSizeZ:128]]
[2022.10.04-07.15.48:353][  0]LogConfig: Setting CVar [[r.VolumetricFog.HistoryMissSupersampleCount:4]]
[2022.10.04-07.15.48:353][  0]LogConfig: Setting CVar [[r.LightMaxDrawDistanceScale:1]]
[2022.10.04-07.15.48:353][  0]LogConfig: Setting CVar [[r.CapsuleShadows:1]]
[2022.10.04-07.15.48:353][  0]LogConfig: Applying CVar settings from Section [PostProcessQuality@3] File [B:/Projects/CPS353-01-Moon-Game/LunarEscape/Saved/Config/Windows/Scalability.ini]
[2022.10.04-07.15.48:353][  0]LogConfig: Setting CVar [[r.MotionBlurQuality:4]]
[2022.10.04-07.15.48:353][  0]LogConfig: Setting CVar [[r.AmbientOcclusionMipLevelFactor:0.4]]
[2022.10.04-07.15.48:353][  0]LogConfig: Setting CVar [[r.AmbientOcclusionMaxQuality:100]]
[2022.10.04-07.15.48:353][  0]LogConfig: Setting CVar [[r.AmbientOcclusionLevels:-1]]
[2022.10.04-07.15.48:353][  0]LogConfig: Setting CVar [[r.AmbientOcclusionRadiusScale:1.0]]
[2022.10.04-07.15.48:353][  0]LogConfig: Setting CVar [[r.DepthOfFieldQuality:2]]
[2022.10.04-07.15.48:353][  0]LogConfig: Setting CVar [[r.RenderTargetPoolMin:400]]
[2022.10.04-07.15.48:353][  0]LogConfig: Setting CVar [[r.LensFlareQuality:2]]
[2022.10.04-07.15.48:353][  0]LogConfig: Setting CVar [[r.SceneColorFringeQuality:1]]
[2022.10.04-07.15.48:353][  0]LogConfig: Setting CVar [[r.EyeAdaptationQuality:2]]
[2022.10.04-07.15.48:353][  0]LogConfig: Setting CVar [[r.BloomQuality:5]]
[2022.10.04-07.15.48:353][  0]LogConfig: Setting CVar [[r.FastBlurThreshold:100]]
[2022.10.04-07.15.48:353][  0]LogConfig: Setting CVar [[r.Upscale.Quality:3]]
[2022.10.04-07.15.48:353][  0]LogConfig: Setting CVar [[r.Tonemapper.GrainQuantization:1]]
[2022.10.04-07.15.48:353][  0]LogConfig: Setting CVar [[r.LightShaftQuality:1]]
[2022.10.04-07.15.48:353][  0]LogConfig: Setting CVar [[r.Filter.SizeScale:1]]
[2022.10.04-07.15.48:353][  0]LogConfig: Setting CVar [[r.Tonemapper.Quality:5]]
[2022.10.04-07.15.48:353][  0]LogConfig: Setting CVar [[r.DOF.Gather.AccumulatorQuality:1        ; higher gathering accumulator quality]]
[2022.10.04-07.15.48:353][  0]LogConfig: Setting CVar [[r.DOF.Gather.PostfilterMethod:1          ; Median3x3 postfilering method]]
[2022.10.04-07.15.48:353][  0]LogConfig: Setting CVar [[r.DOF.Gather.EnableBokehSettings:0       ; no bokeh simulation when gathering]]
[2022.10.04-07.15.48:353][  0]LogConfig: Setting CVar [[r.DOF.Gather.RingCount:4                 ; medium number of samples when gathering]]
[2022.10.04-07.15.48:353][  0]LogConfig: Setting CVar [[r.DOF.Scatter.ForegroundCompositing:1    ; additive foreground scattering]]
[2022.10.04-07.15.48:353][  0]LogConfig: Setting CVar [[r.DOF.Scatter.BackgroundCompositing:2    ; additive background scattering]]
[2022.10.04-07.15.48:353][  0]LogConfig: Setting CVar [[r.DOF.Scatter.EnableBokehSettings:1      ; bokeh simulation when scattering]]
[2022.10.04-07.15.48:353][  0]LogConfig: Setting CVar [[r.DOF.Scatter.MaxSpriteRatio:0.1         ; only a maximum of 10% of scattered bokeh]]
[2022.10.04-07.15.48:353][  0]LogConfig: Setting CVar [[r.DOF.Recombine.Quality:1                ; cheap slight out of focus]]
[2022.10.04-07.15.48:353][  0]LogConfig: Setting CVar [[r.DOF.Recombine.EnableBokehSettings:0    ; no bokeh simulation on slight out of focus]]
[2022.10.04-07.15.48:354][  0]LogConfig: Setting CVar [[r.DOF.TemporalAAQuality:1                ; more stable temporal accumulation]]
[2022.10.04-07.15.48:354][  0]LogConfig: Setting CVar [[r.DOF.Kernel.MaxForegroundRadius:0.025]]
[2022.10.04-07.15.48:354][  0]LogConfig: Setting CVar [[r.DOF.Kernel.MaxBackgroundRadius:0.025]]
[2022.10.04-07.15.48:354][  0]LogConfig: Applying CVar settings from Section [TextureQuality@3] File [B:/Projects/CPS353-01-Moon-Game/LunarEscape/Saved/Config/Windows/Scalability.ini]
[2022.10.04-07.15.48:354][  0]LogConfig: Setting CVar [[r.Streaming.MipBias:0]]
[2022.10.04-07.15.48:354][  0]LogConfig: Setting CVar [[r.Streaming.AmortizeCPUToGPUCopy:0]]
[2022.10.04-07.15.48:354][  0]LogConfig: Setting CVar [[r.Streaming.MaxNumTexturesToStreamPerFrame:0]]
[2022.10.04-07.15.48:354][  0]LogConfig: Setting CVar [[r.Streaming.Boost:1]]
[2022.10.04-07.15.48:354][  0]LogConfig: Setting CVar [[r.MaxAnisotropy:8]]
[2022.10.04-07.15.48:354][  0]LogConfig: Setting CVar [[r.VT.MaxAnisotropy:8]]
[2022.10.04-07.15.48:354][  0]LogConfig: Setting CVar [[r.Streaming.LimitPoolSizeToVRAM:0]]
[2022.10.04-07.15.48:354][  0]LogConfig: Setting CVar [[r.Streaming.PoolSize:1000]]
[2022.10.04-07.15.48:354][  0]LogConfig: Setting CVar [[r.Streaming.MaxEffectiveScreenSize:0]]
[2022.10.04-07.15.48:354][  0]LogConfig: Applying CVar settings from Section [EffectsQuality@3] File [B:/Projects/CPS353-01-Moon-Game/LunarEscape/Saved/Config/Windows/Scalability.ini]
[2022.10.04-07.15.48:354][  0]LogConfig: Setting CVar [[r.TranslucencyLightingVolumeDim:64]]
[2022.10.04-07.15.48:354][  0]LogConfig: Setting CVar [[r.RefractionQuality:2]]
[2022.10.04-07.15.48:354][  0]LogConfig: Setting CVar [[r.SSR.Quality:3]]
[2022.10.04-07.15.48:354][  0]LogConfig: Setting CVar [[r.SSR.HalfResSceneColor:0]]
[2022.10.04-07.15.48:354][  0]LogConfig: Setting CVar [[r.SceneColorFormat:4]]
[2022.10.04-07.15.48:354][  0]LogConfig: Setting CVar [[r.DetailMode:2]]
[2022.10.04-07.15.48:354][  0]LogConfig: Setting CVar [[r.TranslucencyVolumeBlur:1]]
[2022.10.04-07.15.48:354][  0]LogConfig: Setting CVar [[r.MaterialQualityLevel:1 ; High quality]]
[2022.10.04-07.15.48:354][  0]LogConfig: Setting CVar [[r.AnisotropicMaterials:1]]
[2022.10.04-07.15.48:354][  0]LogConfig: Setting CVar [[r.SSS.Scale:1]]
[2022.10.04-07.15.48:354][  0]LogConfig: Setting CVar [[r.SSS.SampleSet:2]]
[2022.10.04-07.15.48:354][  0]LogConfig: Setting CVar [[r.SSS.Quality:1]]
[2022.10.04-07.15.48:354][  0]LogConfig: Setting CVar [[r.SSS.HalfRes:0]]
[2022.10.04-07.15.48:354][  0]LogConfig: Setting CVar [[r.SSGI.Quality:3]]
[2022.10.04-07.15.48:354][  0]LogConfig: Setting CVar [[r.EmitterSpawnRateScale:1.0]]
[2022.10.04-07.15.48:354][  0]LogConfig: Setting CVar [[r.ParticleLightQuality:2]]
[2022.10.04-07.15.48:354][  0]LogConfig: Setting CVar [[r.SkyAtmosphere.AerialPerspectiveLUT.FastApplyOnOpaque:1 ; Always have FastSkyLUT 1 in this case to avoid wrong sky]]
[2022.10.04-07.15.48:354][  0]LogConfig: Setting CVar [[r.SkyAtmosphere.AerialPerspectiveLUT.SampleCountMaxPerSlice:4]]
[2022.10.04-07.15.48:354][  0]LogConfig: Setting CVar [[r.SkyAtmosphere.AerialPerspectiveLUT.DepthResolution:16.0]]
[2022.10.04-07.15.48:354][  0]LogConfig: Setting CVar [[r.SkyAtmosphere.FastSkyLUT:1]]
[2022.10.04-07.15.48:354][  0]LogConfig: Setting CVar [[r.SkyAtmosphere.FastSkyLUT.SampleCountMin:4.0]]
[2022.10.04-07.15.48:354][  0]LogConfig: Setting CVar [[r.SkyAtmosphere.FastSkyLUT.SampleCountMax:128.0]]
[2022.10.04-07.15.48:354][  0]LogConfig: Setting CVar [[r.SkyAtmosphere.SampleCountMin:4.0]]
[2022.10.04-07.15.48:354][  0]LogConfig: Setting CVar [[r.SkyAtmosphere.SampleCountMax:128.0]]
[2022.10.04-07.15.48:354][  0]LogConfig: Setting CVar [[r.SkyAtmosphere.TransmittanceLUT.UseSmallFormat:0]]
[2022.10.04-07.15.48:354][  0]LogConfig: Setting CVar [[r.SkyAtmosphere.TransmittanceLUT.SampleCount:10.0]]
[2022.10.04-07.15.48:354][  0]LogConfig: Setting CVar [[r.SkyAtmosphere.MultiScatteringLUT.SampleCount:15.0]]
[2022.10.04-07.15.48:354][  0]LogConfig: Setting CVar [[r.SkyLight.RealTimeReflectionCapture:1]]
[2022.10.04-07.15.48:354][  0]LogConfig: Applying CVar settings from Section [FoliageQuality@3] File [B:/Projects/CPS353-01-Moon-Game/LunarEscape/Saved/Config/Windows/Scalability.ini]
[2022.10.04-07.15.48:354][  0]LogConfig: Setting CVar [[foliage.DensityScale:1.0]]
[2022.10.04-07.15.48:354][  0]LogConfig: Setting CVar [[grass.DensityScale:1.0]]
[2022.10.04-07.15.48:354][  0]LogConfig: Applying CVar settings from Section [ShadingQuality@3] File [B:/Projects/CPS353-01-Moon-Game/LunarEscape/Saved/Config/Windows/Scalability.ini]
[2022.10.04-07.15.48:354][  0]LogConfig: Setting CVar [[r.HairStrands.SkyLighting.IntegrationType:2]]
[2022.10.04-07.15.48:354][  0]LogConfig: Setting CVar [[r.HairStrands.SkyAO.SampleCount:4]]
[2022.10.04-07.15.48:354][  0]LogConfig: Setting CVar [[r.HairStrands.Visibility.MSAA.SamplePerPixel:4]]
[2022.10.04-07.15.48:354][  0]LogConfig: Applying CVar settings from Section [Startup] File [../../../Engine/Config/ConsoleVariables.ini]
[2022.10.04-07.15.48:354][  0]LogConfig: Setting CVar [[net.UseAdaptiveNetUpdateFrequency:0]]
[2022.10.04-07.15.48:354][  0]LogConfig: Setting CVar [[p.chaos.AllowCreatePhysxBodies:1]]
[2022.10.04-07.15.48:354][  0]LogConfig: Setting CVar [[fx.SkipVectorVMBackendOptimizations:1]]
[2022.10.04-07.15.48:354][  0]LogConfig: Applying CVar settings from Section [ConsoleVariables] File [B:/Projects/CPS353-01-Moon-Game/LunarEscape/Saved/Config/Windows/Engine.ini]
[2022.10.04-07.15.48:354][  0]LogConfig: Applying CVar settings from Section [ConsoleVariables] File [B:/Projects/CPS353-01-Moon-Game/LunarEscape/Saved/Config/Windows/Editor.ini]
[2022.10.04-07.15.48:354][  0]LogInit: Computer: BENJI-PC
[2022.10.04-07.15.48:354][  0]LogInit: User: jonnb
[2022.10.04-07.15.48:354][  0]LogInit: CPU Page size=4096, Cores=6
[2022.10.04-07.15.48:354][  0]LogInit: High frequency timer resolution =10.000000 MHz
[2022.10.04-07.15.48:355][  0]LogMemory: Memory total: Physical=15.9GB (16GB approx)
[2022.10.04-07.15.48:355][  0]LogMemory: Platform Memory Stats for Windows
[2022.10.04-07.15.48:355][  0]LogMemory: Process Physical Memory: 147.18 MB used, 147.18 MB peak
[2022.10.04-07.15.48:355][  0]LogMemory: Process Virtual Memory: 128.32 MB used, 128.32 MB peak
[2022.10.04-07.15.48:355][  0]LogMemory: Physical Memory: 13234.25 MB used,  3095.23 MB free, 16329.48 MB total
[2022.10.04-07.15.48:355][  0]LogMemory: Virtual Memory: 134213208.00 MB used,  4523.57 MB free, 134217728.00 MB total
[2022.10.04-07.15.48:362][  0]LogWindows: WindowsPlatformFeatures enabled
[2022.10.04-07.15.48:389][  0]LogInit: Physics initialised using underlying interface: PhysX
[2022.10.04-07.15.48:389][  0]LogInit: Using OS detected language (en-US).
[2022.10.04-07.15.48:389][  0]LogInit: Using OS detected locale (en-US).
[2022.10.04-07.15.48:391][  0]LogTextLocalizationManager: No specific localization for 'en-US' exists, so the 'en' localization will be used.
[2022.10.04-07.15.48:594][  0]LogWindowsTextInputMethodSystem: Display: IME system deactivated.
[2022.10.04-07.15.48:618][  0]LogSlate: New Slate User Created.  User Index 0, Is Virtual User: 0
[2022.10.04-07.15.48:618][  0]LogSlate: Slate User Registered.  User Index 0, Is Virtual User: 0
[2022.10.04-07.15.48:640][  0]LogD3D11RHI: Loaded GFSDK_Aftermath_Lib.x64.dll
[2022.10.04-07.15.48:644][  0]LogHMD: Failed to initialize OpenVR with code 110
[2022.10.04-07.15.48:644][  0]LogD3D11RHI: D3D11 min allowed feature level: 11_0
[2022.10.04-07.15.48:644][  0]LogD3D11RHI: D3D11 max allowed feature level: 11_0
[2022.10.04-07.15.48:644][  0]LogD3D11RHI: D3D11 adapters:
[2022.10.04-07.15.48:732][  0]LogD3D11RHI:    0. 'Radeon RX 580 Series' (Feature Level 11_0)
[2022.10.04-07.15.48:732][  0]LogD3D11RHI:       4074/0/8164 MB DedicatedVideo/DedicatedSystem/SharedSystem, Outputs:1, VendorId:0x1002
[2022.10.04-07.15.48:734][  0]LogD3D11RHI:    1. 'Microsoft Basic Render Driver' (Feature Level 11_0)
[2022.10.04-07.15.48:734][  0]LogD3D11RHI:       0/0/8164 MB DedicatedVideo/DedicatedSystem/SharedSystem, Outputs:0, VendorId:0x1414
[2022.10.04-07.15.48:734][  0]LogD3D11RHI: Chosen D3D11 Adapter:
[2022.10.04-07.15.48:734][  0]LogD3D11RHI:     Description : Radeon RX 580 Series
[2022.10.04-07.15.48:734][  0]LogD3D11RHI:     VendorId    : 1002
[2022.10.04-07.15.48:734][  0]LogD3D11RHI:     DeviceId    : 67df
[2022.10.04-07.15.48:734][  0]LogD3D11RHI:     SubSysId    : 34181462
[2022.10.04-07.15.48:734][  0]LogD3D11RHI:     Revision    : 00e7
[2022.10.04-07.15.48:734][  0]LogD3D11RHI:     DedicatedVideoMemory : 4272939008 bytes
[2022.10.04-07.15.48:734][  0]LogD3D11RHI:     DedicatedSystemMemory : 0 bytes
[2022.10.04-07.15.48:734][  0]LogD3D11RHI:     SharedSystemMemory : 8561348608 bytes
[2022.10.04-07.15.48:735][  0]LogD3D11RHI:     AdapterLuid : 0 69092
[2022.10.04-07.15.48:741][  0]LogD3D11RHI: Creating new Direct3DDevice
[2022.10.04-07.15.48:741][  0]LogD3D11RHI:     GPU DeviceId: 0x67df (for the marketing name, search the web for "GPU Device Id")
[2022.10.04-07.15.48:741][  0]LogWindows: EnumDisplayDevices:
[2022.10.04-07.15.48:741][  0]LogWindows:    0. 'Radeon RX 580 Series' (P:1 D:1)
[2022.10.04-07.15.48:742][  0]LogWindows:    1. 'Radeon RX 580 Series' (P:0 D:0)
[2022.10.04-07.15.48:742][  0]LogWindows:    2. 'Radeon RX 580 Series' (P:0 D:0)
[2022.10.04-07.15.48:743][  0]LogWindows:    3. 'Radeon RX 580 Series' (P:0 D:0)
[2022.10.04-07.15.48:744][  0]LogWindows:    4. 'Radeon RX 580 Series' (P:0 D:0)
[2022.10.04-07.15.48:744][  0]LogWindows:    5. 'Radeon RX 580 Series' (P:0 D:0)
[2022.10.04-07.15.48:745][  0]LogWindows:    6. 'Radeon RX 580 Series' (P:0 D:0)
[2022.10.04-07.15.48:745][  0]LogWindows: DebugString: FoundDriverCount:7 
[2022.10.04-07.15.48:745][  0]LogD3D11RHI:     Adapter Name: Radeon RX 580 Series
[2022.10.04-07.15.48:745][  0]LogD3D11RHI:   Driver Version: AMD Software: Adrenalin Edition 22.9.1 (internal:31.0.12019.11001, unified:31.0.12019.11001)
[2022.10.04-07.15.48:745][  0]LogD3D11RHI:      Driver Date: 9-15-2022
[2022.10.04-07.15.48:745][  0]LogRHI: Texture pool is 2424 MB (70% of 3463 MB)
[2022.10.04-07.15.48:778][  0]LogD3D11RHI: Creating D3DDevice with AMD AGS, using adapter:
[2022.10.04-07.15.48:778][  0]LogD3D11RHI:     Description : Radeon RX 580 Series
[2022.10.04-07.15.48:778][  0]LogD3D11RHI:     VendorId    : 1002
[2022.10.04-07.15.48:778][  0]LogD3D11RHI:     DeviceId    : 67df
[2022.10.04-07.15.48:778][  0]LogD3D11RHI:     SubSysId    : 34181462
[2022.10.04-07.15.48:778][  0]LogD3D11RHI:     Revision    : 00e7
[2022.10.04-07.15.48:778][  0]LogD3D11RHI:     DedicatedVideoMemory : 4272939008 bytes
[2022.10.04-07.15.48:778][  0]LogD3D11RHI:     DedicatedSystemMemory : 0 bytes
[2022.10.04-07.15.48:778][  0]LogD3D11RHI:     SharedSystemMemory : 8561348608 bytes
[2022.10.04-07.15.48:778][  0]LogD3D11RHI:     AdapterLuid : 0 69092
[2022.10.04-07.15.48:855][  0]LogD3D11RHI: Created device via AGS, feature level 11_0, supported extensions 1fffffbf.
[2022.10.04-07.15.48:855][  0]LogD3D11RHI: RHI has support for 64 bit atomics
[2022.10.04-07.15.48:855][  0]LogD3D11RHI: Async texture creation enabled
[2022.10.04-07.15.48:855][  0]LogD3D11RHI: Array index from any shader is supported
[2022.10.04-07.15.48:866][  0]LogD3D11RHI: GPU Timing Frequency: 25.000000 (Debug: 2 1)
[2022.10.04-07.15.49:209][  0]LogTargetPlatformManager: Display: Loaded TargetPlatform 'WindowsNoEditor'
[2022.10.04-07.15.49:214][  0]LogTargetPlatformManager: Display: Loaded TargetPlatform 'Windows'
[2022.10.04-07.15.49:219][  0]LogTargetPlatformManager: Display: Loaded TargetPlatform 'WindowsClient'
[2022.10.04-07.15.49:224][  0]LogTargetPlatformManager: Display: Loaded TargetPlatform 'WindowsServer'
[2022.10.04-07.15.49:224][  0]LogTargetPlatformManager: Display: Building Assets For Windows
[2022.10.04-07.15.49:233][  0]LogAudioDebug: Display: Lib vorbis DLL was dynamically loaded.
[2022.10.04-07.15.49:266][  0]LogTextureFormatOodle: Display: Oodle Texture 2.9.0 init RDO Off
[2022.10.04-07.15.49:301][  0]LogRendererCore: Ray tracing is disabled. Reason: r.RayTracing=0.
[2022.10.04-07.15.49:302][  0]LogShaderCompilers: Guid format shader working directory is 2 characters bigger than the processId version (B:/Projects/CPS353-01-Moon-Game/LunarEscape/Intermediate/Shaders/WorkingDirectory/14040/).
[2022.10.04-07.15.49:302][  0]LogShaderCompilers: Cleaned the shader compiler working directory 'C:/Users/jonnb/AppData/Local/Temp/UnrealShaderWorkingDir/FC84F54648478DC457C07F8A8517C0B7/'.
[2022.10.04-07.15.49:302][  0]LogXGEController: Cannot use XGE Controller as Incredibuild is not installed on this machine.
[2022.10.04-07.15.49:302][  0]LogShaderCompilers: Cannot use XGE Shader Compiler as Incredibuild is not installed on this machine.
[2022.10.04-07.15.49:302][  0]LogShaderCompilers: Display: Using Local Shader Compiler.
[2022.10.04-07.15.50:080][  0]LogDerivedDataCache: Display: Max Cache Size: 512 MB
[2022.10.04-07.15.50:395][  0]LogDerivedDataCache: Loaded boot cache 0.31s 94MB C:/Users/jonnb/AppData/Local/UnrealEngine/4.27/DerivedDataCache/Boot.ddc.
[2022.10.04-07.15.50:395][  0]LogDerivedDataCache: Display: Loaded Boot cache: C:/Users/jonnb/AppData/Local/UnrealEngine/4.27/DerivedDataCache/Boot.ddc
[2022.10.04-07.15.50:395][  0]LogDerivedDataCache: FDerivedDataBackendGraph:  Pak pak cache file B:/Projects/CPS353-01-Moon-Game/LunarEscape/DerivedDataCache/DDC.ddp not found, will not use a pak cache.
[2022.10.04-07.15.50:395][  0]LogDerivedDataCache: Unable to find inner node Pak for hierarchical cache Hierarchy.
[2022.10.04-07.15.50:395][  0]LogDerivedDataCache: FDerivedDataBackendGraph:  CompressedPak pak cache file B:/Projects/CPS353-01-Moon-Game/LunarEscape/DerivedDataCache/Compressed.ddp not found, will not use a pak cache.
[2022.10.04-07.15.50:395][  0]LogDerivedDataCache: Unable to find inner node CompressedPak for hierarchical cache Hierarchy.
[2022.10.04-07.15.50:423][  0]LogDerivedDataCache: Display: Pak cache opened for reading ../../../Engine/DerivedDataCache/Compressed.ddp.
[2022.10.04-07.15.50:423][  0]LogDerivedDataCache: FDerivedDataBackendGraph:  EnterprisePak pak cache file ../../../Enterprise/DerivedDataCache/Compressed.ddp not found, will not use a pak cache.
[2022.10.04-07.15.50:423][  0]LogDerivedDataCache: Unable to find inner node EnterprisePak for hierarchical cache Hierarchy.
[2022.10.04-07.15.50:438][  0]LogDerivedDataCache: Speed tests for C:/Users/jonnb/AppData/Local/UnrealEngine/Common/DerivedDataCache took 0.02 seconds
[2022.10.04-07.15.50:438][  0]LogDerivedDataCache: Display: Performance to C:/Users/jonnb/AppData/Local/UnrealEngine/Common/DerivedDataCache: Latency=0.03ms. RandomReadSpeed=91.10MBs, RandomWriteSpeed=200.98MBs. Assigned SpeedClass 'Local'
[2022.10.04-07.15.50:439][  0]LogDerivedDataCache: Using Local data cache path C:/Users/jonnb/AppData/Local/UnrealEngine/Common/DerivedDataCache: Writable
[2022.10.04-07.15.50:439][  0]LogDerivedDataCache: Shared data cache path not found in *engine.ini, will not use an Shared cache.
[2022.10.04-07.15.50:439][  0]LogDerivedDataCache: Unable to find inner node Shared for hierarchical cache Hierarchy.
[2022.10.04-07.15.50:510][  0]LogSlate: Using FreeType 2.10.0
[2022.10.04-07.15.50:546][  0]LogSlate: SlateFontServices - WITH_FREETYPE: 1, WITH_HARFBUZZ: 1
[2022.10.04-07.15.51:337][  0]LogInit: Using OS detected language (en-US).
[2022.10.04-07.15.51:337][  0]LogInit: Using OS detected locale (en-US).
[2022.10.04-07.15.51:337][  0]LogTextLocalizationManager: No localization for 'en-US' exists, so 'en' will be used for the language.
[2022.10.04-07.15.51:337][  0]LogTextLocalizationManager: No localization for 'en-US' exists, so 'en' will be used for the locale.
[2022.10.04-07.15.51:337][  0]LogSlate: FontCache flush requested. Reason: Culture for localization was changed
[2022.10.04-07.15.51:337][  0]LogSlate: FontCache flush requested. Reason: Culture for localization was changed
[2022.10.04-07.15.51:363][  0]LogTextLocalizationManager: Compacting localization data took   0.00ms
[2022.10.04-07.15.51:363][  0]LogAssetRegistry: FAssetRegistry took 0.0016 seconds to start up
[2022.10.04-07.15.51:562][  0]LogPackageLocalizationCache: Processed 27 localized package path(s) for 1 prioritized culture(s) in 0.021378 seconds
[2022.10.04-07.15.51:639][  0]LogInit: Selected Device Profile: [Windows]
[2022.10.04-07.15.51:639][  0]LogInit: Active device profile: [000001B656CC8D00][000001B651BB4940 49] Windows
[2022.10.04-07.15.51:639][  0]LogInit: Profiles: [000001B656CC8D00][000001B651BB4940 49] Windows, [000001B656C89E00][000001B651BBCAC0 49] WindowsNoEditor, [000001B656CC9C00][000001B6515B2C40 49] WindowsServer, [000001B656C8AC00][000001B6515B6DC0 49] WindowsClient, [000001B656CCA900][000001B6515BAF40 49] IOS, [000001B656C89500][000001B6515BF0C0 49] iPadAir, [000001B656CCBE00][000001B6515C3240 49] iPadAir2, [000001B656C31000][000001B651BB94C0 49] IPadPro, [000001B656C31100][000001B6515C7500 49] iPadAir3, [000001B656C88C00][000001B6515CB640 49] iPadAir4, [000001B656C31D00][000001B6515CF780 49] iPadMini2, [000001B656C8AE00][000001B6515D38C0 49] iPadMini3, [000001B656C33800][000001B6515DBA40 49] iPadMini4, [000001B656C8BD00][000001B6515DFBC0 49] iPadMini5, [000001B656C70A00][000001B6515E6300 49] iPhone6, [000001B656C70B00][000001B6515E2340 49] iPodTouch6, [000001B656CCAD00][000001B6515EE600 49] iPhone7, [000001B656CCAE00][000001B6515EA640 49] iPodTouch7, [000001B656C32300][000001B6515F27C0 49] iPhone5S, [000001B656CC9000][000001B6515F6940 49] iPhone6Plus, [000001B656C70100][000001B6515FAAC0 49] iPhone6S, [000001B656C30300][000001B64E3B0C40 49] iPhone6SPlus, [000001B656C72900][000001B64E3B4DC0 49] iPhone7Plus, [000001B656C32100][000001B64E3B8F40 49] iPhoneSE, [000001B656C72700][000001B64E3BD0C0 49] iPhone8, [000001B656C30700][000001B64E3C1240 49] iPhone8Plus, [000001B656C73200][000001B64E3C53C0 49] iPhoneX, [000001B656CC9500][000001B64E3C9540 49] iPhoneXS, [000001B656C72C00][000001B64E3CD6C0 49] iPhoneXSMax, [000001B656CC9A00][000001B6515D7800 49] iPhoneXR, [000001B656C70600][000001B64E3D1940 49] iPhone11, [000001B656CCAA00][000001B64E3D5A80 49] iPhone11Pro, [000001B656C71B00][000001B64E3DDC00 49] iPhone11ProMax, [000001B656CC8F00][000001B64E3E0200 49] iPhoneSE2, [000001B656C73B00][000001B64E3E4380 49] iPhone12Mini, [000001B656CCA300][000001B64E3E8500 49] iPhone12, [000001B656C70C00][000001B64E3EC680 49] iPhone12Pro, [000001B656CCBF00][000001B64E3F0800 49] iPhone12ProMax, [000001B656C71600][000001B64E3F4980 49] iPadPro105, [000001B656CC8900][000001B64E3F8B00 49] iPadPro129, [000001B656C73E00][000001B64E3FCC80 49] iPadPro97, [000001B656CCB700][000001B64E400E00 49] iPadPro2_129, [000001B656C72D00][000001B64E404F80 49] iPad5, [000001B656CCA100][000001B64E409100 49] iPad6, [000001B656C71200][000001B64E40D280 49] iPad7, [000001B656CC9100][000001B64E411400 49] iPad8, [000001B656C70500][000001B64E415580 49] iPadPro11, [000001B656CC9900][000001B64E419700 49] iPadPro2_11, [000001B656C72F00][000001B64E41D880 49] iPadPro3_129, [000001B656CCB800][000001B64E3D99C0 49] iPadPro4_129, [000001B656C73300][000001B64E421B00 49] AppleTV, [000001B656CCA600][000001B64E4240C0 49] AppleTV4K, [000001B656C72B00][000001B64E42C240 49] TVOS, [000001B656CC9F00][000001B64E4303C0 49] Mac, [000001B656C71400][000001B64E434540 49] MacClient, [000001B656CCB900][000001B64E4386C0 49] MacNoEditor, [000001B656C73600][000001B64E43C840 49] MacServer, [000001B656CC9B00][000001B64E4409C0 49] Linux, [000001B656C71D00][000001B64E444B40 49] LinuxAArch64, [000001B656CC9800][000001B64E448CC0 49] LinuxNoEditor, [000001B656C72400][000001B64E44CE40 49] LinuxAArch64NoEditor, [000001B656CC8E00][000001B64EE3EFC0 49] LinuxClient, [000001B656C73800][000001B64EE43140 49] LinuxAArch64Client, [000001B656CCA700][000001B64EE472C0 49] LinuxServer, [000001B656C70900][000001B64EE4B440 49] LinuxAArch64Server, [000001B656CC9200][000001B64EE4F5C0 49] Android, [000001B656C73000][000001B64EE53740 49] Android_Low, [000001B656CC8A00][000001B64EE578C0 49] Android_Mid, [000001B656C73900][000001B64EE5BA40 49] Android_High, [000001B656CCBD00][000001B64E429B80 49] Android_Default, [000001B656C72600][000001B64EE5E140 49] Android_Adreno4xx, [000001B656CCB400][000001B64EE62280 49] Android_Adreno5xx_Low, [000001B656C71000][000001B64EE663C0 49] Android_Adreno5xx, [000001B656CC8200][000001B64EE6E540 49] Android_Adreno6xx, [000001B656C88500][000001B64EE726C0 49] Android_Adreno6xx_Vulkan, [000001B656C31F00][000001B64EE76840 49] Android_Mali_T6xx, [000001B656C88600][000001B64EE7A9C0 49] Android_Mali_T7xx, [000001B656C30100][000001B64EE7EB40 49] Android_Mali_T8xx, [000001B656C88100][000001B64EE82CC0 49] Android_Mali_G71, [000001B656C33300][000001B64EE86E40 49] Android_Mali_G72, [000001B656C89000][000001B64EE8AFC0 49] Android_Mali_G72_Vulkan, [000001B656C31700][000001B64EE8F140 49] Android_Mali_G76, [000001B656C8B300][000001B64EE932C0 49] Android_Mali_G76_Vulkan, [000001B656C32900][000001B64EE97440 49] Android_Mali_G77, [000001B656C8B700][000001B64EE9B5C0 49] Android_Mali_G77_Vulkan, [000001B656C31500][000001B64EE9F740 49] Android_Mali_G78, [000001B656C89D00][000001B64EEA38C0 49] Android_Mali_G78_Vulkan, [000001B656C30400][000001B64EEA7A40 49] Android_Mali_G710, [000001B656C88300][000001B64EEABBC0 49] Android_Mali_G710_Vulkan, [000001B656C30200][000001B64EE6A180 49] Android_Vulkan_SM5, [000001B656C88700][000001B64EEAE2C0 49] Android_PowerVR_G6xxx, [000001B656C32400][000001B64EEB2400 49] Android_PowerVR_GT7xxx, [000001B656C8A300][000001B64EEB6540 49] Android_PowerVR_GE8xxx, [000001B656C31400][000001B64EEBE6C0 49] Android_PowerVR_GM9xxx, [000001B656C88200][000001B64EEC2840 49] Android_PowerVR_GM9xxx_Vulkan, [000001B656C32600][000001B64EEC69C0 49] Android_TegraK1, [000001B656C8B500][000001B64EECAB40 49] Android_Unknown_Vulkan, [000001B656C33B00][000001B64EECECC0 49] Lumin, [000001B656C8BA00][000001B64EED2E40 49] Lumin_Desktop, [000001B656C30B00][000001B64EED6FC0 49] HoloLens, 
[2022.10.04-07.15.52:260][  0]LogMeshReduction: Using QuadricMeshReduction for automatic static mesh reduction
[2022.10.04-07.15.52:260][  0]LogMeshReduction: Using SimplygonMeshReduction for automatic skeletal mesh reduction
[2022.10.04-07.15.52:260][  0]LogMeshReduction: Using ProxyLODMeshReduction for automatic mesh merging
[2022.10.04-07.15.52:260][  0]LogMeshReduction: No distributed automatic mesh merging module available
[2022.10.04-07.15.52:260][  0]LogMeshMerging: No distributed automatic mesh merging module available
[2022.10.04-07.15.52:348][  0]LogNetVersion: LunarEscape 1.0.0, NetCL: 17155196, EngineNetVer: 17, GameNetVer: 0 (Checksum: 1900145690)
[2022.10.04-07.15.54:671][  0]LogTexture: Default maximum texture size for cubemaps generated from long-lat sources has been changed from 512 to unlimited. In order to preserve old behaiour for '/Engine/MapTemplates/Sky/DaylightAmbientCubemap.DaylightAmbientCubemap', its maximum texture size has been explicitly set to 512.
[2022.10.04-07.15.54:830][  0]LogHMD: PokeAHoleMaterial loaded successfully
[2022.10.04-07.15.55:810][  0]LogMoviePlayer: Initializing movie player
[2022.10.04-07.15.56:170][  0]LogNiagaraDebuggerClient: Niagara Debugger Client Initialized | Session: D6852A0848E9867D0FCE13B79C710965 | Instance: 3FF921FD46D92F4FD27162AD0EBBA2EC (BENJI-PC-14040).
[2022.10.04-07.15.56:287][  0]LogCollectionManager: Loaded 0 collections in 0.000872 seconds
[2022.10.04-07.15.56:290][  0]LogFileCache: Scanning file cache for directory 'B:/Projects/CPS353-01-Moon-Game/LunarEscape/Saved/Collections/' took 0.00s
[2022.10.04-07.15.56:291][  0]LogFileCache: Scanning file cache for directory 'B:/Projects/CPS353-01-Moon-Game/LunarEscape/Content/Developers/jonnb/Collections/' took 0.00s
[2022.10.04-07.15.56:291][  0]LogFileCache: Scanning file cache for directory 'B:/Projects/CPS353-01-Moon-Game/LunarEscape/Content/Collections/' took 0.00s
[2022.10.04-07.15.56:291][  0]LogCollectionManager: Fixed up redirectors for 0 collections in 0.000002 seconds (updated 0 objects)
[2022.10.04-07.15.56:790][  0]LogPython: Using Python 3.7.7
[2022.10.04-07.15.57:875][  0]LogTcpMessaging: Initializing TcpMessaging bridge
[2022.10.04-07.15.57:886][  0]LogUdpMessaging: Initializing bridge on interface 0.0.0.0:0 to multicast group 230.0.0.1:6666.
[2022.10.04-07.15.58:259][  0]SourceControl: Source control is disabled
[2022.10.04-07.15.58:259][  0]SourceControl: Source control is disabled
[2022.10.04-07.15.58:285][  0]LogUProjectInfo: Found projects:
[2022.10.04-07.15.58:334][  0]SourceControl: Source control is disabled
[2022.10.04-07.15.58:688][  0]LogOpenImageDenoise: OIDN starting up
[2022.10.04-07.15.58:857][  0]LogAndroidPermission: UAndroidPermissionCallbackProxy::GetInstance
[2022.10.04-07.15.58:915][  0]LogAudioCaptureCore: Display: No Audio Capture implementations found. Audio input will be silent.
[2022.10.04-07.15.58:916][  0]LogAudioCaptureCore: Display: No Audio Capture implementations found. Audio input will be silent.
[2022.10.04-07.15.59:188][  0]LogOcInput: OculusInput pre-init called
[2022.10.04-07.15.59:197][  0]LogUObjectArray: 22121 objects as part of root set at end of initial load.
[2022.10.04-07.15.59:197][  0]LogUObjectAllocator: 5975632 out of 0 bytes used by permanent object pool.
[2022.10.04-07.15.59:197][  0]LogUObjectArray: CloseDisregardForGC: 0/0 objects in disregard for GC pool
[2022.10.04-07.15.59:393][  0]LogEngine: Initializing Engine...
[2022.10.04-07.15.59:415][  0]LogHMD: Failed to enumerate extensions. Please check that you have a valid OpenXR runtime installed.
[2022.10.04-07.15.59:415][  0]LogHMD: Failed to initialize OpenVR with code 110
[2022.10.04-07.15.59:415][  0]LogMagicLeap: Warning: VR disabled because ZI is not enabled.  To enable, in the editor, Edit -> Project Settings -> Plugins -> Magic Leap Plugin -> Enable Zero Iteration
[2022.10.04-07.15.59:416][  0]LogStats: UGameplayTagsManager::InitializeManager -  0.000 s
[2022.10.04-07.15.59:818][  0]LogInit: Initializing FReadOnlyCVARCache
[2022.10.04-07.15.59:818][  0]LogAudio: Display: Initializing Audio Device Manager...
[2022.10.04-07.15.59:879][  0]LogAudio: Display: Loading Default Audio Settings Objects...
[2022.10.04-07.15.59:895][  0]LogAudio: Display: No default SoundConcurrencyObject specified (or failed to load).
[2022.10.04-07.15.59:908][  0]LogAudio: Display: Audio Device Manager Initialized
[2022.10.04-07.15.59:909][  0]LogAudio: Display: Creating Audio Device:                 Id: 1, Scope: Shared, Realtime: True
[2022.10.04-07.15.59:909][  0]LogAudioMixer: Display: Audio Mixer Platform Settings:
[2022.10.04-07.15.59:909][  0]LogAudioMixer: Display: 	Sample Rate:						  48000
[2022.10.04-07.15.59:909][  0]LogAudioMixer: Display: 	Callback Buffer Frame Size Requested: 1024
[2022.10.04-07.15.59:909][  0]LogAudioMixer: Display: 	Callback Buffer Frame Size To Use:	  1024
[2022.10.04-07.15.59:909][  0]LogAudioMixer: Display: 	Number of buffers to queue:			  2
[2022.10.04-07.15.59:909][  0]LogAudioMixer: Display: 	Max Channels (voices):				  32
[2022.10.04-07.15.59:909][  0]LogAudioMixer: Display: 	Number of Async Source Workers:		  0
[2022.10.04-07.15.59:909][  0]LogAudio: Display: AudioDevice MaxSources: 32
[2022.10.04-07.15.59:909][  0]LogAudio: Display: Audio Spatialization Plugin: None (built-in).
[2022.10.04-07.15.59:909][  0]LogAudio: Display: Audio Reverb Plugin: None (built-in).
[2022.10.04-07.15.59:909][  0]LogAudio: Display: Audio Occlusion Plugin: None (built-in).
[2022.10.04-07.15.59:909][  0]LogAudioMixer: Display: Initializing audio mixer.
[2022.10.04-07.15.59:975][  0]LogAudioMixer: Display: 0: FrontLeft
[2022.10.04-07.15.59:975][  0]LogAudioMixer: Display: 1: FrontRight
[2022.10.04-07.15.59:996][  0]LogAudioMixer: Display: Using Audio Device Speakers (2- Samson Q2U Microphone)
[2022.10.04-07.15.59:999][  0]LogAudioMixer: Display: Initializing Sound Submixes...
[2022.10.04-07.16.00:022][  0]LogAudioMixer: Display: Creating Master Submix 'MasterSubmixDefault'
[2022.10.04-07.16.00:022][  0]LogAudioMixer: Display: Creating Master Submix 'MasterReverbSubmixDefault'
[2022.10.04-07.16.00:025][  0]LogAudioMixer: Display: Creating Master Submix 'MasterEQSubmixDefault'
[2022.10.04-07.16.00:025][  0]LogAudioMixer: FMixerPlatformXAudio2::StartAudioStream() called
[2022.10.04-07.16.00:025][  0]LogAudioMixer: Display: Output buffers initialized: Frames=1024, Channels=2, Samples=2048
[2022.10.04-07.16.00:026][  0]LogAudioMixer: Display: Starting AudioMixerPlatformInterface::RunInternal()
[2022.10.04-07.16.00:026][  0]LogAudioMixer: Display: FMixerPlatformXAudio2::SubmitBuffer() called for the first time
[2022.10.04-07.16.00:026][  0]LogInit: FAudioDevice initialized.
[2022.10.04-07.16.00:046][  0]LogNetVersion: Set ProjectVersion to 1.0.0.0. Version Checksum will be recalculated on next use.
[2022.10.04-07.16.00:048][  0]LogInit: Texture streaming: Enabled
[2022.10.04-07.16.01:107][  0]LogAudio: Display: Audio Device (ID: 1) registered with world 'Untitled'.
[2022.10.04-07.16.01:118][  0]LogSlate: Updating window title bar state: overlay mode, drag disabled, window buttons hidden, title bar hidden
[2022.10.04-07.16.01:124][  0]LogInit: Display: Game Engine Initialized.
[2022.10.04-07.16.01:148][  0]LogNiagaraEditor: GEditor isn't valid! Particle reset commands will not work for Niagara components!
[2022.10.04-07.16.01:822][  0]LogInit: Display: Starting Game.
[2022.10.04-07.16.01:842][  0]LogNet: Browse: /Game/Ben/Lock-UnlockDoors?Name=Player
[2022.10.04-07.16.01:851][  0]LogLoad: LoadMap: /Game/Ben/Lock-UnlockDoors?Name=Player
[2022.10.04-07.16.01:851][  0]LogWorld: BeginTearingDown for /Temp/Untitled_0
[2022.10.04-07.16.01:853][  0]LogWorld: UWorld::CleanupWorld for Untitled, bSessionEnded=true, bCleanupResources=true
[2022.10.04-07.16.01:853][  0]LogSlate: InvalidateAllWidgets triggered.  All widgets were invalidated
[2022.10.04-07.16.01:857][  0]LogAudio: Display: Audio Device unregistered from world 'None'.
[2022.10.04-07.16.01:879][  0]LogUObjectHash: Compacting FUObjectHashTables data took   0.72ms
[2022.10.04-07.16.02:712][  0]LogAudio: Display: Audio Device (ID: 1) registered with world 'Lock-UnlockDoors'.
[2022.10.04-07.16.02:770][  0]LogAIModule: Creating AISystem for world Lock-UnlockDoors
[2022.10.04-07.16.02:788][  0]LogLoad: Game class is 'ThirdPersonGameMode_C'
[2022.10.04-07.16.02:795][  0]LogWorld: Bringing World /Game/Ben/Lock-UnlockDoors.Lock-UnlockDoors up for play (max tick rate 0) at 2022.10.04-03.16.02
[2022.10.04-07.16.02:795][  0]LogWorld: Bringing up level for play took: 0.003919
[2022.10.04-07.16.02:846][  0]LogLoad: Took 0.995100 seconds to LoadMap(/Game/Ben/Lock-UnlockDoors)
[2022.10.04-07.16.03:006][  0]LogRenderer: Reallocating scene render targets to support 1280x720 Format 10 NumSamples 1 (Frame:1).
[2022.10.04-07.16.03:006][  0]LogSlate: Took 0.084096 seconds to synchronously load lazily loaded font '../../../Engine/Content/Slate/Fonts/Roboto-Regular.ttf' (155K)
[2022.10.04-07.16.03:144][  0]LogInit: Display: Engine is initialized. Leaving FEngineLoop::Init()
[2022.10.04-07.16.03:144][  0]LogLoad: (Engine Initialization) Total time: 16.11 seconds
[2022.10.04-07.16.03:144][  0]LogLoad: (Engine Initialization) Total Blueprint compile time: 0.00 seconds
[2022.10.04-07.16.03:259][  0]LogContentStreaming: Texture pool size now 1000 MB
[2022.10.04-07.16.03:295][  0]LogSlate: InvalidateAllWidgets triggered.  All widgets were invalidated
[2022.10.04-07.16.03:435][  1]LogSlate: Took 0.000301 seconds to synchronously load lazily loaded font '../../../Engine/Content/Slate/Fonts/Roboto-Regular.ttf' (155K)
[2022.10.04-07.16.24:943][707]LogSlate: Window 'LunarEscape (64-bit Development PCD3D_SM5) ' being destroyed
[2022.10.04-07.16.24:943][707]LogWindowsTextInputMethodSystem: Display: IME system deactivated.
[2022.10.04-07.16.24:949][707]LogSlate: Updating window title bar state: overlay mode, drag disabled, window buttons hidden, title bar hidden
[2022.10.04-07.16.24:949][707]LogEngine: All Windows Closed
[2022.10.04-07.16.24:949][707]LogWindows: FPlatformMisc::RequestExit(0)
[2022.10.04-07.16.24:949][707]LogWindows: FPlatformMisc::RequestExitWithStatus(0, 0)
[2022.10.04-07.16.24:949][707]LogCore: Engine exit requested (reason: Win RequestExit)
[2022.10.04-07.16.24:971][708]LogCore: Engine exit requested (reason: EngineExit() was called; note: exit was already requested)
[2022.10.04-07.16.24:989][708]LogInit: Display: PreExit Game.
[2022.10.04-07.16.24:989][708]LogWorld: BeginTearingDown for /Game/Ben/Lock-UnlockDoors
[2022.10.04-07.16.24:989][708]LogWorld: UWorld::CleanupWorld for Lock-UnlockDoors, bSessionEnded=true, bCleanupResources=true
[2022.10.04-07.16.24:989][708]LogSlate: InvalidateAllWidgets triggered.  All widgets were invalidated
[2022.10.04-07.16.25:451][708]LogAudio: Display: Beginning Audio Device Manager Shutdown (Module: AudioMixerXAudio2)...
[2022.10.04-07.16.25:451][708]LogAudio: Display: Destroying 1 Remaining Audio Device(s)...
[2022.10.04-07.16.25:451][708]LogAudio: Display: Audio Device unregistered from world 'Lock-UnlockDoors'.
[2022.10.04-07.16.25:499][708]LogAudioMixer: FMixerPlatformXAudio2::StopAudioStream() called
[2022.10.04-07.16.25:500][708]LogAudioMixer: FMixerPlatformXAudio2::StopAudioStream() called
[2022.10.04-07.16.25:502][708]LogAudio: Display: Audio Device Manager Shutdown
[2022.10.04-07.16.25:522][708]LogExit: Preparing to exit.
[2022.10.04-07.16.25:942][708]LogSlate: Updating window title bar state: overlay mode, drag disabled, window buttons hidden, title bar hidden
[2022.10.04-07.16.25:984][708]LogUObjectHash: Compacting FUObjectHashTables data took   0.82ms
[2022.10.04-07.16.26:052][708]LogMoviePlayer: Shutting down movie player
[2022.10.04-07.16.26:705][708]LogDemo: Cleaned up 0 splitscreen connections with owner deletion
[2022.10.04-07.16.26:778][708]LogExit: Game engine shut down
